[16:20:47] I/launcher - Running 1 instances of WebDriver
[16:20:47] I/hosted - Using the selenium server at http://localhost:4444/wd/hub
Started
null
test_step_inputdemouser
test_step_inputdemouser1
test_step_click Login
test_step_click Variable Impact Report
presence
Assertion Passed: Expected element xpath /html/body/app-root/app-layout/section/app-impact/div[1]/app-page-header/div/div/ol/li[1]/a is present in current page. :Assertion Passed
presence
Assertion Passed: Expected element xpath /html/body/app-root/app-layout/section/app-impact/div[1]/app-page-header/div/div/ol/li[2] is present in current page. :Assertion Passed
presence
Assertion Passed: Expected element xpath /html/body/app-root/app-layout/section/app-impact/div[3]/div[1]/label is present in current page. :Assertion Passed
presence
Assertion Passed: Expected element xpath /html/body/app-root/app-layout/section/app-impact/div[3]/div[2]/input is present in current page. :Assertion Passed
presence
Assertion Passed: Expected element xpath /html/body/app-root/app-layout/section/app-impact/div[3]/div[3]/button is present in current page. :Assertion Passed
test_step_click Log Out
[32m.[0m


1 spec, 0 failures
Finished in 21.471 seconds

[16:21:12] I/launcher - 0 instance(s) of WebDriver still running
[16:21:12] I/launcher - chrome #01 passed
