[14:20:14] I/launcher - Running 1 instances of WebDriver
[14:20:14] I/hosted - Using the selenium server at http://localhost:4444/wd/hub
Started
null
test_step_inputadmin
test_step_inputadmin1
test_step_click Login
test_step_click Business Rule Extraction
test_step_click Rules report
presence
xpath in same page
assert Rules report
Rules report
Assertion Passed: Expected Rules report for the Xpath/html/body/app-root/app-layout/section/app-bre/div[1]/app-page-header/div/div/ol/li[2] contain  Rules report . :Assertion Passed
test_step_click Sankey Diagram
presence
xpath in same page
assert Sankey Diagram
Sankey Diagram
Assertion Passed: Expected Sankey Diagram for the Xpath/html/body/app-root/app-layout/section/app-sankey/div[1]/app-page-header/div/div/ol/li[2] contain  Sankey Diagram . :Assertion Passed
[32m.[0m


1 spec, 0 failures
Finished in 33.008 seconds

[14:20:54] I/launcher - 0 instance(s) of WebDriver still running
[14:20:54] I/launcher - chrome #01 passed
