[11:32:27] I/launcher - Running 1 instances of WebDriver
[11:32:27] I/hosted - Using the selenium server at http://localhost:4444/wd/hub
Started
null
test_step_inputdemouser
test_step_inputdemouser1
test_step_click Login
test_step_click Flow Diagrams
test_step_click Program Process Flow
Assertion Passed: Expected Program Process Flow Diagram for the Xpath/html/body/app-root/app-layout/section/app-programprocessflow/div[1]/app-page-header/div/div/ol/li[2] contain Program Process Flow Diagram. :Assertion Passed
presence
Assertion Passed: Expected element xpath /html/body/app-root/app-layout/section/app-programprocessflow/div[4]/div[1]/label is present in current page. :Assertion Passed
presence
Assertion Passed: Expected element xpath /html/body/app-root/app-layout/section/app-programprocessflow/div[4]/div[2]/select is present in current page. :Assertion Passed
presence
Assertion Passed: Expected element xpath /html/body/app-root/app-layout/section/app-programprocessflow/div[4]/div[3]/label is present in current page. :Assertion Passed
presence
Assertion Passed: Expected element xpath /html/body/app-root/app-layout/section/app-programprocessflow/div[4]/div[4]/select is present in current page. :Assertion Passed
presence
Assertion Passed: Expected element xpath /html/body/app-root/app-layout/section/app-programprocessflow/div[4]/div[5]/button is present in current page. :Assertion Passed
test_step_click Log Out
[32m.[0m


1 spec, 0 failures
Finished in 37.702 seconds

[11:33:12] I/launcher - 0 instance(s) of WebDriver still running
[11:33:12] I/launcher - chrome #01 passed
