[13:01:39] I/launcher - Running 1 instances of WebDriver
[13:01:39] I/hosted - Using the selenium server at http://localhost:4444/wd/hub
Started
null
test_step_inputadmin
test_step_inputadmin1
test_step_click Login
test_step_click Technical Debt Report
test_step_click Dead Para Report
test_step_click All
test_step_click Submit
Assertion Passed: Expected Dead Report for the Xpath/html/body/app-root/app-layout/section/app-deadparaapp/div[1]/app-page-header/div/div/ol/li[2] contain Dead Report. :Assertion Passed
Assertion Passed: Expected Showing 1 to 4 of 4 entries for the Xpath/html/body/app-root/app-layout/section/app-deadparaapp/div[4]/div/div/div/div[4] is equal toShowing 1 to 4 of 4 entries. :Assertion Passed
test_step_click Miscellaneous
test_step_click Submit
Assertion Passed: Expected Showing 1 to 2 of 2 entries for the Xpath/html/body/app-root/app-layout/section/app-deadparaapp/div[4]/div/div/div/div[4] is equal toShowing 1 to 2 of 2 entries. :Assertion Passed
test_step_click Log Out
[32m.[0m


1 spec, 0 failures
Finished in 34.446 seconds

[13:02:20] I/launcher - 0 instance(s) of WebDriver still running
[13:02:20] I/launcher - chrome #01 passed
