[12:06:52] I/launcher - Running 1 instances of WebDriver
[12:06:52] I/hosted - Using the selenium server at http://localhost:4444/wd/hub
Started
null
test_step_inputdemouser
test_step_inputdemouser1
test_step_click Login
[12:07:23] W/element - more than one element found for locator By(xpath,  //a[@href="/plsql/missingcompApplication"]) - the first result will be used
[12:07:23] W/element - more than one element found for locator By(xpath,  //a[@href="/plsql/missingcompApplication"]) - the first result will be used
[12:07:23] W/element - more than one element found for locator By(xpath,  //a[@href="/plsql/missingcompApplication"]) - the first result will be used
test_step_click   Missing Component
[12:07:23] W/element - more than one element found for locator By(xpath,  //a[@href="/plsql/missingcompApplication"]) - the first result will be used
[12:07:23] W/element - more than one element found for locator By(xpath,  //a[@href="/plsql/missingcompApplication"]) - the first result will be used
Assertion Passed: Expected Missing Component Report for the Xpath/html/body/app-root/app-layout/section/app-missingcompapp/div[1]/app-page-header/div/div/ol/li[2] contain Missing Component Report. :Assertion Passed
presence
Assertion Passed: Expected element xpath /html/body/app-root/app-layout/section/app-missingcompapp/div[2]/div[2]/label is present in current page. :Assertion Passed
presence
Assertion Passed: Expected element xpath /html/body/app-root/app-layout/section/app-missingcompapp/div[2]/div[3]/select is present in current page. :Assertion Passed
presence
Assertion Passed: Expected element xpath /html/body/app-root/app-layout/section/app-missingcompapp/div[1]/app-page-header/div/div is present in current page. :Assertion Passed
presence
Assertion Passed: Expected element xpath /html/body/app-root/app-layout/section/app-missingcompapp/div[3]/div/div/div/div[1]/label is present in current page. :Assertion Passed
presence
Assertion Passed: Expected element xpath /html/body/app-root/app-layout/section/app-missingcompapp/div[3]/div/div/div/div[2]/label is present in current page. :Assertion Passed
presence
Assertion Passed: Expected element xpath /html/body/app-root/app-layout/section/app-missingcompapp/div[3]/div/div/a/img is present in current page. :Assertion Passed
presence
Assertion Passed: Expected element xpath /html/body/app-root/app-layout/section/app-missingcompapp/div[3]/div/div/div/div[3]/div[1]/div/table/thead/tr/th[1] is present in current page. :Assertion Passed
presence
Assertion Passed: Expected element xpath /html/body/app-root/app-layout/section/app-missingcompapp/div[3]/div/div/div/div[3]/div[1]/div/table/thead/tr/th[2] is present in current page. :Assertion Passed
presence
Assertion Passed: Expected element xpath /html/body/app-root/app-layout/section/app-missingcompapp/div[3]/div/div/div/div[4] is present in current page. :Assertion Passed
presence
Assertion Passed: Expected element xpath /html/body/app-root/app-layout/section/app-missingcompapp/div[3]/div/div/div/div[5] is present in current page. :Assertion Passed
test_step_click Log Out
[32m.[0m


1 spec, 0 failures
Finished in 38.729 seconds

[12:07:39] I/launcher - 0 instance(s) of WebDriver still running
[12:07:39] I/launcher - chrome #01 passed
