[14:28:28] I/launcher - Running 1 instances of WebDriver
[14:28:28] I/hosted - Using the selenium server at http://localhost:4444/wd/hub
Started
null
test_step_inputdemouser
test_step_inputdemouser1
test_step_click Login
test_step_click   Glossary
presence
Assertion Passed: Expected element xpath /html/body/app-root/app-layout/section/app-bre/div[3]/div[7]/button is present in current page. :Assertion Passed
presence
Assertion Passed: Expected element xpath /html/body/app-root/app-layout/section/app-bre/div[4]/div[1]/div/a/img is present in current page. :Assertion Passed
presence
Assertion Passed: Expected element xpath /html/body/app-root/app-layout/section/app-bre/div[4]/div[1]/div/div/div[2]/label/input is present in current page. :Assertion Passed
presence
Assertion Passed: Expected element xpath /html/body/app-root/app-layout/section/app-bre/div[1]/app-page-header/div/div/ol/li[1]/a is present in current page. :Assertion Passed
Assertion Passed: Expected Showing 1 to 10 of 296 entries for the Xpath/html/body/app-root/app-layout/section/app-bre/div[4]/div[1]/div/div/div[4] contain Showing 1 to 10 of 296 entries. :Assertion Passed
presence
Assertion Passed: Expected element xpath /html/body/app-root/app-layout/section/app-bre/div[4]/div[1]/div/div/div[5]/a[2] is present in current page. :Assertion Passed
presence
Assertion Passed: Expected element xpath /html/body/app-root/app-layout/section/app-bre/div[4]/div[1] is present in current page. :Assertion Passed
test_step_click Log Out
[32m.[0m


1 spec, 0 failures
Finished in 26.305 seconds

[14:28:57] I/launcher - 0 instance(s) of WebDriver still running
[14:28:57] I/launcher - chrome #01 passed
