[12:03:50] I/launcher - Running 1 instances of WebDriver
[12:03:50] I/hosted - Using the selenium server at http://localhost:4444/wd/hub
Started
null
test_step_inputadmin
test_step_inputadmin1
test_step_click Login
test_step_click Business Rule Extraction
test_step_click Detailed Report
test_step_click Miscellaneous
test_step_click AEIN1595.NAT
test_step_click Submit
presence
xpath in same page
assert Detailed Report
Detailed Report
Assertion Passed: Expected Detailed Report for the Xpath/html/body/app-root/app-layout/section/app-bre/div[1]/app-page-header/div/div/ol/li[2] contain  Detailed Report . :Assertion Passed
Assertion Passed: Expected Showing 1 to 10 of 1,103 entries for the Xpath/html/body/app-root/app-layout/section/app-bre/div[5]/div/div/div/div[4] contain Showing 1 to 10 of 1. :Assertion Passed
test_step_click Model Management
test_step_click VFM110.NAT
test_step_click Submit
Assertion Passed: Expected Showing 1 to 10 of 624 entries for the Xpath/html/body/app-root/app-layout/section/app-bre/div[5]/div/div/div/div[4] is equal toShowing 1 to 10 of 624 entries. :Assertion Passed
test_step_click Log Out
[32m.[0m


1 spec, 0 failures
Finished in 38.647 seconds

[12:04:35] I/launcher - 0 instance(s) of WebDriver still running
[12:04:35] I/launcher - chrome #01 passed
