[12:49:33] I/launcher - Running 1 instances of WebDriver
[12:49:33] I/hosted - Using the selenium server at http://localhost:4444/wd/hub
Started
null
test_step_inputadmin
test_step_inputadmin1
test_step_click Login
test_step_click Technical Debt Report
test_step_click Orphan Report
test_step_click All
test_step_click Submit
Assertion Passed: Expected Orphan/Driver Reports for the Xpath/html/body/app-root/app-layout/section/app-orphanapp/div[1]/app-page-header/div/div/ol/li[2] contain Orphan/Driver Reports. :Assertion Passed
Assertion Passed: Expected Showing 1 to 10 of 17 entries for the Xpath/html/body/app-root/app-layout/section/app-orphanapp/div[4]/div/div/div/div[4] is equal toShowing 1 to 10 of 17 entries. :Assertion Passed
test_step_click Miscellaneous
test_step_click Submit
Assertion Passed: Expected Showing 1 to 10 of 17 entries for the Xpath/html/body/app-root/app-layout/section/app-orphanapp/div[4]/div/div/div/div[4] is equal toShowing 1 to 10 of 17 entries. :Assertion Passed
test_step_click Log Out
[32m.[0m


1 spec, 0 failures
Finished in 41.584 seconds

[12:50:21] I/launcher - 0 instance(s) of WebDriver still running
[12:50:21] I/launcher - chrome #01 passed
