[16:00:43] I/launcher - Running 1 instances of WebDriver
[16:00:43] I/hosted - Using the selenium server at http://localhost:4444/wd/hub
Started
null
test_step_inputdemouser
test_step_inputdemouser1
test_step_click Login
test_step_click Harvesting Reports
test_step_click Screenfield Harvesting report
Assertion Passed: Expected Screenfield Harvesting Report for the Xpath/html/body/app-root/app-layout/section/app-cicsscreen-app/div[1]/app-page-header/div/div/ol/li[2] contain Screenfield Harvesting Report. :Assertion Passed
presence
Assertion Passed: Expected element xpath /html/body/app-root/app-layout/section/app-cicsscreen-app/div[4]/div[1]/label is present in current page. :Assertion Passed
presence
Assertion Passed: Expected element xpath /html/body/app-root/app-layout/section/app-cicsscreen-app/div[4]/div[3]/label is present in current page. :Assertion Passed
presence
Assertion Passed: Expected element xpath /html/body/app-root/app-layout/section/app-cicsscreen-app/div[5]/div[1]/div/a/img is present in current page. :Assertion Passed
presence
Assertion Passed: Expected element xpath /html/body/app-root/app-layout/section/app-cicsscreen-app/div[5]/div[1]/div/div/div[2]/label/input is present in current page. :Assertion Passed
Assertion Passed: Expected No data available in table for the Xpath/html/body/app-root/app-layout/section/app-cicsscreen-app/div[5]/div[1]/div/div/div[3]/div[2]/table/tbody/tr/td contain No data available in table. :Assertion Passed
test_step_click All
test_step_click About.aspx
Assertion Passed:  /html/body/app-root/app-layout/section/app-cicsscreen-app/div[4]/div[5]/button is enabled. :Assertion Passed
test_step_click Submit
Assertion Passed: Expected Showing 1 to 1 of 1 entries for the Xpath/html/body/app-root/app-layout/section/app-cicsscreen-app/div[5]/div[1]/div/div/div[4] contain Showing 1 to 1 of 1 entries. :Assertion Passed
presence
Assertion Passed: Expected element xpath /html/body/app-root/app-layout/section/app-cicsscreen-app/div[5]/div[1]/div/div/div[5]/a[4] is present in current page. :Assertion Passed
test_step_click Log Out
[32m.[0m


1 spec, 0 failures
Finished in 37.155 seconds

[16:01:25] I/launcher - 0 instance(s) of WebDriver still running
[16:01:25] I/launcher - chrome #01 passed
