[13:50:42] I/launcher - Running 1 instances of WebDriver
[13:50:42] I/hosted - Using the selenium server at http://localhost:4444/wd/hub
Started
null
test_step_inputdemouser
test_step_inputdemouser1
test_step_click Login
test_step_click Master Inventory
presence
Assertion Passed: Expected element xpath /html/body/app-root/app-layout/section/app-masterinvapp/div[3]/div[4]/button is present in current page. :Assertion Passed
presence
Assertion Passed: Expected element xpath /html/body/app-root/app-layout/section/app-masterinvapp/div[1]/app-page-header/div/div/ol/li[1]/a is present in current page. :Assertion Passed
presence
Assertion Passed: Expected element xpath /html/body/app-root/app-layout/section/app-masterinvapp/div[4]/div/div/a/img is present in current page. :Assertion Passed
test_step_click All
presence
Assertion Passed: Expected element xpath /html/body/app-root/app-layout/section/app-masterinvapp/div[4]/div/div/div/div[2]/label is present in current page. :Assertion Passed
presence
Assertion Passed: Expected element xpath /html/body/app-root/app-layout/section/app-masterinvapp/div[4]/div/div/div/div[4] is present in current page. :Assertion Passed
test_step_click Submit
test_step_click Log Out
[32m.[0m


1 spec, 0 failures
Finished in 38.903 seconds

[13:51:24] I/launcher - 0 instance(s) of WebDriver still running
[13:51:24] I/launcher - chrome #01 passed
