[14:10:16] I/launcher - Running 1 instances of WebDriver
[14:10:16] I/hosted - Using the selenium server at http://localhost:4444/wd/hub
Started
null
test_step_inputadmin
test_step_inputadmin1
test_step_click Login
test_step_click CRUD
test_step_click All
test_step_click Submit
Assertion Passed: Expected CRUD Reports for the Xpath/html/body/app-root/app-layout/section/app-formapp/div[1]/app-page-header/div/div/ol/li[2] contain CRUD. :Assertion Passed
Assertion Passed: Expected Showing 1 to 10 of 34 entries for the Xpath/html/body/app-root/app-layout/section/app-formapp/div[4]/div/div/div/div[4] is equal toShowing 1 to 10 of 34 entries. :Assertion Passed
test_step_click ACCOUNTS PAYABLE
test_step_click Submit
Assertion Passed: Expected Showing 1 to 6 of 6 entries for the Xpath/html/body/app-root/app-layout/section/app-formapp/div[4]/div/div/div/div[4] is equal toShowing 1 to 6 of 6 entries. :Assertion Passed
test_step_click Log Out
[32m.[0m


1 spec, 0 failures
Finished in 39.736 seconds

[14:11:02] I/launcher - 0 instance(s) of WebDriver still running
[14:11:02] I/launcher - chrome #01 passed
