[12:33:23] I/launcher - Running 1 instances of WebDriver
[12:33:23] I/hosted - Using the selenium server at http://localhost:4444/wd/hub
Started
null
test_step_inputdemouser
test_step_inputdemouser1
test_step_click Login
test_step_click   Business Rule Extraction
test_step_click Rules report
test_step_click APARTMENT
test_step_click AddApartment.java
test_step_click Submit
presence
Assertion Passed: Expected element xpath /html/body/app-root/app-layout/section/app-bre/div[5]/div[2]/select/option[2] is present in current page. :Assertion Passed
Assertion Passed: Expected Showing 1 to 1 of 1 entries for the Xpath/html/body/app-root/app-layout/section/app-bre/div[7]/div/div/div/div[4] is equal toShowing 1 to 1 of 1 entries. :Assertion Passed
test_step_click HOUSE
test_step_click HouseDAO.java
test_step_click Submit
presence
Assertion Passed: Expected element xpath /html/body/app-root/app-layout/section/app-bre/div[5]/div[2]/select/option[3] is present in current page. :Assertion Passed
presence
Assertion Passed: Expected element xpath /html/body/app-root/app-layout/section/app-bre/div[5]/div[4]/select/option[2] is present in current page. :Assertion Passed
Assertion Passed: Expected Showing 1 to 2 of 2 entries for the Xpath/html/body/app-root/app-layout/section/app-bre/div[7]/div/div/div/div[4] is equal toShowing 1 to 2 of 2 entries. :Assertion Passed
test_step_click Log Out
[32m.[0m


1 spec, 0 failures
Finished in 66.597 seconds

[12:34:35] I/launcher - 0 instance(s) of WebDriver still running
[12:34:35] I/launcher - chrome #01 passed
