[13:35:20] I/launcher - Running 1 instances of WebDriver
[13:35:20] I/hosted - Using the selenium server at http://localhost:4444/wd/hub
Started
null
test_step_inputdemouser
test_step_inputdemouser1
test_step_click Number of Attempts Left: 5
test_step_click Login
test_step_click Technical Debt Report
test_step_click Drop Impact Report
test_step_inputmain
presence
Assertion Passed: Expected element xpath /html/body/app-root/app-layout/section/app-dropimpactapp/div[4]/div/div/div/div[3]/div[2]/table/tbody/tr is present in current page. :Assertion Passed
Assertion Passed: Expected Showing 1 to 1 of 1 entries (filtered from 2 total entries) for the Xpath/html/body/app-root/app-layout/section/app-dropimpactapp/div[4]/div/div/div/div[4] is equal toShowing 1 to 1 of 1 entries (filtered from 2 total entries). :Assertion Passed
test_step_click Log Out
[32m.[0m


1 spec, 0 failures
Finished in 25.097 seconds

[13:35:49] I/launcher - 0 instance(s) of WebDriver still running
[13:35:49] I/launcher - chrome #01 passed
