[17:16:27] I/launcher - Running 1 instances of WebDriver
[17:16:27] I/hosted - Using the selenium server at http://localhost:4444/wd/hub
Started
null
test_step_inputdemouser
test_step_inputdemouser1
test_step_click Login
test_step_click Screen Report
test_step_click Screen Validation
presence
Assertion Passed: Expected element xpath /html/body/app-root/app-layout/section/app-cicsvalidation-app/div[1]/app-page-header/div/div/ol/li[2] is present in current page. :Assertion Passed
presence
Assertion Passed: Expected element xpath /html/body/app-root/app-layout/section/app-cicsvalidation-app/div[4]/div[1]/label is present in current page. :Assertion Passed
presence
Assertion Passed: Expected element xpath /html/body/app-root/app-layout/section/app-cicsvalidation-app/div[4]/div[3]/label is present in current page. :Assertion Passed
presence
Assertion Passed: Expected element xpath /html/body/app-root/app-layout/section/app-cicsvalidation-app/div[5]/div[1]/div/div/div[1]/label is present in current page. :Assertion Passed
presence
Assertion Passed: Expected element xpath /html/body/app-root/app-layout/section/app-cicsvalidation-app/div[5]/div[1]/div/div/div[3]/div[1]/div/table/thead/tr/th[3] is present in current page. :Assertion Passed
presence
Assertion Passed: Expected element xpath /html/body/app-root/app-layout/section/app-cicsvalidation-app/div[5]/div[1]/div/div/div[3]/div[1]/div/table/thead/tr/th[1] is present in current page. :Assertion Passed
presence
Assertion Passed: Expected element xpath /html/body/app-root/app-layout/section/app-cicsvalidation-app/div[5]/div[1]/div/div/div[3]/div[1]/div/table/thead/tr/th[5] is present in current page. :Assertion Passed
presence
Assertion Passed: Expected element xpath /html/body/app-root/app-layout/section/app-cicsvalidation-app/div[5]/div[1]/div/div/div[3]/div[1]/div/table/thead/tr/th[6] is present in current page. :Assertion Passed
Assertion Passed:  /html/body/app-root/app-layout/section/app-cicsvalidation-app/div[4]/div[5]/button is enabled. :Assertion Passed
presence
Assertion Passed: Expected element xpath /html/body/app-root/app-layout/section/app-cicsvalidation-app/div[5]/div[1]/div/a/img is present in current page. :Assertion Passed
Assertion Passed: Expected Last for the Xpath/html/body/app-root/app-layout/section/app-cicsvalidation-app/div[5]/div[1]/div/div/div[5]/a[4] contain Last. :Assertion Passed
test_step_click Log Out
[32m.[0m


1 spec, 0 failures
Finished in 23.405 seconds

[17:16:55] I/launcher - 0 instance(s) of WebDriver still running
[17:16:55] I/launcher - chrome #01 passed
