[17:00:47] I/launcher - Running 1 instances of WebDriver
[17:00:47] I/hosted - Using the selenium server at http://localhost:4444/wd/hub
Started
null
test_step_inputdemouser
test_step_inputdemouser1
test_step_click Login
test_step_click   User Guide
presence
Assertion Passed: Expected element xpath /html/body/app-root/app-layout/section/app-charts/div/app-page-header/div/div/ol/li[1]/a is present in current page. :Assertion Passed
presence
Assertion Passed: Expected element xpath /html/body/app-root/app-layout/section/app-charts/div/app-page-header/div/div/ol/li[2]/i is present in current page. :Assertion Passed
presence
Assertion Passed: Expected element xpath /html/body/app-root/app-layout/section/app-charts/p is present in current page. :Assertion Passed
test_step_click Log Out
[32m.[0m


1 spec, 0 failures
Finished in 22.752 seconds

[17:01:13] I/launcher - 0 instance(s) of WebDriver still running
[17:01:13] I/launcher - chrome #01 passed
