[16:39:35] I/launcher - Running 1 instances of WebDriver
[16:39:35] I/hosted - Using the selenium server at http://localhost:4444/wd/hub
Started
null
test_step_inputadmin
test_step_inputadmin1
test_step_click Login
test_step_click Commented Lines Report
test_step_click All
test_step_click Submit
[16:40:06] W/element - more than one element found for locator By(xpath,  //td) - the first result will be used
[16:40:06] W/element - more than one element found for locator By(xpath,  //td) - the first result will be used
[16:40:06] W/element - more than one element found for locator By(xpath,  //td) - the first result will be used
test_step_click BookingReportForm.frm
[16:40:06] W/element - more than one element found for locator By(xpath,  //td) - the first result will be used
[16:40:08] W/element - more than one element found for locator By(xpath,  //td) - the first result will be used
Assertion Passed: Expected BookingReportForm.frm for the Xpath/html/body/ngb-modal-window/div/div/div[1]/label[1] is equal toBookingReportForm.frm. :Assertion Passed
test_step_click ×
[32m.[0m


1 spec, 0 failures
Finished in 27.973 seconds

[16:40:10] I/launcher - 0 instance(s) of WebDriver still running
[16:40:10] I/launcher - chrome #01 passed
