[16:00:57] I/launcher - Running 1 instances of WebDriver
[16:00:57] I/hosted - Using the selenium server at http://localhost:4444/wd/hub
Started
null
test_step_inputadmin
test_step_inputadmin1
test_step_click Login
test_step_click Technical Debt Report
test_step_click Dead Para Report
test_step_click All
test_step_click Submit
presence
xpath in same page
assert Dead Para
Dead Para
Assertion Passed: Expected Dead Para Report for the Xpath/html/body/app-root/app-layout/app-sidebar/nav/div[1]/div[3]/li/ul/li[3]/a/span contain  Dead Para . :Assertion Passed
Assertion Passed: Expected Showing 1 to 6 of 6 entries for the Xpath/html/body/app-root/app-layout/section/app-deadparaapp/div[4]/div/div/div/div[4] is equal toShowing 1 to 6 of 6 entries. :Assertion Passed
test_step_click Fleet Management
test_step_click Submit
Assertion Passed: Expected Showing 1 to 4 of 4 entries for the Xpath/html/body/app-root/app-layout/section/app-deadparaapp/div[4]/div/div/div/div[4] is equal toShowing 1 to 4 of 4 entries. :Assertion Passed
test_step_click Log Out
[32m.[0m


1 spec, 0 failures
Finished in 36.9 seconds

[16:01:41] I/launcher - 0 instance(s) of WebDriver still running
[16:01:41] I/launcher - chrome #01 passed
