[13:07:07] I/launcher - Running 1 instances of WebDriver
[13:07:07] I/hosted - Using the selenium server at http://localhost:4444/wd/hub
Started
null
test_step_inputdemouser
test_step_inputdemouser1
test_step_click Login
[13:07:36] W/element - more than one element found for locator By(xpath,  //a[@href="/java/CRUD"]) - the first result will be used
[13:07:41] W/element - more than one element found for locator By(xpath,  //a[@href="/java/CRUD"]) - the first result will be used
[13:07:42] W/element - more than one element found for locator By(xpath,  //a[@href="/java/CRUD"]) - the first result will be used
test_step_click   CRUD
[13:07:42] W/element - more than one element found for locator By(xpath,  //a[@href="/java/CRUD"]) - the first result will be used
[13:07:42] W/element - more than one element found for locator By(xpath,  //a[@href="/java/CRUD"]) - the first result will be used
test_step_click All
test_step_click Submit
presence
Assertion Passed: Expected element xpath /html/body/app-root/app-layout/section/app-formapp/div[3]/div[3]/select/option[2] is present in current page. :Assertion Passed
Assertion Passed: Expected Showing 1 to 10 of 26 entries for the Xpath/html/body/app-root/app-layout/section/app-formapp/div[4]/div/div/div/div[4] is equal toShowing 1 to 10 of 26 entries. :Assertion Passed
test_step_click APARTMENT
test_step_click Submit
presence
Assertion Passed: Expected element xpath /html/body/app-root/app-layout/section/app-formapp/div[3]/div[3]/select/option[3] is present in current page. :Assertion Passed
Assertion Passed: Expected Showing 0 to 0 of 0 entries for the Xpath/html/body/app-root/app-layout/section/app-formapp/div[4]/div/div/div/div[4] is equal toShowing 0 to 0 of 0 entries. :Assertion Passed
test_step_click Log Out
[32m.[0m


1 spec, 0 failures
Finished in 42.012 seconds

[13:07:55] I/launcher - 0 instance(s) of WebDriver still running
[13:07:55] I/launcher - chrome #01 passed
