[15:34:36] I/launcher - Running 1 instances of WebDriver
[15:34:36] I/hosted - Using the selenium server at http://localhost:4444/wd/hub
Started
null
test_step_inputdemouser
test_step_inputdemouser1
test_step_click Login
test_step_click X-Ref Report
test_step_click All
test_step_click Submit
presence
Assertion Passed: Expected element xpath /html/body/app-root/app-layout/section/app-x-ref-application/div[3]/div[3]/select/option[2] is present in current page. :Assertion Passed
Assertion Passed: Expected Total no of records: 34679 for the Xpath/html/body/app-root/app-layout/section/app-x-ref-application/div[4]/div[5]/label contain Total no of records: 34679. :Assertion Passed
test_step_click Employee Record
test_step_click Submit
presence
Assertion Passed: Expected element xpath /html/body/app-root/app-layout/section/app-x-ref-application/div[3]/div[3]/select/option[3] is present in current page. :Assertion Passed
Assertion Passed: Expected Total no of records: 1 for the Xpath/html/body/app-root/app-layout/section/app-x-ref-application/div[4]/div[5]/label contain Total no of records: 1. :Assertion Passed
test_step_click Log Out
[32m.[0m


1 spec, 0 failures
Finished in 30.695 seconds

[15:35:14] I/launcher - 0 instance(s) of WebDriver still running
[15:35:14] I/launcher - chrome #01 passed
