[12:32:57] I/launcher - Running 1 instances of WebDriver
[12:32:57] I/hosted - Using the selenium server at http://localhost:4444/wd/hub
Started
null
test_step_inputadmin
test_step_inputadmin1
test_step_click Login
test_step_click Business Rule Extraction
test_step_click Rules report
presence
Assertion Passed: Expected element xpath /html/body/app-root/app-layout/section/app-bre/div[5]/div[2]/select is present in current page. :Assertion Passed
presence
Assertion Passed: Expected element xpath /html/body/app-root/app-layout/section/app-bre/div[5]/div[4]/select is present in current page. :Assertion Passed
presence
Assertion Passed: Expected element xpath /html/body/app-root/app-layout/section/app-bre/div[7]/div/div/div/div[1]/label/select is present in current page. :Assertion Passed
presence
Assertion Passed: Expected element xpath /html/body/app-root/app-layout/section/app-bre/div[5]/div[5]/button is present in current page. :Assertion Passed
presence
Assertion Passed: Expected element xpath /html/body/app-root/app-layout/section/app-bre/div[7]/div/div/div/div[3]/div[1]/div/table is present in current page. :Assertion Passed
test_step_click Dashboard
test_step_click Log Out
[32m.[0m


1 spec, 0 failures
Finished in 30.408 seconds

[12:33:34] I/launcher - 0 instance(s) of WebDriver still running
[12:33:34] I/launcher - chrome #01 passed
