[15:03:00] I/launcher - Running 1 instances of WebDriver
[15:03:00] I/hosted - Using the selenium server at http://localhost:4444/wd/hub
Started
null
test_step_inputdemouser
test_step_inputdemouser1
test_step_click Login
test_step_click   Glossary
Assertion Passed: Expected Glossary Report for the Xpath/html/body/app-root/app-layout/section/app-bre/div[1]/app-page-header/div/div/ol/li[2] is equal toGlossary Report. :Assertion Passed
presence
Assertion Passed: Expected element xpath /html/body/app-root/app-layout/section/app-bre/div[3]/div[1]/label is present in current page. :Assertion Passed
presence
Assertion Passed: Expected element xpath /html/body/app-root/app-layout/section/app-bre/div[3]/div[2]/input is present in current page. :Assertion Passed
Assertion Passed: Expected Upload for the Xpath/html/body/app-root/app-layout/section/app-bre/div[3]/div[3]/button is equal toUpload. :Assertion Passed
presence
Assertion Passed: Expected element xpath /html/body/app-root/app-layout/section/app-bre/div[3]/div[4]/i is present in current page. :Assertion Passed
presence
Assertion Passed: Expected element xpath /html/body/app-root/app-layout/section/app-bre/div[3]/div[7]/button is present in current page. :Assertion Passed
presence
Assertion Passed: Expected element xpath /html/body/app-root/app-layout/section/app-bre/div[4]/div[1]/div/div/div[1]/label is present in current page. :Assertion Passed
presence
Assertion Passed: Expected element xpath /html/body/app-root/app-layout/section/app-bre/div[4]/div[1]/div/div/div[2]/label is present in current page. :Assertion Passed
presence
Assertion Passed: Expected element xpath /html/body/app-root/app-layout/section/app-bre/div[4]/div[1]/div/a/img is present in current page. :Assertion Passed
Assertion Passed: Expected FILE_NAME for the Xpath/html/body/app-root/app-layout/section/app-bre/div[4]/div[1]/div/div/div[3]/div[1]/div/table/thead/tr/th[1] is equal toFILE_NAME. :Assertion Passed
Assertion Passed: Expected VARIABLE for the Xpath/html/body/app-root/app-layout/section/app-bre/div[4]/div[1]/div/div/div[3]/div[1]/div/table/thead/tr/th[2] is equal toVARIABLE. :Assertion Passed
Assertion Passed: Expected BUSINESS_MEANING for the Xpath/html/body/app-root/app-layout/section/app-bre/div[4]/div[1]/div/div/div[3]/div[1]/div/table/thead/tr/th[3] is equal toBUSINESS_MEANING. :Assertion Passed
Assertion Passed: Expected Showing 1 to 10 of 428 entries for the Xpath/html/body/app-root/app-layout/section/app-bre/div[4]/div[1]/div/div/div[4] contain Showing 1 to 10 of 428 entries. :Assertion Passed
Assertion Passed: Expected First for the Xpath/html/body/app-root/app-layout/section/app-bre/div[4]/div[1]/div/div/div[5]/a[1] is equal toFirst. :Assertion Passed
Assertion Passed: Expected 1 for the Xpath/html/body/app-root/app-layout/section/app-bre/div[4]/div[1]/div/div/div[5]/span/a[1] is equal to1. :Assertion Passed
Assertion Passed: Expected 43 for the Xpath/html/body/app-root/app-layout/section/app-bre/div[4]/div[1]/div/div/div[5]/span/a[6] is equal to43. :Assertion Passed
test_step_click Log Out
[32m.[0m


1 spec, 0 failures
Finished in 42.378 seconds

[15:03:48] I/launcher - 0 instance(s) of WebDriver still running
[15:03:48] I/launcher - chrome #01 passed
