[17:13:05] I/launcher - Running 1 instances of WebDriver
[17:13:05] I/hosted - Using the selenium server at http://localhost:4444/wd/hub
Started
null
test_step_inputdemouser
test_step_inputdemouser1
test_step_click Login
[17:13:22] W/element - more than one element found for locator By(xpath,  //a[@href="/java/CRUD"]) - the first result will be used
[17:13:22] W/element - more than one element found for locator By(xpath,  //a[@href="/java/CRUD"]) - the first result will be used
[17:13:22] W/element - more than one element found for locator By(xpath,  //a[@href="/java/CRUD"]) - the first result will be used
test_step_click   CRUD
[17:13:22] W/element - more than one element found for locator By(xpath,  //a[@href="/java/CRUD"]) - the first result will be used
[17:13:22] W/element - more than one element found for locator By(xpath,  //a[@href="/java/CRUD"]) - the first result will be used
test_step_click All
test_step_click Submit
test_step_click Log Out
[32m.[0m


1 spec, 0 failures
Finished in 25.769 seconds

[17:13:34] I/launcher - 0 instance(s) of WebDriver still running
[17:13:34] I/launcher - chrome #01 passed
