[12:23:23] I/launcher - Running 1 instances of WebDriver
[12:23:23] I/hosted - Using the selenium server at http://localhost:4444/wd/hub
Started
null
test_step_inputdemouser
test_step_inputdemouser1
test_step_click Login
test_step_click Business Rule Extraction
test_step_click Rules report
test_step_click BOOKING
test_step_click BookingReportForm.frm
test_step_click Submit
presence
Assertion Passed: Expected element xpath /html/body/app-root/app-layout/section/app-bre/div[1]/app-page-header/div/div/ol/li[1]/a is present in current page. :Assertion Passed
presence
Assertion Passed: Expected element xpath /html/body/app-root/app-layout/section/app-bre/div[1]/app-page-header/div/div/ol/li[2] is present in current page. :Assertion Passed
presence
Assertion Passed: Expected element xpath /html/body/app-root/app-layout/section/app-bre/div[5]/div[1]/label is present in current page. :Assertion Passed
presence
Assertion Passed: Expected element xpath /html/body/app-root/app-layout/section/app-bre/div[5]/div[3]/label is present in current page. :Assertion Passed
presence
Assertion Passed: Expected element xpath /html/body/app-root/app-layout/section/app-bre/div[5]/div[5]/button is present in current page. :Assertion Passed
presence
Assertion Passed: Expected element xpath /html/body/app-root/app-layout/section/app-bre/div[5]/div[6]/button is present in current page. :Assertion Passed
presence
Assertion Passed: Expected element xpath /html/body/app-root/app-layout/section/app-bre/div[7]/div/div/div/div[1]/label is present in current page. :Assertion Passed
presence
Assertion Passed: Expected element xpath /html/body/app-root/app-layout/section/app-bre/div[7]/div/div/div/div[2]/label is present in current page. :Assertion Passed
presence
Assertion Passed: Expected element xpath /html/body/app-root/app-layout/section/app-bre/div[6]/div[3]/a/img is present in current page. :Assertion Passed
Assertion Passed: Expected COMPONENT_NAME for the Xpath/html/body/app-root/app-layout/section/app-bre/div[7]/div/div/div/div[3]/div[1]/div/table/thead/tr/th[1] is equal toCOMPONENT_NAME. :Assertion Passed
Assertion Passed: Expected FUNCTION_NAME for the Xpath/html/body/app-root/app-layout/section/app-bre/div[7]/div/div/div/div[3]/div[1]/div/table/thead/tr/th[2] is equal toFUNCTION_NAME. :Assertion Passed
Assertion Passed: Expected SOURCE_STATEMENTS for the Xpath/html/body/app-root/app-layout/section/app-bre/div[7]/div/div/div/div[3]/div[1]/div/table/thead/tr/th[3] is equal toSOURCE_STATEMENTS. :Assertion Passed
Assertion Passed: Expected RULE_DESCRIPTION for the Xpath/html/body/app-root/app-layout/section/app-bre/div[7]/div/div/div/div[3]/div[1]/div/table/thead/tr/th[4] is equal toRULE_DESCRIPTION. :Assertion Passed
Assertion Passed: Expected RULE_CATEGORY for the Xpath/html/body/app-root/app-layout/section/app-bre/div[7]/div/div/div/div[3]/div[1]/div/table/thead/tr/th[5] is equal toRULE_CATEGORY. :Assertion Passed
Assertion Passed: Expected RULE for the Xpath/html/body/app-root/app-layout/section/app-bre/div[7]/div/div/div/div[3]/div[1]/div/table/thead/tr/th[6] is equal toRULE. :Assertion Passed
Assertion Passed: Expected RULE_RELATION for the Xpath/html/body/app-root/app-layout/section/app-bre/div[7]/div/div/div/div[3]/div[1]/div/table/thead/tr/th[7] is equal toRULE_RELATION. :Assertion Passed
Assertion Passed: Expected Showing 1 to 2 of 2 entries for the Xpath/html/body/app-root/app-layout/section/app-bre/div[7]/div/div/div/div[4] contain Showing 1 to 2 of 2 entries. :Assertion Passed
Assertion Passed: Expected First for the Xpath/html/body/app-root/app-layout/section/app-bre/div[7]/div/div/div/div[5]/a[1] is equal toFirst. :Assertion Passed
Assertion Passed: Expected Previous for the Xpath/html/body/app-root/app-layout/section/app-bre/div[7]/div/div/div/div[5]/a[2] is equal toPrevious. :Assertion Passed
Assertion Passed: Expected Next for the Xpath/html/body/app-root/app-layout/section/app-bre/div[7]/div/div/div/div[5]/a[3] is equal toNext. :Assertion Passed
Assertion Passed: Expected Last for the Xpath/html/body/app-root/app-layout/section/app-bre/div[7]/div/div/div/div[5]/a[4] is equal toLast. :Assertion Passed
Assertion Passed: Expected 1 for the Xpath/html/body/app-root/app-layout/section/app-bre/div[7]/div/div/div/div[5]/span/a is equal to1. :Assertion Passed
test_step_click Log Out
[32m.[0m


1 spec, 0 failures
Finished in 32.472 seconds

[12:24:01] I/launcher - 0 instance(s) of WebDriver still running
[12:24:01] I/launcher - chrome #01 passed
