[15:26:35] I/launcher - Running 1 instances of WebDriver
[15:26:35] I/hosted - Using the selenium server at http://localhost:4444/wd/hub
Started
null
test_step_inputdemouser
test_step_inputdemouser1
test_step_click Login
presence
Assertion Passed: Expected element xpath /html/body/app-root/app-layout/app-header/nav/img is present in current page. :Assertion Passed
Assertion Passed: Expected Dashboard - LCaaS for the Xpath/html/body/app-root/app-layout/section/app-dashboard/div[1]/h2 contain Dashboard - LCaaS. :Assertion Passed
presence
Assertion Passed: Expected element xpath /html/body/app-root/app-layout/section/app-dashboard/div[3]/div/div/div[1] is present in current page. :Assertion Passed
presence
Assertion Passed: Expected element xpath /html/body/app-root/app-layout/section/app-dashboard/div[4]/div[1]/div/div[2]/div/canvas is present in current page. :Assertion Passed
presence
Assertion Passed: Expected element xpath /html/body/app-root/app-layout/section/app-dashboard/div[4]/div[2]/div/div[2]/canvas is present in current page. :Assertion Passed
presence
Assertion Passed: Expected element xpath /html/body/app-root/app-layout/section/app-dashboard/div[5]/div[1]/div/div[2]/canvas is present in current page. :Assertion Passed
presence
Assertion Passed: Expected element xpath /html/body/app-root/app-layout/section/app-dashboard/div[5]/div[2]/div/div[2]/div/canvas is present in current page. :Assertion Passed
presence
Assertion Passed: Expected element xpath /html/body/app-root/app-layout/section/app-dashboard/div[6]/div[1]/div/div[2]/canvas is present in current page. :Assertion Passed
presence
Assertion Passed: Expected element xpath /html/body/app-root/app-layout/section/app-dashboard/div[8]/div/div/div[2]/canvas is present in current page. :Assertion Passed
Assertion Passed: Expected Application wise Business Rules
Download for the Xpath/html/body/app-root/app-layout/section/app-dashboard/div[7]/div[2]/div/div[1] contain Application wise Business Rules . :Assertion Passed
test_step_click Log Out
[32m.[0m


1 spec, 0 failures
Finished in 21.101 seconds

[15:27:00] I/launcher - 0 instance(s) of WebDriver still running
[15:27:00] I/launcher - chrome #01 passed
