[12:34:41] I/launcher - Running 1 instances of WebDriver
[12:34:41] I/hosted - Using the selenium server at http://localhost:4444/wd/hub
Started
null
test_step_inputadmin
test_step_inputadmin1
test_step_click Login
[12:34:58] W/element - more than one element found for locator By(xpath,  //a[@href="/plsql/masterinvApplication"]) - the first result will be used
[12:35:04] W/element - more than one element found for locator By(xpath,  //a[@href="/plsql/masterinvApplication"]) - the first result will be used
[12:35:05] W/element - more than one element found for locator By(xpath,  //a[@href="/plsql/masterinvApplication"]) - the first result will be used
test_step_click   Master Inventory
[12:35:05] W/element - more than one element found for locator By(xpath,  //a[@href="/plsql/masterinvApplication"]) - the first result will be used
[12:35:05] W/element - more than one element found for locator By(xpath,  //a[@href="/plsql/masterinvApplication"]) - the first result will be used
test_step_click All
test_step_click Submit
[12:35:08] W/element - more than one element found for locator By(xpath,  //td) - the first result will be used
[12:35:08] W/element - more than one element found for locator By(xpath,  //td) - the first result will be used
[12:35:08] W/element - more than one element found for locator By(xpath,  //td) - the first result will be used
test_step_click customers_audit_trg
[12:35:08] W/element - more than one element found for locator By(xpath,  //td) - the first result will be used
[12:35:11] W/element - more than one element found for locator By(xpath,  //td) - the first result will be used
presence
xpath in same page
assert customers_audit_trg
[12:35:11] W/element - more than one element found for locator By(xpath, //td) - the first result will be used
customers_audit_trg
Assertion Passed: Expected customers_audit_trg for the Xpath//td contain  customers_audit_trg . :Assertion Passed
[32m.[0m


1 spec, 0 failures
Finished in 23.967 seconds

[12:35:12] I/launcher - 0 instance(s) of WebDriver still running
[12:35:12] I/launcher - chrome #01 passed
