[12:28:24] I/launcher - Running 1 instances of WebDriver
[12:28:24] I/hosted - Using the selenium server at http://localhost:4444/wd/hub
Started
null
test_step_inputdemouser
test_step_inputdemouser1
test_step_click Login
test_step_click   Technical Debt Report
test_step_click Drop Impact Report
Assertion Passed: Expected Drop Impact Report for the Xpath/html/body/app-root/app-layout/section/app-dropimpactapp/div[1]/app-page-header/div/div/ol/li[2] contain Drop Impact Report. :Assertion Passed
presence
Assertion Passed: Expected element xpath /html/body/app-root/app-layout/section/app-dropimpactapp/div[3]/div[2]/label is present in current page. :Assertion Passed
presence
Assertion Passed: Expected element xpath /html/body/app-root/app-layout/section/app-dropimpactapp/div[3]/div[3]/select is present in current page. :Assertion Passed
presence
Assertion Passed: Expected element xpath /html/body/app-root/app-layout/section/app-dropimpactapp/div[3]/div[4]/button is present in current page. :Assertion Passed
presence
Assertion Passed: Expected element xpath /html/body/app-root/app-layout/section/app-dropimpactapp/div[4]/div/div/div/div[1]/label is present in current page. :Assertion Passed
presence
Assertion Passed: Expected element xpath /html/body/app-root/app-layout/section/app-dropimpactapp/div[4]/div/div/div/div[2]/label is present in current page. :Assertion Passed
presence
Assertion Passed: Expected element xpath /html/body/app-root/app-layout/section/app-dropimpactapp/div[4]/div/div/a/img is present in current page. :Assertion Passed
presence
Assertion Passed: Expected element xpath /html/body/app-root/app-layout/section/app-dropimpactapp/div[4]/div/div/div/div[3]/div[1]/div/table/thead/tr/th[1] is present in current page. :Assertion Passed
presence
Assertion Passed: Expected element xpath /html/body/app-root/app-layout/section/app-dropimpactapp/div[4]/div/div/div/div[3]/div[1]/div/table/thead/tr/th[2] is present in current page. :Assertion Passed
presence
Assertion Passed: Expected element xpath /html/body/app-root/app-layout/section/app-dropimpactapp/div[4]/div/div/div/div[3]/div[1]/div/table/thead/tr/th[3] is present in current page. :Assertion Passed
presence
Assertion Passed: Expected element xpath /html/body/app-root/app-layout/section/app-dropimpactapp/div[4]/div/div/div/div[4] is present in current page. :Assertion Passed
presence
Assertion Passed: Expected element xpath /html/body/app-root/app-layout/section/app-dropimpactapp/div[4]/div/div/div/div[5] is present in current page. :Assertion Passed
test_step_click Log Out
[32m.[0m


1 spec, 0 failures
Finished in 38.832 seconds

[12:29:10] I/launcher - 0 instance(s) of WebDriver still running
[12:29:10] I/launcher - chrome #01 passed
