[16:17:48] I/launcher - Running 1 instances of WebDriver
[16:17:48] I/hosted - Using the selenium server at http://localhost:4444/wd/hub
Started
null
test_step_inputdemouser
test_step_inputdemouser1
test_step_click Login
test_step_click Commented Lines Report
test_step_click All
test_step_click Submit
Assertion Passed: Expected rc_inv_bts_c3_pkg package body for the Xpath/html/body/app-root/app-layout/section/app-commentedlinesapp/div[4]/div/div/div/div[3]/div[2]/table/tbody/tr[1] contain package. :Assertion Passed
test_step_click Employee Record
test_step_click Submit
Assertion Passed: Expected no data available in table for the Xpath/html/body/app-root/app-layout/section/app-commentedlinesapp/div[4]/div/div/div/div[3]/div[2]/table/tbody/tr/td contain no data available in table. :Assertion Passed
test_step_click Finance
test_step_click Submit
Assertion Passed: Expected no data available in table for the Xpath/html/body/app-root/app-layout/section/app-commentedlinesapp/div[4]/div/div/div/div[3]/div[2]/table/tbody/tr/td contain no data available in table. :Assertion Passed
test_step_click Order Management
test_step_click Submit
Assertion Passed: Expected no data available in table for the Xpath/html/body/app-root/app-layout/section/app-commentedlinesapp/div[4]/div/div/div/div[3]/div[2]/table/tbody/tr/td contain no data available in table. :Assertion Passed
test_step_click Log Out
[32m.[0m


1 spec, 0 failures
Finished in 38.186 seconds

[16:18:30] I/launcher - 0 instance(s) of WebDriver still running
[16:18:30] I/launcher - chrome #01 passed
