[11:59:42] I/launcher - Running 1 instances of WebDriver
[11:59:42] I/hosted - Using the selenium server at http://localhost:4444/wd/hub
Started
null
test_step_inputdemouser
test_step_inputdemouser1
test_step_click Login
test_step_click   Business Rule Extraction
test_step_click Rule Category
Assertion Passed: Expected Rule Category View Report for the Xpath/html/body/app-root/app-layout/section/app-bre3/div[1]/app-page-header/div/div/ol/li[2] contain Rule Category View Report. :Assertion Passed
presence
Assertion Passed: Expected element xpath /html/body/app-root/app-layout/section/app-bre3/div[3]/div[2]/label is present in current page. :Assertion Passed
presence
Assertion Passed: Expected element xpath /html/body/app-root/app-layout/section/app-bre3/div[3]/div[3]/select is present in current page. :Assertion Passed
presence
Assertion Passed: Expected element xpath /html/body/app-root/app-layout/section/app-bre3/div[3]/div[4]/button is present in current page. :Assertion Passed
presence
Assertion Passed: Expected element xpath /html/body/app-root/app-layout/section/app-bre3/div[4]/div[1]/label is present in current page. :Assertion Passed
presence
Assertion Passed: Expected element xpath /html/body/app-root/app-layout/section/app-bre3/div[4]/div[2]/input is present in current page. :Assertion Passed
presence
Assertion Passed: Expected element xpath /html/body/app-root/app-layout/section/app-bre3/div[4]/div[3]/button is present in current page. :Assertion Passed
presence
Assertion Passed: Expected element xpath /html/body/app-root/app-layout/section/app-bre3/div[4]/div[4]/button is present in current page. :Assertion Passed
test_step_click Log Out
[32m.[0m


1 spec, 0 failures
Finished in 40.172 seconds

[12:00:29] I/launcher - 0 instance(s) of WebDriver still running
[12:00:29] I/launcher - chrome #01 passed
