[21:38:14] I/launcher - Running 1 instances of WebDriver
[21:38:14] I/hosted - Using the selenium server at http://localhost:4444/wd/hub
Started
null
test_step_inputadmin
test_step_inputadmin1
test_step_click Login
test_step_click Commented Lines Report
test_step_click BOOKING
test_step_click Submit
[21:39:03] W/element - more than one element found for locator By(xpath,  //td) - the first result will be used
[21:39:03] W/element - more than one element found for locator By(xpath,  //td) - the first result will be used
[21:39:03] W/element - more than one element found for locator By(xpath,  //td) - the first result will be used
test_step_click BookingReportForm.frm
[21:39:03] W/element - more than one element found for locator By(xpath,  //td) - the first result will be used
[21:39:04] W/element - more than one element found for locator By(xpath,  //td) - the first result will be used
test_step_click Code not available for current component
presence
Assertion Passed: Expected element xpath /html/body/ngb-modal-window/div/div/div[2]/div is present in current page. :Assertion Passed
test_step_click ×
[32m.[0m


1 spec, 0 failures
Finished in 45.744 seconds

[21:39:06] I/launcher - 0 instance(s) of WebDriver still running
[21:39:06] I/launcher - chrome #01 passed
