[12:23:30] I/launcher - Running 1 instances of WebDriver
[12:23:30] I/hosted - Using the selenium server at http://localhost:4444/wd/hub
Started
null
test_step_inputdemouser
test_step_inputdemouser1
test_step_click Login
test_step_click   X-Ref Report
test_step_click All
test_step_click Submit
presence
Assertion Passed: Expected element xpath /html/body/app-root/app-layout/section/app-x-ref-application/div[3]/div[3]/select/option[2] is present in current page. :Assertion Passed
Assertion Passed: Expected Total no of records: 295 for the Xpath/html/body/app-root/app-layout/section/app-x-ref-application/div[4]/div[5]/label is equal toTotal no of records: 295. :Assertion Passed
test_step_click APARTMENT
test_step_click Submit
presence
Assertion Passed: Expected element xpath /html/body/app-root/app-layout/section/app-x-ref-application/div[3]/div[3]/select/option[3] is present in current page. :Assertion Passed
Assertion Passed: Expected Total no of records: 16 for the Xpath/html/body/app-root/app-layout/section/app-x-ref-application/div[4]/div[5]/label is equal toTotal no of records: 16. :Assertion Passed
test_step_click Log Out
[32m.[0m


1 spec, 0 failures
Finished in 31.926 seconds

[12:24:08] I/launcher - 0 instance(s) of WebDriver still running
[12:24:08] I/launcher - chrome #01 passed
