[16:05:48] I/launcher - Running 1 instances of WebDriver
[16:05:48] I/hosted - Using the selenium server at http://localhost:4444/wd/hub
Started
null
test_step_inputadmin
test_step_inputadmin1
test_step_click Login
test_step_click Variable Impact Report
presence
Assertion Failed: Expected element xpath/html/body/app-root/app-layout/section/app-impact/div[3]/div[2]/input is not present in current page. :Assertion Failed
[31mF[0m

Failures:
1) vb6 variable
  Message:
[31m    Failed: This driver instance does not have a valid session ID (did you call WebDriver.quit()?) and may no longer be used.[0m
  Stack:
    NoSuchSessionError: This driver instance does not have a valid session ID (did you call WebDriver.quit()?) and may no longer be used.
        at C:\Users\sv00810785\AppData\Roaming\npm\node_modules\protractor\node_modules\selenium-webdriver\lib\webdriver.js:847:16
        at new ManagedPromise (C:\Users\sv00810785\AppData\Roaming\npm\node_modules\protractor\node_modules\selenium-webdriver\lib\promise.js:1077:7)
        at ControlFlow.promise (C:\Users\sv00810785\AppData\Roaming\npm\node_modules\protractor\node_modules\selenium-webdriver\lib\promise.js:2505:12)
        at C:\Users\sv00810785\AppData\Roaming\npm\node_modules\protractor\node_modules\selenium-webdriver\lib\webdriver.js:846:34
        at C:\Users\sv00810785\AppData\Roaming\npm\node_modules\protractor\node_modules\selenium-webdriver\lib\promise.js:1684:12
        at ManagedPromise.invokeCallback_ (C:\Users\sv00810785\AppData\Roaming\npm\node_modules\protractor\node_modules\selenium-webdriver\lib\promise.js:1376:14)
        at TaskQueue.execute_ (C:\Users\sv00810785\AppData\Roaming\npm\node_modules\protractor\node_modules\selenium-webdriver\lib\promise.js:3084:14)
        at TaskQueue.executeNext_ (C:\Users\sv00810785\AppData\Roaming\npm\node_modules\protractor\node_modules\selenium-webdriver\lib\promise.js:3067:27)
        at C:\Users\sv00810785\AppData\Roaming\npm\node_modules\protractor\node_modules\selenium-webdriver\lib\promise.js:2927:27
        at C:\Users\sv00810785\AppData\Roaming\npm\node_modules\protractor\node_modules\selenium-webdriver\lib\promise.js:668:7
    From: Task: WebDriver.findElements(By(xpath, /html/body/app-root/app-layout/section/app-impact/div[3]/div[6]/button))
        at thenableWebDriverProxy.schedule (C:\Users\sv00810785\AppData\Roaming\npm\node_modules\protractor\node_modules\selenium-webdriver\lib\webdriver.js:807:17)
        at thenableWebDriverProxy.findElements (C:\Users\sv00810785\AppData\Roaming\npm\node_modules\protractor\node_modules\selenium-webdriver\lib\webdriver.js:1048:19)
        at C:\Users\sv00810785\AppData\Roaming\npm\node_modules\protractor\built\element.js:159:44
        at ManagedPromise.invokeCallback_ (C:\Users\sv00810785\AppData\Roaming\npm\node_modules\protractor\node_modules\selenium-webdriver\lib\promise.js:1376:14)
        at TaskQueue.execute_ (C:\Users\sv00810785\AppData\Roaming\npm\node_modules\protractor\node_modules\selenium-webdriver\lib\promise.js:3084:14)
        at TaskQueue.executeNext_ (C:\Users\sv00810785\AppData\Roaming\npm\node_modules\protractor\node_modules\selenium-webdriver\lib\promise.js:3067:27)
        at C:\Users\sv00810785\AppData\Roaming\npm\node_modules\protractor\node_modules\selenium-webdriver\lib\promise.js:2927:27
        at C:\Users\sv00810785\AppData\Roaming\npm\node_modules\protractor\node_modules\selenium-webdriver\lib\promise.js:668:7
        at processTicksAndRejections (node:internal/process/task_queues:96:5)
    From: Task: Run it("variable") in control flow
        at UserContext.<anonymous> (C:\Users\sv00810785\AppData\Roaming\npm\node_modules\protractor\node_modules\jasminewd2\index.js:94:19)
    From asynchronous test: 
    Error
        at Suite.<anonymous> (D:\iTAP\Recorded_Scenarios\vb6\variable\spec.js:8:21)
        at Object.<anonymous> (D:\iTAP\Recorded_Scenarios\vb6\variable\spec.js:7:15)
        at Module._compile (node:internal/modules/cjs/loader:1103:14)
        at Object.Module._extensions..js (node:internal/modules/cjs/loader:1155:10)
        at Module.load (node:internal/modules/cjs/loader:981:32)
        at Function.Module._load (node:internal/modules/cjs/loader:822:12)
  Message:
[31m    NoSuchSessionError: This driver instance does not have a valid session ID (did you call WebDriver.quit()?) and may no longer be used.[0m
  Stack:
    NoSuchSessionError: This driver instance does not have a valid session ID (did you call WebDriver.quit()?) and may no longer be used.
        at C:\Users\sv00810785\AppData\Roaming\npm\node_modules\protractor\node_modules\selenium-webdriver\lib\webdriver.js:847:16
        at new ManagedPromise (C:\Users\sv00810785\AppData\Roaming\npm\node_modules\protractor\node_modules\selenium-webdriver\lib\promise.js:1077:7)
        at ControlFlow.promise (C:\Users\sv00810785\AppData\Roaming\npm\node_modules\protractor\node_modules\selenium-webdriver\lib\promise.js:2505:12)
        at C:\Users\sv00810785\AppData\Roaming\npm\node_modules\protractor\node_modules\selenium-webdriver\lib\webdriver.js:846:34
        at C:\Users\sv00810785\AppData\Roaming\npm\node_modules\protractor\node_modules\selenium-webdriver\lib\promise.js:1684:12
        at ManagedPromise.invokeCallback_ (C:\Users\sv00810785\AppData\Roaming\npm\node_modules\protractor\node_modules\selenium-webdriver\lib\promise.js:1376:14)
        at TaskQueue.execute_ (C:\Users\sv00810785\AppData\Roaming\npm\node_modules\protractor\node_modules\selenium-webdriver\lib\promise.js:3084:14)
        at TaskQueue.executeNext_ (C:\Users\sv00810785\AppData\Roaming\npm\node_modules\protractor\node_modules\selenium-webdriver\lib\promise.js:3067:27)
        at C:\Users\sv00810785\AppData\Roaming\npm\node_modules\protractor\node_modules\selenium-webdriver\lib\promise.js:2927:27
        at C:\Users\sv00810785\AppData\Roaming\npm\node_modules\protractor\node_modules\selenium-webdriver\lib\promise.js:668:7
    From: Task: WebDriver.findElements(By(xpath, /html/body/app-root/app-layout/section/app-impact/div[3]/div[6]/button))
        at thenableWebDriverProxy.schedule (C:\Users\sv00810785\AppData\Roaming\npm\node_modules\protractor\node_modules\selenium-webdriver\lib\webdriver.js:807:17)
        at thenableWebDriverProxy.findElements (C:\Users\sv00810785\AppData\Roaming\npm\node_modules\protractor\node_modules\selenium-webdriver\lib\webdriver.js:1048:19)
        at C:\Users\sv00810785\AppData\Roaming\npm\node_modules\protractor\built\element.js:159:44
        at ManagedPromise.invokeCallback_ (C:\Users\sv00810785\AppData\Roaming\npm\node_modules\protractor\node_modules\selenium-webdriver\lib\promise.js:1376:14)
        at TaskQueue.execute_ (C:\Users\sv00810785\AppData\Roaming\npm\node_modules\protractor\node_modules\selenium-webdriver\lib\promise.js:3084:14)
        at TaskQueue.executeNext_ (C:\Users\sv00810785\AppData\Roaming\npm\node_modules\protractor\node_modules\selenium-webdriver\lib\promise.js:3067:27)
        at C:\Users\sv00810785\AppData\Roaming\npm\node_modules\protractor\node_modules\selenium-webdriver\lib\promise.js:2927:27
        at C:\Users\sv00810785\AppData\Roaming\npm\node_modules\protractor\node_modules\selenium-webdriver\lib\promise.js:668:7
        at processTicksAndRejections (node:internal/process/task_queues:96:5)
    From: Task: Run it("variable") in control flow
        at UserContext.<anonymous> (C:\Users\sv00810785\AppData\Roaming\npm\node_modules\protractor\node_modules\jasminewd2\index.js:94:19)
    From asynchronous test: 
    Error
        at Suite.<anonymous> (D:\iTAP\Recorded_Scenarios\vb6\variable\spec.js:8:21)
        at Object.<anonymous> (D:\iTAP\Recorded_Scenarios\vb6\variable\spec.js:7:15)
        at Module._compile (node:internal/modules/cjs/loader:1103:14)
        at Object.Module._extensions..js (node:internal/modules/cjs/loader:1155:10)
        at Module.load (node:internal/modules/cjs/loader:981:32)
        at Function.Module._load (node:internal/modules/cjs/loader:822:12)
    From: Task: WebDriver.takeScreenshot()
        at thenableWebDriverProxy.schedule (C:\Users\sv00810785\AppData\Roaming\npm\node_modules\protractor\node_modules\selenium-webdriver\lib\webdriver.js:807:17)
        at thenableWebDriverProxy.takeScreenshot (C:\Users\sv00810785\AppData\Roaming\npm\node_modules\protractor\node_modules\selenium-webdriver\lib\webdriver.js:1085:17)
        at run (C:\Users\sv00810785\AppData\Roaming\npm\node_modules\protractor\built\browser.js:58:33)
        at ProtractorBrowser.to.<computed> [as takeScreenshot] (C:\Users\sv00810785\AppData\Roaming\npm\node_modules\protractor\built\browser.js:66:16)
        at UserContext.<anonymous> (D:\iTAP\Recorded_Scenarios\vb6\variable\conf.js:30:14)

1 spec, 2 failures
Finished in 21.874 seconds

[31mAn error was thrown in an afterAll[0m
[31mAfterAll NoSuchSessionError: This driver instance does not have a valid session ID (did you call WebDriver.quit()?) and may no longer be used.[0m

[16:06:15] I/launcher - 0 instance(s) of WebDriver still running
[16:06:15] I/launcher - chrome #01 failed 1 test(s)
[16:06:15] I/launcher - overall: 1 failed spec(s)
[16:06:15] E/launcher - Process exited with error code 1
