[09:42:16] I/launcher - Running 1 instances of WebDriver
[09:42:16] I/hosted - Using the selenium server at http://localhost:4444/wd/hub
Started
null
test_step_inputdemouser
test_step_inputdemouser1
test_step_click Login
test_step_click Master Inventory
presence
Assertion Passed: Expected element xpath /html/body/app-root/app-layout/section/app-masterinvapp/div[3]/div[3]/select/option[1] is present in current page. :Assertion Passed
presence
Assertion Passed: Expected element xpath /html/body/app-root/app-layout/section/app-masterinvapp/div[4]/div/div/div/div[5]/a[1] is present in current page. :Assertion Passed
presence
Assertion Passed: Expected element xpath /html/body/app-root/app-layout/section/app-masterinvapp/div[4]/div/div/div/div[5]/a[2] is present in current page. :Assertion Passed
presence
Assertion Passed: Expected element xpath /html/body/app-root/app-layout/section/app-masterinvapp/div[4]/div/div/div/div[5]/a[3] is present in current page. :Assertion Passed
presence
Assertion Passed: Expected element xpath /html/body/app-root/app-layout/section/app-masterinvapp/div[4]/div/div/div/div[5]/a[4] is present in current page. :Assertion Passed
presence
Assertion Passed: Expected element xpath /html/body/app-root/app-layout/section/app-masterinvapp/div[4]/div/div/div/div[5]/span/a[1] is not present in current page. :Assertion Passed
presence
Assertion Passed: Expected element xpath /html/body/app-root/app-layout/section/app-masterinvapp/div[4]/div/div/div/div[5]/span/a[2] is not present in current page. :Assertion Passed
presence
Assertion Passed: Expected element xpath /html/body/app-root/app-layout/section/app-masterinvapp/div[4]/div/div/div/div[5]/span/a[3] is not present in current page. :Assertion Passed
[32m.[0m


1 spec, 0 failures
Finished in 25.234 seconds

[09:42:47] I/launcher - 0 instance(s) of WebDriver still running
[09:42:47] I/launcher - chrome #01 passed
