[15:12:40] I/launcher - Running 1 instances of WebDriver
[15:12:40] I/hosted - Using the selenium server at http://localhost:4444/wd/hub
Started
null
test_step_inputadmin
test_step_inputadmin1
test_step_click Login
test_step_click Technical Debt Report
test_step_click Orphan Report
test_step_click All
test_step_click Submit
Assertion Passed: Expected Showing 1 to 10 of 49 entries for the Xpath/html/body/app-root/app-layout/section/app-orphanapp/div[4]/div/div/div/div[4] is equal toShowing 1 to 10 of 49 entries. :Assertion Passed
test_step_click ACCOUNTS PAYABLE
test_step_click Submit
Assertion Passed: Expected Showing 1 to 10 of 26 entries for the Xpath/html/body/app-root/app-layout/section/app-orphanapp/div[4]/div/div/div/div[4] is equal toShowing 1 to 10 of 26 entries. :Assertion Passed
test_step_click Log Out
[32m.[0m


1 spec, 0 failures
Finished in 39.719 seconds

[15:13:26] I/launcher - 0 instance(s) of WebDriver still running
[15:13:26] I/launcher - chrome #01 passed
