[11:17:13] I/launcher - Running 1 instances of WebDriver
[11:17:13] I/hosted - Using the selenium server at http://localhost:4444/wd/hub
Started
null
test_step_inputdemouser
test_step_inputdemouser1
test_step_click Login
test_step_click   Spider
Assertion Passed: Expected Spider Diagram for the Xpath/html/body/app-root/app-layout/section/app-spiderfilterapp/div[1]/app-page-header/div/div/ol/li[2] contain Spider Diagram. :Assertion Passed
presence
Assertion Passed: Expected element xpath /html/body/app-root/app-layout/section/app-spiderfilterapp/div[2]/div/div[1]/label is present in current page. :Assertion Passed
presence
Assertion Passed: Expected element xpath /html/body/app-root/app-layout/section/app-spiderfilterapp/div[2]/div/div[2]/select is present in current page. :Assertion Passed
presence
Assertion Passed: Expected element xpath /html/body/app-root/app-layout/section/app-spiderfilterapp/div[2]/div/div[3]/label is present in current page. :Assertion Passed
presence
Assertion Passed: Expected element xpath /html/body/app-root/app-layout/section/app-spiderfilterapp/div[2]/div/div[4]/select is present in current page. :Assertion Passed
presence
Assertion Passed: Expected element xpath /html/body/app-root/app-layout/section/app-spiderfilterapp/div[3]/div/div[1]/label is present in current page. :Assertion Passed
presence
Assertion Passed: Expected element xpath /html/body/app-root/app-layout/section/app-spiderfilterapp/div[3]/div/div[2]/select is present in current page. :Assertion Passed
presence
Assertion Passed: Expected element xpath /html/body/app-root/app-layout/section/app-spiderfilterapp/div[3]/div/div[3]/label is present in current page. :Assertion Passed
presence
Assertion Passed: Expected element xpath /html/body/app-root/app-layout/section/app-spiderfilterapp/div[3]/div/div[4]/select is present in current page. :Assertion Passed
presence
Assertion Passed: Expected element xpath /html/body/app-root/app-layout/section/app-spiderfilterapp/div[3]/div/div[5]/button is present in current page. :Assertion Passed
test_step_click Log Out
[32m.[0m


1 spec, 0 failures
Finished in 39.385 seconds

[11:17:59] I/launcher - 0 instance(s) of WebDriver still running
[11:17:59] I/launcher - chrome #01 passed
