[23:03:08] I/launcher - Running 1 instances of WebDriver
[23:03:08] I/hosted - Using the selenium server at http://localhost:4444/wd/hub
Started
null
test_step_inputadmin
test_step_inputadmin1
test_step_click Login
test_step_click   Dashboard
Assertion Passed: Expected Dashboard - LCaaS for the Xpath/html/body/app-root/app-layout/section/app-dashboard/div[1]/h2 contain Dashboard. :Assertion Passed
[23:04:03] W/element - more than one element found for locator By(xpath,  //h2) - the first result will be used
[23:04:03] W/element - more than one element found for locator By(xpath,  //h2) - the first result will be used
[23:04:03] W/element - more than one element found for locator By(xpath,  //h2) - the first result will be used
test_step_click Dashboard - LCaaS
[23:04:03] W/element - more than one element found for locator By(xpath,  //h2) - the first result will be used
[23:04:03] W/element - more than one element found for locator By(xpath,  //h2) - the first result will be used
[23:04:03] W/element - more than one element found for locator By(xpath,  //h2) - the first result will be used
[23:04:03] W/element - more than one element found for locator By(xpath,  //h2) - the first result will be used
[23:04:03] W/element - more than one element found for locator By(xpath,  //h2) - the first result will be used
test_step_click Dashboard - LCaaS
[23:04:04] W/element - more than one element found for locator By(xpath,  //h2) - the first result will be used
[23:04:04] W/element - more than one element found for locator By(xpath,  //h2) - the first result will be used
[32m.[0m


1 spec, 0 failures
Finished in 50.857 seconds

[23:04:05] I/launcher - 0 instance(s) of WebDriver still running
[23:04:05] I/launcher - chrome #01 passed
