[14:36:49] I/launcher - Running 1 instances of WebDriver
[14:36:49] I/hosted - Using the selenium server at http://localhost:4444/wd/hub
Started
null
test_step_inputdemouser
test_step_inputdemouser1
test_step_click Login
test_step_click Flow Diagrams
test_step_click Call Chain
test_step_click All
test_step_click Submit
Assertion Passed: Expected Please select all values for the Xpath/html/body/app-root/app-layout/section/app-callchainapp/div[3]/div/div[7]/label is equal toPlease select all values. :Assertion Passed
test_step_click CODEBEHIND
test_step_click About.aspx.vb
test_step_click Forward Call Chain
test_step_click Submit
Assertion Passed: Expected Data not available for selected component! for the Xpath/html/body/app-root/app-layout/section/app-callchainapp/div[3]/div/div[7]/label is equal toData not available for selected component!. :Assertion Passed
test_step_click Log Out
[32m.[0m


1 spec, 0 failures
Finished in 20.407 seconds

[14:37:13] I/launcher - 0 instance(s) of WebDriver still running
[14:37:13] I/launcher - chrome #01 passed
