[13:46:56] I/launcher - Running 1 instances of WebDriver
[13:46:56] I/hosted - Using the selenium server at http://localhost:4444/wd/hub
Started
null
test_step_inputdemouser
test_step_inputdemouser1
test_step_click Login
test_step_click Business Rule Extraction
test_step_click Rule Category
test_step_click Business Rule
test_step_click Submit
Assertion Passed: Expected Total no of records: undefined for the Xpath/html/body/app-root/app-layout/section/app-bre3/div[4]/div[5]/label is equal toTotal no of records: undefined. :Assertion Passed
test_step_click Technical Rule
test_step_click Submit
Assertion Passed: Expected Total no of records: undefined for the Xpath/html/body/app-root/app-layout/section/app-bre3/div[4]/div[5]/label is equal toTotal no of records: undefined. :Assertion Passed
test_step_click Other Action
test_step_click Submit
Assertion Passed: Expected Total no of records: undefined for the Xpath/html/body/app-root/app-layout/section/app-bre3/div[4]/div[5]/label is equal toTotal no of records: undefined. :Assertion Passed
test_step_click Business Action
test_step_click Submit
Assertion Passed: Expected Total no of records: undefined for the Xpath/html/body/app-root/app-layout/section/app-bre3/div[4]/div[5]/label is equal toTotal no of records: undefined. :Assertion Passed
test_step_click Log Out
[32m.[0m


1 spec, 0 failures
Finished in 65.951 seconds

[13:48:06] I/launcher - 0 instance(s) of WebDriver still running
[13:48:06] I/launcher - chrome #01 passed
