[16:40:24] I/launcher - Running 1 instances of WebDriver
[16:40:24] I/hosted - Using the selenium server at http://localhost:4444/wd/hub
Started
null
test_step_inputdemouser
test_step_inputdemouser1
test_step_click Login
test_step_click Missing Component
test_step_click All
test_step_click Submit
test_step_click Showing 1 to 1 of 1 entries
presence
Assertion Passed: Expected element xpath /html/body/app-root/app-layout/section/app-missingcompapp/div[2]/div[3]/select/option[2] is present in current page. :Assertion Passed
Assertion Passed: Expected Showing 1 to 1 of 1 entries for the Xpath/html/body/app-root/app-layout/section/app-missingcompapp/div[3]/div/div/div/div[4] is equal toShowing 1 to 1 of 1 entries. :Assertion Passed
test_step_click Log Out
[32m.[0m


1 spec, 0 failures
Finished in 28.759 seconds

[16:40:59] I/launcher - 0 instance(s) of WebDriver still running
[16:40:59] I/launcher - chrome #01 passed
