[11:58:12] I/launcher - Running 1 instances of WebDriver
[11:58:12] I/hosted - Using the selenium server at http://localhost:4444/wd/hub
Started
null
test_step_inputadmin
test_step_inputadmin1
test_step_click Login
test_step_click Flow Diagrams
test_step_click Program Process Flow
presence
Assertion Passed: Expected element xpath /html/body/app-root/app-layout/section/app-programprocessflowext/div[4]/div[2]/select is present in current page. :Assertion Passed
presence
Assertion Passed: Expected element xpath /html/body/app-root/app-layout/section/app-programprocessflowext/div[4]/div[4]/select is present in current page. :Assertion Passed
presence
Assertion Passed: Expected element xpath /html/body/app-root/app-layout/section/app-programprocessflowext/div[6]/div[2]/select is present in current page. :Assertion Passed
presence
Assertion Passed: Expected element xpath /html/body/app-root/app-layout/section/app-programprocessflowext/div[4]/div[5]/button is present in current page. :Assertion Passed
test_step_click Dashboard
test_step_click Log Out
[32m.[0m


1 spec, 0 failures
Finished in 33.796 seconds

[11:58:52] I/launcher - 0 instance(s) of WebDriver still running
[11:58:52] I/launcher - chrome #01 passed
