[15:01:23] I/launcher - Running 1 instances of WebDriver
[15:01:23] I/hosted - Using the selenium server at http://localhost:4444/wd/hub
Started
null
test_step_inputdemouser
test_step_inputdemouser1
test_step_click Login
Assertion Passed: Expected 12
Components for the Xpath/html/body/app-root/app-layout/section/app-dashboard/div[1]/div[2]/div[1]/a/app-stat/div/div/div/div[2] contain 12. :Assertion Passed
Assertion Passed: Expected 10913
Lines of Code for the Xpath/html/body/app-root/app-layout/section/app-dashboard/div[1]/div[2]/div[2]/a/app-stat/div/div/div/div[2] contain 10913. :Assertion Passed
Assertion Passed: Expected 22
No of Tables for the Xpath/html/body/app-root/app-layout/section/app-dashboard/div[1]/div[2]/div[3]/a/app-stat/div/div/div/div[2] contain 22. :Assertion Passed
Assertion Passed: Expected 11
Orphan/Driver Components for the Xpath/html/body/app-root/app-layout/section/app-dashboard/div[1]/div[4]/div[1]/a/app-stat/div/div/div/div[2] contain 11. :Assertion Passed
Assertion Passed: Expected 11
Missing Components for the Xpath/html/body/app-root/app-layout/section/app-dashboard/div[1]/div[4]/div[2]/a/app-stat/div/div/div/div[2] contain 11. :Assertion Passed
Assertion Passed: Expected 0
Lines of Dead Code for the Xpath/html/body/app-root/app-layout/section/app-dashboard/div[1]/div[4]/div[3]/a/app-stat/div/div/div/div[2] contain 0. :Assertion Passed
test_step_click Log Out
[32m.[0m


1 spec, 0 failures
Finished in 21.444 seconds

[15:01:57] I/launcher - 0 instance(s) of WebDriver still running
[15:01:57] I/launcher - chrome #01 passed
