[15:22:39] I/launcher - Running 1 instances of WebDriver
[15:22:39] I/hosted - Using the selenium server at http://localhost:4444/wd/hub
Started
null
test_step_inputdemouser
test_step_inputdemouser1
test_step_click Login
test_step_click Master Inventory
test_step_click All
test_step_click Submit
[15:23:21] W/element - more than one element found for locator By(xpath,  //td) - the first result will be used
[15:23:21] W/element - more than one element found for locator By(xpath,  //td) - the first result will be used
[15:23:21] W/element - more than one element found for locator By(xpath,  //td) - the first result will be used
test_step_click customers_audit_trg
[15:23:21] W/element - more than one element found for locator By(xpath,  //td) - the first result will be used
[15:23:24] W/element - more than one element found for locator By(xpath,  //td) - the first result will be used
test_step_click customers_audit_trg
Assertion Passed: Expected customers_audit_trg for the Xpath/html/body/ngb-modal-window/div/div/div[1]/label[1] contain customers_audit_trg. :Assertion Passed
Assertion Passed: Expected CREATE OR REPLACE TRIGGER CUSTOMERS_AUDIT_TRG
    AFTER
    UPDATE OR DELETE
    ON customers
    FOR EACH ROW    
DECLARE
   l_transaction VARCHAR2(10);
BEGIN
   -- determine the transaction type
   -- determine the transaction type
   l_transaction := CASE  
         WHEN UPDATING THEN 'UPDATE'
         WHEN DELETING THEN 'DELETE'
   END;

   -- insert a row into the audit table   
   -- insert a row into the audit table   
   INSERT INTO audits (table_name, transaction_name, by_user, transaction_date)
   VALUES('CUSTOMERS', l_transaction, USER, SYSDATE);
END;
/ for the Xpath/html/body/ngb-modal-window/div/div/div[2]/div[1] contain . :Assertion Passed
test_step_click ×
test_step_click Log Out
[32m.[0m


1 spec, 0 failures
Finished in 44.369 seconds

[15:23:31] I/launcher - 0 instance(s) of WebDriver still running
[15:23:31] I/launcher - chrome #01 passed
