[14:02:32] I/launcher - Running 1 instances of WebDriver
[14:02:32] I/hosted - Using the selenium server at http://localhost:4444/wd/hub
Started
null
test_step_inputadmin
test_step_inputadmin1
test_step_click Login
test_step_click CICS Screen Report
test_step_click CICS X-Ref
test_step_click All
test_step_click Submit
presence
xpath in same page
assert CICS X-Ref
CICS X-Ref
Assertion Passed: Expected CICS X-Ref Report for the Xpath/html/body/app-root/app-layout/section/app-cics-x-ref-app/div[1]/app-page-header/div/div/ol/li[2] contain  CICS X-Ref . :Assertion Passed
Assertion Passed: Expected Total no of records: 21 for the Xpath/html/body/app-root/app-layout/section/app-cics-x-ref-app/div[4]/div[5]/label is equal toTotal no of records: 21. :Assertion Passed
test_step_click ACCOUNTS PAYABLE
test_step_click Submit
Assertion Passed: Expected Total no of records: 21 for the Xpath/html/body/app-root/app-layout/section/app-cics-x-ref-app/div[4]/div[5]/label is equal toTotal no of records: 21. :Assertion Passed
test_step_click Log Out
[32m.[0m


1 spec, 0 failures
Finished in 36.337 seconds

[14:03:15] I/launcher - 0 instance(s) of WebDriver still running
[14:03:15] I/launcher - chrome #01 passed
