[17:37:40] I/launcher - Running 1 instances of WebDriver
[17:37:41] I/hosted - Using the selenium server at http://localhost:4444/wd/hub
Started
null
test_step_inputadmin
test_step_inputadmin1
test_step_click Login
test_step_click Technical Debt Report
[17:38:02] W/element - more than one element found for locator By(xpath,  //a[@href="/vb6/orphanApplication"]) - the first result will be used
[17:38:02] W/element - more than one element found for locator By(xpath,  //a[@href="/vb6/orphanApplication"]) - the first result will be used
[17:38:02] W/element - more than one element found for locator By(xpath,  //a[@href="/vb6/orphanApplication"]) - the first result will be used
test_step_click Orphan Report
[17:38:02] W/element - more than one element found for locator By(xpath,  //a[@href="/vb6/orphanApplication"]) - the first result will be used
[17:38:02] W/element - more than one element found for locator By(xpath,  //a[@href="/vb6/orphanApplication"]) - the first result will be used
test_step_click CUSTOMER
test_step_click Submit
presence
Assertion Passed: Expected element xpath /html/body/app-root/app-layout/section/app-orphanapp/div[4]/div/div/div/div[3]/div[2]/table/tbody/tr/td[1] is present in current page. :Assertion Passed
[17:38:04] W/element - more than one element found for locator By(xpath,  //td) - the first result will be used
[17:38:04] W/element - more than one element found for locator By(xpath,  //td) - the first result will be used
[17:38:04] W/element - more than one element found for locator By(xpath,  //td) - the first result will be used
test_step_click frmCustAdd
[17:38:04] W/element - more than one element found for locator By(xpath,  //td) - the first result will be used
[17:38:04] W/element - more than one element found for locator By(xpath,  //td) - the first result will be used
test_step_click ×
test_step_click EMPLOYEE
test_step_click Submit
test_step_click MAIN
test_step_click Submit
presence
Assertion Passed: Expected element xpath /html/body/app-root/app-layout/section/app-orphanapp/div[4]/div/div/div/div[3]/div[2]/table/tbody/tr/td[1] is present in current page. :Assertion Passed
[17:38:06] W/element - more than one element found for locator By(xpath,  //td) - the first result will be used
[17:38:07] W/element - more than one element found for locator By(xpath,  //td) - the first result will be used
[17:38:07] W/element - more than one element found for locator By(xpath,  //td) - the first result will be used
test_step_click FlashScreenForm
[17:38:07] W/element - more than one element found for locator By(xpath,  //td) - the first result will be used
[17:38:07] W/element - more than one element found for locator By(xpath,  //td) - the first result will be used
test_step_click ×
test_step_click PURCHASE
test_step_click Submit
[17:38:08] W/element - more than one element found for locator By(xpath,  //td) - the first result will be used
[17:38:08] W/element - more than one element found for locator By(xpath,  //td) - the first result will be used
[17:38:08] W/element - more than one element found for locator By(xpath,  //td) - the first result will be used
test_step_click FlashScreenForm
[17:38:08] W/element - more than one element found for locator By(xpath,  //td) - the first result will be used
[17:38:08] W/element - more than one element found for locator By(xpath,  //td) - the first result will be used
test_step_click ×
presence
Assertion Passed: Expected element xpath /html/body/app-root/app-layout/section/app-orphanapp/div[4]/div/div/div/div[3]/div[2]/table/tbody/tr[1]/td[1] is present in current page. :Assertion Passed
test_step_click SALES
test_step_click Submit
presence
Assertion Passed: Expected element xpath /html/body/app-root/app-layout/section/app-orphanapp/div[4]/div/div/div/div[3]/div[2]/table/tbody/tr/td is present in current page. :Assertion Passed
[32m.[0m


1 spec, 0 failures
Finished in 26.553 seconds

[17:38:10] I/launcher - 0 instance(s) of WebDriver still running
[17:38:10] I/launcher - chrome #01 passed
