[13:48:45] I/launcher - Running 1 instances of WebDriver
[13:48:45] I/hosted - Using the selenium server at http://localhost:4444/wd/hub
Started
null
test_step_inputadmin
test_step_inputadmin1
test_step_click Login
test_step_click CICS Screen Report
test_step_click Screen Definition
test_step_click All
test_step_click ADPG005
test_step_click Submit
presence
xpath in same page
assert Screen Definition
Screen Definition
Assertion Passed: Expected Screen Definition Report for the Xpath/html/body/app-root/app-layout/section/app-cicsscreen-app/div[1]/app-page-header/div/div/ol/li[2] contain  Screen Definition . :Assertion Passed
Assertion Passed: Expected Showing 1 to 10 of 558 entries for the Xpath/html/body/app-root/app-layout/section/app-cicsscreen-app/div[5]/div[1]/div/div/div[4] is equal toShowing 1 to 10 of 558 entries. :Assertion Passed
test_step_click ACCOUNTS PAYABLE
test_step_click Submit
Assertion Passed: Expected Showing 1 to 10 of 42 entries for the Xpath/html/body/app-root/app-layout/section/app-cicsscreen-app/div[5]/div[1]/div/div/div[4] is equal toShowing 1 to 10 of 42 entries. :Assertion Passed
test_step_click Log Out
[32m.[0m


1 spec, 0 failures
Finished in 36.187 seconds

[13:49:27] I/launcher - 0 instance(s) of WebDriver still running
[13:49:27] I/launcher - chrome #01 passed
