[13:24:07] I/launcher - Running 1 instances of WebDriver
[13:24:07] I/hosted - Using the selenium server at http://localhost:4444/wd/hub
Started
null
test_step_inputdemouser
test_step_inputdemouser1
test_step_click Login
test_step_click Commented Lines Report
test_step_click All
test_step_click Submit
Assertion Passed: Expected Showing 1 to 10 of 77 entries for the Xpath/html/body/app-root/app-layout/section/app-commentedlinesapp/div[4]/div/div/div/div[4] is equal toShowing 1 to 10 of 77 entries. :Assertion Passed
test_step_click APARTMENT
test_step_click Submit
Assertion Passed: Expected Showing 1 to 8 of 8 entries for the Xpath/html/body/app-root/app-layout/section/app-commentedlinesapp/div[4]/div/div/div/div[4] is equal toShowing 1 to 8 of 8 entries. :Assertion Passed
test_step_click Log Out
[32m.[0m


1 spec, 0 failures
Finished in 61.502 seconds

[13:25:15] I/launcher - 0 instance(s) of WebDriver still running
[13:25:15] I/launcher - chrome #01 passed
