[15:43:27] I/launcher - Running 1 instances of WebDriver
[15:43:27] I/hosted - Using the selenium server at http://localhost:4444/wd/hub
Started
null
test_step_inputdemouser
test_step_inputdemouser1
test_step_click Login
test_step_click CRUD
test_step_click All
test_step_click Submit
presence
Assertion Passed: Expected element xpath /html/body/app-root/app-layout/section/app-formapp/div[3]/div[3]/select/option[2] is present in current page. :Assertion Passed
Assertion Passed: Expected Showing 1 to 10 of 108 entries for the Xpath/html/body/app-root/app-layout/section/app-formapp/div[4]/div/div/div/div[4] contain Showing 1 to 10 of 108 entries. :Assertion Passed
test_step_click Employee Record
test_step_click Submit
presence
Assertion Passed: Expected element xpath /html/body/app-root/app-layout/section/app-formapp/div[3]/div[3]/select/option[3] is present in current page. :Assertion Passed
Assertion Passed: Expected Showing 0 to 0 of 0 entries for the Xpath/html/body/app-root/app-layout/section/app-formapp/div[4]/div/div/div/div[4] contain Showing 0 to 0 of 0 entries. :Assertion Passed
test_step_click Log Out
[32m.[0m


1 spec, 0 failures
Finished in 36.237 seconds

[15:44:11] I/launcher - 0 instance(s) of WebDriver still running
[15:44:11] I/launcher - chrome #01 passed
