[14:48:32] I/launcher - Running 1 instances of WebDriver
[14:48:32] I/hosted - Using the selenium server at http://localhost:4444/wd/hub
Started
null
test_step_inputdemouser
test_step_inputdemouser1
test_step_click Login
test_step_click Harvesting Reports
test_step_click Rule Harvesting report
test_step_click BOOKING
test_step_click PhoneBookingForm.frm
test_step_click Combo2
test_step_click Submit
presence
Assertion Passed: Expected element xpath /html/body/app-root/app-layout/section/app-bre/div[5]/div[2]/select/option[2] is present in current page. :Assertion Passed
presence
Assertion Passed: Expected element xpath /html/body/app-root/app-layout/section/app-bre/div[5]/div[4]/select/option[3] is present in current page. :Assertion Passed
presence
Assertion Passed: Expected element xpath /html/body/app-root/app-layout/section/app-bre/div[6]/div[2]/select/option[2] is present in current page. :Assertion Passed
Assertion Passed: Expected Showing 1 to 2 of 2 entries for the Xpath/html/body/app-root/app-layout/section/app-bre/div[8]/div/div/div/div[4] is equal toShowing 1 to 2 of 2 entries. :Assertion Passed
test_step_click CUSTOMER
test_step_click CustomerForm.frm
test_step_click ButDelete
test_step_click Submit
presence
Assertion Passed: Expected element xpath /html/body/app-root/app-layout/section/app-bre/div[5]/div[2]/select/option[3] is present in current page. :Assertion Passed
presence
Assertion Passed: Expected element xpath /html/body/app-root/app-layout/section/app-bre/div[5]/div[4]/select/option[2] is present in current page. :Assertion Passed
presence
Assertion Passed: Expected element xpath /html/body/app-root/app-layout/section/app-bre/div[6]/div[2]/select/option[2] is present in current page. :Assertion Passed
Assertion Passed: Expected Showing 1 to 1 of 1 entries for the Xpath/html/body/app-root/app-layout/section/app-bre/div[8]/div/div/div/div[4] is equal toShowing 1 to 1 of 1 entries. :Assertion Passed
[32m.[0m


1 spec, 0 failures
Finished in 32.583 seconds

[14:49:10] I/launcher - 0 instance(s) of WebDriver still running
[14:49:10] I/launcher - chrome #01 passed
