[15:23:30] I/launcher - Running 1 instances of WebDriver
[15:23:30] I/hosted - Using the selenium server at http://localhost:4444/wd/hub
Started
null
test_step_inputdemouser
test_step_inputdemouser1
test_step_click Login
test_step_click Sankey Diagram
presence
Assertion Passed: Expected element xpath /html/body/app-root/app-layout/section/app-sankey/div[2]/div[1]/label is present in current page. :Assertion Passed
presence
Assertion Passed: Expected element xpath /html/body/app-root/app-layout/section/app-sankey/div[2]/div[3]/label is present in current page. :Assertion Passed
presence
Assertion Passed: Expected element xpath /html/body/app-root/app-layout/section/app-sankey/div[1]/app-page-header/div/div/ol/li[1]/a is present in current page. :Assertion Passed
test_step_click ANONYMOUS
test_step_click Inbound
test_step_click Submit
presence
Assertion Passed: Expected element xpath /html/body/app-root/app-layout/section/app-sankey/div[2]/div[6]/button is present in current page. :Assertion Passed
test_step_click Log Out
[32m.[0m


1 spec, 0 failures
Finished in 28.778 seconds

[15:24:05] I/launcher - 0 instance(s) of WebDriver still running
[15:24:05] I/launcher - chrome #01 passed
