[14:03:37] I/launcher - Running 1 instances of WebDriver
[14:03:37] I/hosted - Using the selenium server at http://localhost:4444/wd/hub
Started
null
test_step_inputdemouser
test_step_inputdemouser1
test_step_click Login
test_step_click Screen Report
test_step_click Screen Definition
presence
Assertion Passed: Expected element xpath /html/body/app-root/app-layout/section/app-cicsscreen-app/div[4]/div[2]/select/option[1] is present in current page. :Assertion Passed
presence
Assertion Passed: Expected element xpath /html/body/app-root/app-layout/section/app-cicsscreen-app/div[4]/div[4]/select/option is present in current page. :Assertion Passed
Assertion Passed:  /html/body/app-root/app-layout/section/app-cicsscreen-app/div[4]/div[5]/button is enabled. :Assertion Passed
presence
Assertion Passed: Expected element xpath /html/body/app-root/app-layout/section/app-cicsscreen-app/div[5]/div[1]/div/div/div[3]/div[2]/table/tbody/tr/td is present in current page. :Assertion Passed
[32m.[0m


1 spec, 0 failures
Finished in 20.394 seconds

[14:04:00] I/launcher - 0 instance(s) of WebDriver still running
[14:04:00] I/launcher - chrome #01 passed
