[12:54:53] I/launcher - Running 1 instances of WebDriver
[12:54:53] I/hosted - Using the selenium server at http://localhost:4444/wd/hub
Started
null
test_step_inputdemouser
test_step_inputdemouser1
test_step_click Login
test_step_click Flow Diagrams
test_step_click Program Process Flow
test_step_click APARTMENT
test_step_click AddApartment.java
test_step_click doPost
test_step_click Submit
test_step_click Download
[31mF[0m

Failures:
1) java programprocessflow
  Message:
[31m    Failed: disconnected: Unable to receive message from renderer
      (Session info: chrome=100.0.4896.127)
    Build info: version: '3.141.59', revision: 'e82be7d358', time: '2018-11-14T08:25:53'
    System info: host: 'INCHCMLP12143', ip: '192.168.148.57', os.name: 'Windows 10', os.arch: 'amd64', os.version: '10.0', java.version: '9.0.4'
    Driver info: driver.version: unknown[0m
  Stack:
    WebDriverError: disconnected: Unable to receive message from renderer
      (Session info: chrome=100.0.4896.127)
    Build info: version: '3.141.59', revision: 'e82be7d358', time: '2018-11-14T08:25:53'
    System info: host: 'INCHCMLP12143', ip: '192.168.148.57', os.name: 'Windows 10', os.arch: 'amd64', os.version: '10.0', java.version: '9.0.4'
    Driver info: driver.version: unknown
        at Object.checkLegacyResponse (C:\Users\sv00810785\AppData\Roaming\npm\node_modules\protractor\node_modules\selenium-webdriver\lib\error.js:546:15)
        at parseHttpResponse (C:\Users\sv00810785\AppData\Roaming\npm\node_modules\protractor\node_modules\selenium-webdriver\lib\http.js:509:13)
        at C:\Users\sv00810785\AppData\Roaming\npm\node_modules\protractor\node_modules\selenium-webdriver\lib\http.js:441:30
        at runMicrotasks (<anonymous>)
        at processTicksAndRejections (node:internal/process/task_queues:96:5)
    From: Task: WebElement.click()
        at thenableWebDriverProxy.schedule (C:\Users\sv00810785\AppData\Roaming\npm\node_modules\protractor\node_modules\selenium-webdriver\lib\webdriver.js:807:17)
        at WebElement.schedule_ (C:\Users\sv00810785\AppData\Roaming\npm\node_modules\protractor\node_modules\selenium-webdriver\lib\webdriver.js:2010:25)
        at WebElement.click (C:\Users\sv00810785\AppData\Roaming\npm\node_modules\protractor\node_modules\selenium-webdriver\lib\webdriver.js:2092:17)
        at actionFn (C:\Users\sv00810785\AppData\Roaming\npm\node_modules\protractor\built\element.js:89:44)
        at Array.map (<anonymous>)
        at C:\Users\sv00810785\AppData\Roaming\npm\node_modules\protractor\built\element.js:461:65
        at ManagedPromise.invokeCallback_ (C:\Users\sv00810785\AppData\Roaming\npm\node_modules\protractor\node_modules\selenium-webdriver\lib\promise.js:1376:14)
        at TaskQueue.execute_ (C:\Users\sv00810785\AppData\Roaming\npm\node_modules\protractor\node_modules\selenium-webdriver\lib\promise.js:3084:14)
        at TaskQueue.executeNext_ (C:\Users\sv00810785\AppData\Roaming\npm\node_modules\protractor\node_modules\selenium-webdriver\lib\promise.js:3067:27)
        at C:\Users\sv00810785\AppData\Roaming\npm\node_modules\protractor\node_modules\selenium-webdriver\lib\promise.js:2927:27Error
        at ElementArrayFinder.applyAction_ (C:\Users\sv00810785\AppData\Roaming\npm\node_modules\protractor\built\element.js:459:27)
        at ElementArrayFinder.<computed> [as click] (C:\Users\sv00810785\AppData\Roaming\npm\node_modules\protractor\built\element.js:91:29)
        at ElementFinder.<computed> [as click] (C:\Users\sv00810785\AppData\Roaming\npm\node_modules\protractor\built\element.js:831:22)
        at UserContext.<anonymous> (D:\iTAP\Recorded_Scenarios\java\programprocessflow\spec.js:364:51)
        at C:\Users\sv00810785\AppData\Roaming\npm\node_modules\protractor\node_modules\jasminewd2\index.js:112:25
        at new ManagedPromise (C:\Users\sv00810785\AppData\Roaming\npm\node_modules\protractor\node_modules\selenium-webdriver\lib\promise.js:1077:7)
        at ControlFlow.promise (C:\Users\sv00810785\AppData\Roaming\npm\node_modules\protractor\node_modules\selenium-webdriver\lib\promise.js:2505:12)
        at schedulerExecute (C:\Users\sv00810785\AppData\Roaming\npm\node_modules\protractor\node_modules\jasminewd2\index.js:95:18)
        at TaskQueue.execute_ (C:\Users\sv00810785\AppData\Roaming\npm\node_modules\protractor\node_modules\selenium-webdriver\lib\promise.js:3084:14)
        at TaskQueue.executeNext_ (C:\Users\sv00810785\AppData\Roaming\npm\node_modules\protractor\node_modules\selenium-webdriver\lib\promise.js:3067:27)
    From: Task: Run it("programprocessflow") in control flow
        at UserContext.<anonymous> (C:\Users\sv00810785\AppData\Roaming\npm\node_modules\protractor\node_modules\jasminewd2\index.js:94:19)
    From asynchronous test: 
    Error
        at Suite.<anonymous> (D:\iTAP\Recorded_Scenarios\java\programprocessflow\spec.js:8:21)
        at Object.<anonymous> (D:\iTAP\Recorded_Scenarios\java\programprocessflow\spec.js:7:15)
        at Module._compile (node:internal/modules/cjs/loader:1103:14)
        at Object.Module._extensions..js (node:internal/modules/cjs/loader:1155:10)
        at Module.load (node:internal/modules/cjs/loader:981:32)
        at Function.Module._load (node:internal/modules/cjs/loader:822:12)

1 spec, 1 failure
Finished in 404.385 seconds

[13:01:43] I/launcher - 0 instance(s) of WebDriver still running
[13:01:43] I/launcher - chrome #01 failed 1 test(s)
[13:01:43] I/launcher - overall: 1 failed spec(s)
[13:01:43] E/launcher - Process exited with error code 1
