[13:10:37] I/launcher - Running 1 instances of WebDriver
[13:10:37] I/hosted - Using the selenium server at http://localhost:4444/wd/hub
Started
null
test_step_inputadmin
test_step_inputadmin1
test_step_click Login
test_step_click   Glossary
presence
Assertion Passed: Expected element xpath /html/body/app-root/app-layout/section/app-bre/div[3]/div[2]/input is present in current page. :Assertion Passed
presence
Assertion Passed: Expected element xpath /html/body/app-root/app-layout/section/app-bre/div[3]/div[3]/button is present in current page. :Assertion Passed
presence
Assertion Passed: Expected element xpath /html/body/app-root/app-layout/section/app-bre/div[3]/div[7]/button is present in current page. :Assertion Passed
presence
Assertion Passed: Expected element xpath /html/body/app-root/app-layout/section/app-bre/div[4]/div[1]/div/div/div[1]/label is present in current page. :Assertion Passed
presence
Assertion Passed: Expected element xpath /html/body/app-root/app-layout/section/app-bre/div[4]/div[1]/div/div/div[2]/label is present in current page. :Assertion Passed
test_step_click Dashboard
test_step_click Log Out
[32m.[0m


1 spec, 0 failures
Finished in 30.076 seconds

[13:11:13] I/launcher - 0 instance(s) of WebDriver still running
[13:11:13] I/launcher - chrome #01 passed
