[10:24:02] I/launcher - Running 1 instances of WebDriver
[10:24:02] I/hosted - Using the selenium server at http://localhost:4444/wd/hub
Started
null
test_step_inputdemouser
test_step_inputdemouser1
test_step_click Login
test_step_click Master Inventory
test_step_click All
test_step_click Submit
presence
Assertion Passed: Expected element xpath /html/body/app-root/app-layout/section/app-masterinvapp/div[3]/div[3]/select/option[2] is present in current page. :Assertion Passed
test_step_click Submit
test_step_click X-Ref Report
test_step_click Submit
test_step_click Submit
test_step_click   Spider
test_step_click Submit
presence
Assertion Passed: Expected element xpath /html/body/app-root/app-layout/section/app-spiderfilterapp/div[2]/div/div[2]/select/option[2] is present in current page. :Assertion Passed
presence
Assertion Passed: Expected element xpath /html/body/app-root/app-layout/section/app-spiderfilterapp/div[2]/div/div[4]/select/option[2] is present in current page. :Assertion Passed
presence
Assertion Passed: Expected element xpath /html/body/app-root/app-layout/section/app-spiderfilterapp/div[3]/div/div[2]/select/option[2] is present in current page. :Assertion Passed
presence
Assertion Passed: Expected element xpath /html/body/app-root/app-layout/section/app-spiderfilterapp/div[3]/div/div[4]/select/option[2] is present in current page. :Assertion Passed
[32m.[0m


1 spec, 0 failures
Finished in 38.589 seconds

[10:24:47] I/launcher - 0 instance(s) of WebDriver still running
[10:24:47] I/launcher - chrome #01 passed
