[12:38:32] I/launcher - Running 1 instances of WebDriver
[12:38:32] I/hosted - Using the selenium server at http://localhost:4444/wd/hub
Started
null
test_step_inputadmin
test_step_inputadmin1
test_step_click Login
test_step_click   X-Ref Report
test_step_click All
test_step_click 
test_step_click Submit
test_step_inputCOBOL
test_step_click Clear Search
Assertion Passed: Expected  for the Xpath//input[@id="searchFilter"] is equal to. :Assertion Passed
test_step_click Log Out
[32m.[0m


1 spec, 0 failures
Finished in 27.714 seconds

[12:39:06] I/launcher - 0 instance(s) of WebDriver still running
[12:39:06] I/launcher - chrome #01 passed
