[16:34:14] I/launcher - Running 1 instances of WebDriver
[16:34:14] I/hosted - Using the selenium server at http://localhost:4444/wd/hub
Started
null
test_step_inputdemouser
test_step_inputdemouser1
test_step_click Login
[16:34:41] W/element - more than one element found for locator By(xpath,  //a[@href="/vb6/CRUD"]) - the first result will be used
[16:34:41] W/element - more than one element found for locator By(xpath,  //a[@href="/vb6/CRUD"]) - the first result will be used
[16:34:41] W/element - more than one element found for locator By(xpath,  //a[@href="/vb6/CRUD"]) - the first result will be used
test_step_click   CRUD
[16:34:46] W/element - more than one element found for locator By(xpath,  //a[@href="/vb6/CRUD"]) - the first result will be used
[16:34:46] W/element - more than one element found for locator By(xpath,  //a[@href="/vb6/CRUD"]) - the first result will be used
test_step_click Glossary
test_step_click Showing 1 to 10 of 428 entries
Assertion Passed: Expected Showing 1 to 10 of 428 entries for the Xpath/html/body/app-root/app-layout/section/app-bre/div[4]/div[1]/div/div/div[4] is equal toShowing 1 to 10 of 428 entries. :Assertion Passed
test_step_click Log Out
[32m.[0m


1 spec, 0 failures
Finished in 30.155 seconds

[16:34:51] I/launcher - 0 instance(s) of WebDriver still running
[16:34:51] I/launcher - chrome #01 passed
