[13:49:01] I/launcher - Running 1 instances of WebDriver
[13:49:01] I/hosted - Using the selenium server at http://localhost:4444/wd/hub
Started
null
test_step_inputdemouser
test_step_inputdemouser1
test_step_click Login
test_step_click Master Inventory
presence
Assertion Passed: Expected element xpath /html/body/app-root/app-layout/section/app-masterinvapp/div[1]/app-page-header/div/div/ol/li[2] is present in current page. :Assertion Passed
test_step_click X-Ref Report
presence
Assertion Passed: Expected element xpath /html/body/app-root/app-layout/section/app-x-ref-application/div[1]/app-page-header/div/div/ol/li[2] is present in current page. :Assertion Passed
test_step_click   Spider
presence
Assertion Passed: Expected element xpath /html/body/app-root/app-layout/section/app-spiderfilterapp/div[1]/app-page-header/div/div/ol/li[2] is present in current page. :Assertion Passed
test_step_click Flow Diagrams
test_step_click Call Chain
presence
Assertion Passed: Expected element xpath /html/body/app-root/app-layout/section/app-callchainapp/div[1]/app-page-header/div/div/ol/li[2] is present in current page. :Assertion Passed
test_step_click Control Flow
presence
Assertion Passed: Expected element xpath /html/body/app-root/app-layout/section/app-controlflowapp/div[1]/app-page-header/div/div/ol/li[2] is present in current page. :Assertion Passed
test_step_click Program Process Flow
presence
Assertion Passed: Expected element xpath /html/body/app-root/app-layout/section/app-programprocessflowext/div[1]/app-page-header/div/div/ol/li[2] is present in current page. :Assertion Passed
test_step_click Business Rule Extraction
test_step_click Rules report
presence
Assertion Passed: Expected element xpath /html/body/app-root/app-layout/section/app-bre/div[1]/app-page-header/div/div/ol/li[2] is present in current page. :Assertion Passed
test_step_click Harvesting Reports
test_step_click Rule Harvesting report
presence
Assertion Passed: Expected element xpath /html/body/app-root/app-layout/section/app-bre/div[1]/app-page-header/div/div/ol/li[2] is present in current page. :Assertion Passed
test_step_click Screenfield Harvesting report
presence
Assertion Passed: Expected element xpath /html/body/app-root/app-layout/section/app-cicsscreen-app/div[1]/app-page-header/div/div/ol/li[2] is present in current page. :Assertion Passed
test_step_click Sankey Diagram
presence
Assertion Passed: Expected element xpath /html/body/app-root/app-layout/section/app-sankey/div[1]/app-page-header/div/div/ol/li[2] is present in current page. :Assertion Passed
test_step_click   Screen Report
test_step_click Screen Definition
presence
Assertion Passed: Expected element xpath /html/body/app-root/app-layout/section/app-cicsscreen-app/div[1]/app-page-header/div/div/ol/li[2] is present in current page. :Assertion Passed
test_step_click Screen Validation
presence
Assertion Passed: Expected element xpath /html/body/app-root/app-layout/section/app-cicsvalidation-app/div[1]/app-page-header/div/div/ol/li[2] is present in current page. :Assertion Passed
test_step_click   CRUD
presence
Assertion Passed: Expected element xpath /html/body/app-root/app-layout/section/app-formapp/div[1]/app-page-header/div/div/ol/li[2] is present in current page. :Assertion Passed
test_step_click   Glossary
presence
Assertion Passed: Expected element xpath /html/body/app-root/app-layout/section/app-bre/div[1]/app-page-header/div/div/ol/li[2] is present in current page. :Assertion Passed
test_step_click Variable Impact Report
presence
Assertion Passed: Expected element xpath /html/body/app-root/app-layout/section/app-impact/div[1]/app-page-header/div/div/ol/li[2] is present in current page. :Assertion Passed
test_step_click Commented Lines Report
presence
Assertion Passed: Expected element xpath /html/body/app-root/app-layout/section/app-commentedlinesapp/div[1]/app-page-header/div/div/ol/li[2] is present in current page. :Assertion Passed
test_step_click Technical Debt Report
test_step_click Orphan Report
presence
Assertion Passed: Expected element xpath /html/body/app-root/app-layout/section/app-orphanapp/div[1]/app-page-header/div/div/ol/li[2] is present in current page. :Assertion Passed
test_step_click   User Guide
presence
Assertion Passed: Expected element xpath /html/body/app-root/app-layout/section/app-charts/div/app-page-header/div/div/ol/li[2] is present in current page. :Assertion Passed
test_step_click Log Out
[32m.[0m


1 spec, 0 failures
Finished in 42.588 seconds

[13:49:47] I/launcher - 0 instance(s) of WebDriver still running
[13:49:47] I/launcher - chrome #01 passed
