[14:21:16] I/launcher - Running 1 instances of WebDriver
[14:21:16] I/hosted - Using the selenium server at http://localhost:4444/wd/hub
Started
null
test_step_inputadmin
test_step_inputadmin1
test_step_click Login
test_step_click Business Rule Extraction
test_step_click Rule Category
test_step_click Technical Action
test_step_click Submit
presence
xpath in same page
assert Rule Category
Rule Category
Assertion Passed: Expected Rule Category View Report for the Xpath/html/body/app-root/app-layout/section/app-bre3/div[1]/app-page-header/div/div/ol/li[2] contain  Rule Category . :Assertion Passed
Assertion Passed: Expected Total no of records: undefined for the Xpath/html/body/app-root/app-layout/section/app-bre3/div[4]/div[5]/label is equal toTotal no of records: undefined. :Assertion Passed
test_step_click Business Rule
test_step_click Submit
Assertion Passed: Expected Total no of records: undefined for the Xpath/html/body/app-root/app-layout/section/app-bre3/div[4]/div[5]/label is equal toTotal no of records: undefined. :Assertion Passed
test_step_click Log Out
[32m.[0m


1 spec, 0 failures
Finished in 33.28 seconds

[14:21:55] I/launcher - 0 instance(s) of WebDriver still running
[14:21:55] I/launcher - chrome #01 passed
