[15:47:47] I/launcher - Running 1 instances of WebDriver
[15:47:47] I/hosted - Using the selenium server at http://localhost:4444/wd/hub
Started
null
test_step_inputdemouser
test_step_inputdemouser1
test_step_click Login
test_step_click Screen Report
test_step_click Screen Definition
test_step_click CUSTOMER
test_step_click CustomerListReport.frm
test_step_click Submit
presence
Assertion Passed: Expected element xpath /html/body/app-root/app-layout/section/app-cicsscreen-app/div[4]/div[2]/select/option[4] is present in current page. :Assertion Passed
presence
Assertion Passed: Expected element xpath /html/body/app-root/app-layout/section/app-cicsscreen-app/div[4]/div[4]/select/option[2] is present in current page. :Assertion Passed
Assertion Passed: Expected Showing 1 to 6 of 6 entries for the Xpath/html/body/app-root/app-layout/section/app-cicsscreen-app/div[5]/div[1]/div/div/div[4] is equal toShowing 1 to 6 of 6 entries. :Assertion Passed
test_step_click EMPLOYEE
test_step_click EmpForm.frm
test_step_click Submit
presence
Assertion Passed: Expected element xpath /html/body/app-root/app-layout/section/app-cicsscreen-app/div[4]/div[2]/select/option[5] is present in current page. :Assertion Passed
presence
Assertion Passed: Expected element xpath /html/body/app-root/app-layout/section/app-cicsscreen-app/div[4]/div[4]/select/option[2] is present in current page. :Assertion Passed
Assertion Passed: Expected Showing 1 to 10 of 22 entries for the Xpath/html/body/app-root/app-layout/section/app-cicsscreen-app/div[5]/div[1]/div/div/div[4] is equal toShowing 1 to 10 of 22 entries. :Assertion Passed
[32m.[0m


1 spec, 0 failures
Finished in 38.636 seconds

[15:48:33] I/launcher - 0 instance(s) of WebDriver still running
[15:48:33] I/launcher - chrome #01 passed
