[15:56:25] I/launcher - Running 1 instances of WebDriver
[15:56:25] I/hosted - Using the selenium server at http://localhost:4444/wd/hub
Started
null
test_step_inputdemouser
test_step_inputdemouser1
test_step_click Login
test_step_click Technical Debt Report
test_step_click Orphan Report
test_step_click BOOKING
test_step_click Submit
Assertion Passed: Expected no data available in table for the Xpath/html/body/app-root/app-layout/section/app-orphanapp/div[4]/div/div/div/div[3]/div[2]/table/tbody/tr/td contain no data available in table. :Assertion Passed
test_step_click CUSTOMER
test_step_click Submit
Assertion Passed: Expected frmcustadd vb_form customer for the Xpath/html/body/app-root/app-layout/section/app-orphanapp/div[4]/div/div/div/div[3]/div[2]/table/tbody/tr contain customer. :Assertion Passed
test_step_click EMPLOYEE
test_step_click Submit
Assertion Passed: Expected no data available in table for the Xpath/html/body/app-root/app-layout/section/app-orphanapp/div[4]/div/div/div/div[3]/div[2]/table/tbody/tr/td contain no data available in table. :Assertion Passed
test_step_click MAIN
test_step_click Submit
Assertion Passed: Expected flashscreenform vb_form main for the Xpath/html/body/app-root/app-layout/section/app-orphanapp/div[4]/div/div/div/div[3]/div[2]/table/tbody/tr contain main. :Assertion Passed
test_step_click PURCHASE
test_step_click Submit
Assertion Passed: Expected frmsupplieradd vb_form purchase for the Xpath/html/body/app-root/app-layout/section/app-orphanapp/div[4]/div/div/div/div[3]/div[2]/table/tbody/tr[1] contain purchase. :Assertion Passed
test_step_click SALES
test_step_click Submit
Assertion Passed: Expected no data available in table for the Xpath/html/body/app-root/app-layout/section/app-orphanapp/div[4]/div/div/div/div[3]/div[2]/table/tbody/tr/td contain no data available in table. :Assertion Passed
test_step_click Log Out
[32m.[0m


1 spec, 0 failures
Finished in 56.361 seconds

[15:57:25] I/launcher - 0 instance(s) of WebDriver still running
[15:57:25] I/launcher - chrome #01 passed
