[15:51:05] I/launcher - Running 1 instances of WebDriver
[15:51:05] I/hosted - Using the selenium server at http://localhost:4444/wd/hub
Started
null
test_step_inputdemouser
test_step_inputdemouser1
test_step_click Login
test_step_click Harvesting Reports
test_step_click Rule Harvesting report
Assertion Passed: Expected Rule Harvesting for the Xpath/html/body/app-root/app-layout/section/app-bre/div[1]/app-page-header/div/div/ol/li[2] contain Rule Harvesting. :Assertion Passed
presence
Assertion Passed: Expected element xpath /html/body/app-root/app-layout/section/app-bre/div[5]/div[1]/label is present in current page. :Assertion Passed
presence
Assertion Passed: Expected element xpath /html/body/app-root/app-layout/section/app-bre/div[5]/div[3]/label is present in current page. :Assertion Passed
presence
Assertion Passed: Expected element xpath /html/body/app-root/app-layout/section/app-bre/div[7]/div[3]/a/img is present in current page. :Assertion Passed
presence
Assertion Passed: Expected element xpath /html/body/app-root/app-layout/section/app-bre/div[6]/div[2]/select is present in current page. :Assertion Passed
test_step_click ANONYMOUS
test_step_click BookDetails.aspx.vb
test_step_click Label1
Assertion Passed:  /html/body/app-root/app-layout/section/app-bre/div[6]/div[3]/button is enabled. :Assertion Passed
test_step_click Submit
presence
Assertion Passed: Expected element xpath /html/body/app-root/app-layout/section/app-bre/div[6]/div[4]/button is present in current page. :Assertion Passed
Assertion Passed: Expected Showing 1 to 1 of 1 entries for the Xpath/html/body/app-root/app-layout/section/app-bre/div[8]/div/div/div/div[4] is equal toShowing 1 to 1 of 1 entries. :Assertion Passed
presence
Assertion Passed: Expected element xpath /html/body/app-root/app-layout/section/app-bre/div[8]/div/div/div/div[5]/a[2] is present in current page. :Assertion Passed
presence
Assertion Passed: Expected element xpath /html/body/app-root/app-layout/section/app-bre/div[8]/div/div/div/div[3]/div[1]/div/table/thead/tr/th[3] is present in current page. :Assertion Passed
test_step_click Log Out
[32m.[0m


1 spec, 0 failures
Finished in 31.02 seconds

[15:51:44] I/launcher - 0 instance(s) of WebDriver still running
[15:51:44] I/launcher - chrome #01 passed
