[22:08:47] I/launcher - Running 1 instances of WebDriver
[22:08:47] I/hosted - Using the selenium server at http://localhost:4444/wd/hub
Started
null
test_step_inputadmin
test_step_inputadmin1
test_step_click Login
test_step_click Commented Lines Report
test_step_click PURCHASE
test_step_click Submit
[22:09:22] W/element - more than one element found for locator By(xpath,  //td) - the first result will be used
[22:09:22] W/element - more than one element found for locator By(xpath,  //td) - the first result will be used
[22:09:22] W/element - more than one element found for locator By(xpath,  //td) - the first result will be used
test_step_click frmSupplierAdd.frm
[22:09:22] W/element - more than one element found for locator By(xpath,  //td) - the first result will be used
[22:09:23] W/element - more than one element found for locator By(xpath,  //td) - the first result will be used
test_step_click fsV
SB
SV
test_step_click fsV
SB
SV
test_step_click fsV
SB
SV
presence
Assertion Passed: Expected element xpath /html/body/ngb-modal-window/div/div/div[2]/div is present in current page. :Assertion Passed
test_step_click ×
test_step_click SALES
test_step_click Submit
[22:09:27] W/element - more than one element found for locator By(xpath,  //td) - the first result will be used
[22:09:27] W/element - more than one element found for locator By(xpath,  //td) - the first result will be used
[22:09:27] W/element - more than one element found for locator By(xpath,  //td) - the first result will be used
[22:09:27] W/element - more than one element found for locator By(xpath,  //td) - the first result will be used
test_step_click CategoryForm.frm
[22:09:27] W/element - more than one element found for locator By(xpath,  //td) - the first result will be used
[22:09:28] W/element - more than one element found for locator By(xpath,  //td) - the first result will be used
test_step_click Code not available for current component
presence
Assertion Passed: Expected element xpath /html/body/ngb-modal-window/div/div/div[2]/div is present in current page. :Assertion Passed
test_step_click ×
[32m.[0m


1 spec, 0 failures
Finished in 38.147 seconds

[22:09:30] I/launcher - 0 instance(s) of WebDriver still running
[22:09:30] I/launcher - chrome #01 passed
