[16:05:27] I/launcher - Running 1 instances of WebDriver
[16:05:27] I/hosted - Using the selenium server at http://localhost:4444/wd/hub
Started
null
test_step_inputdemouser
test_step_inputdemouser1
test_step_click Login
test_step_click X-Ref Report
presence
Assertion Passed: Expected element xpath /html/body/app-root/app-layout/section/app-x-ref-application/div[1]/app-page-header/div/div/ol/li[2] is present in current page. :Assertion Passed
presence
Assertion Passed: Expected element xpath /html/body/app-root/app-layout/section/app-x-ref-application/div[3]/div[2]/label is present in current page. :Assertion Passed
presence
Assertion Passed: Expected element xpath /html/body/app-root/app-layout/section/app-x-ref-application/div[1]/app-page-header/div/div/ol/li[1]/a is present in current page. :Assertion Passed
test_step_click All
Assertion Passed:  /html/body/app-root/app-layout/section/app-x-ref-application/div[3]/div[4]/button is enabled. :Assertion Passed
test_step_click Submit
Assertion Passed: Expected Total no of records: 87 for the Xpath/html/body/app-root/app-layout/section/app-x-ref-application/div[4]/div[5]/label contain Total no of records: 87. :Assertion Passed
presence
Assertion Passed: Expected element xpath /html/body/app-root/app-layout/section/app-x-ref-application/div[4]/div[7]/a/img is present in current page. :Assertion Passed
presence
Assertion Passed: Expected element xpath /html/body/app-root/app-layout/section/app-x-ref-application/div[4]/div[2]/input is present in current page. :Assertion Passed
presence
Assertion Passed: Expected element xpath /html/body/app-root/app-layout/section/app-x-ref-application/div[4]/div[8]/div/table/thead/tr/th[1] is present in current page. :Assertion Passed
presence
Assertion Passed: Expected element xpath /html/body/app-root/app-layout/section/app-x-ref-application/div[4]/div[8]/div/table/thead/tr/th[3] is present in current page. :Assertion Passed
presence
Assertion Passed: Expected element xpath /html/body/app-root/app-layout/section/app-x-ref-application/div[4]/div[8]/div/table/thead/tr/th[4] is present in current page. :Assertion Passed
test_step_click Log Out
[32m.[0m


1 spec, 0 failures
Finished in 37.279 seconds

[16:06:08] I/launcher - 0 instance(s) of WebDriver still running
[16:06:08] I/launcher - chrome #01 passed
