[19:43:33] I/launcher - Running 1 instances of WebDriver
[19:43:33] I/hosted - Using the selenium server at http://localhost:4444/wd/hub
Started
null
test_step_inputdemouser
test_step_inputdemouser1
test_step_click Login
test_step_click Master Inventory
test_step_click   X-Ref Report
test_step_click   Spider
test_step_click Flow Diagrams
test_step_click Call Chain
test_step_click Control Flow
test_step_click Program Process Flow
test_step_click Business Rule Extraction
test_step_click Rules report
test_step_click Harvesting Reports
test_step_click Rule Harvesting report
test_step_click Screenfield Harvesting report
test_step_click Sankey Diagram
test_step_click Screen Report
test_step_click Screen Definition
test_step_click Screen Validation
[19:44:22] W/element - more than one element found for locator By(xpath,  //a[@href="/vb6/CRUD"]) - the first result will be used
[19:44:22] W/element - more than one element found for locator By(xpath,  //a[@href="/vb6/CRUD"]) - the first result will be used
[19:44:22] W/element - more than one element found for locator By(xpath,  //a[@href="/vb6/CRUD"]) - the first result will be used
test_step_click   CRUD
[19:44:22] W/element - more than one element found for locator By(xpath,  //a[@href="/vb6/CRUD"]) - the first result will be used
[19:44:22] W/element - more than one element found for locator By(xpath,  //a[@href="/vb6/CRUD"]) - the first result will be used
test_step_click   Glossary
test_step_click   Variable Impact Report
test_step_click Missing Component
test_step_click Commented Lines Report
test_step_click Technical Debt Report
test_step_click Orphan Report
test_step_click   User Guide
test_step_click Log Out
[32m.[0m


1 spec, 0 failures
Finished in 50.344 seconds

[19:44:29] I/launcher - 0 instance(s) of WebDriver still running
[19:44:29] I/launcher - chrome #01 passed
