[16:58:18] I/launcher - Running 1 instances of WebDriver
[16:58:18] I/hosted - Using the selenium server at http://localhost:4444/wd/hub
Started
null
test_step_inputdemouser
test_step_inputdemouser1
test_step_click Login
test_step_click   X-Ref Report
test_step_click All
test_step_click Submit
test_step_inputcode
test_step_click Search
test_step_click Clear Search
Assertion Passed: Expected  for the Xpath/html/body/app-root/app-layout/section/app-x-ref-application/div[4]/div[2]/input is equal to. :Assertion Passed
test_step_click Log Out
[32m.[0m


1 spec, 0 failures
Finished in 16.432 seconds

[16:58:38] I/launcher - 0 instance(s) of WebDriver still running
[16:58:38] I/launcher - chrome #01 passed
