[10:19:33] I/launcher - Running 1 instances of WebDriver
[10:19:33] I/hosted - Using the selenium server at http://localhost:4444/wd/hub
Started
null
test_step_inputdemouser
test_step_inputdemouser1
test_step_click Login
test_step_click Technical Debt Report
test_step_click Orphan Report
presence
Assertion Passed: Expected element xpath /html/body/app-root/app-layout/section/app-orphanapp/div[1]/app-page-header/div/div/ol/li[2] is present in current page. :Assertion Passed
presence
Assertion Passed: Expected element xpath /html/body/app-root/app-layout/section/app-orphanapp/div[3]/div[2]/label is present in current page. :Assertion Passed
presence
Assertion Passed: Expected element xpath /html/body/app-root/app-layout/section/app-orphanapp/div[4]/div/div/div/div[3]/div[1]/div/table/thead/tr/th[1] is present in current page. :Assertion Passed
presence
Assertion Passed: Expected element xpath /html/body/app-root/app-layout/section/app-orphanapp/div[4]/div/div/div/div[2]/label/input is present in current page. :Assertion Passed
presence
Assertion Passed: Expected element xpath /html/body/app-root/app-layout/section/app-orphanapp/div[4]/div/div/div/div[3]/div[1]/div/table/thead/tr/th[2] is present in current page. :Assertion Passed
test_step_click All
Assertion Passed:  /html/body/app-root/app-layout/section/app-orphanapp/div[3]/div[4]/button is enabled. :Assertion Passed
test_step_click Submit
Assertion Passed: Expected Showing 1 to 10 of 15 entries for the Xpath/html/body/app-root/app-layout/section/app-orphanapp/div[4]/div/div/div/div[4] contain Showing 1 to 10 of 15 entries. :Assertion Passed
presence
Assertion Passed: Expected element xpath /html/body/app-root/app-layout/section/app-orphanapp/div[4]/div/div/div/div[5]/a[2] is present in current page. :Assertion Passed
presence
Assertion Passed: Expected element xpath /html/body/app-root/app-layout/section/app-orphanapp/div[1]/app-page-header/div/div/ol/li[1]/a is present in current page. :Assertion Passed
test_step_click Log Out
[32m.[0m


1 spec, 0 failures
Finished in 29.982 seconds

[10:20:06] I/launcher - 0 instance(s) of WebDriver still running
[10:20:06] I/launcher - chrome #01 passed
