[12:02:36] I/launcher - Running 1 instances of WebDriver
[12:02:36] I/hosted - Using the selenium server at http://localhost:4444/wd/hub
Started
null
test_step_inputdemouser
test_step_inputdemouser1
test_step_click Login
test_step_click Master Inventory
test_step_click X-Ref Report
test_step_click Spider
test_step_click Flow Diagrams
test_step_click Call Chain
test_step_click Control Flow
test_step_click Program Process Flow
test_step_click Business Rule Extraction
test_step_click Rules report
test_step_click Sankey Diagram
test_step_click Screen Report
test_step_click Screen Definition
test_step_click Screen Validation
test_step_click   CRUD
test_step_click   Glossary
test_step_click Variable Impact Report
test_step_click Missing Component
test_step_click Commented Lines Report
test_step_click Technical Debt Report
test_step_click Orphan Report
test_step_click   User Guide
test_step_click Log Out
[32m.[0m


1 spec, 0 failures
Finished in 44.743 seconds

[12:03:30] I/launcher - 0 instance(s) of WebDriver still running
[12:03:30] I/launcher - chrome #01 passed
