[15:22:24] I/launcher - Running 1 instances of WebDriver
[15:22:24] I/hosted - Using the selenium server at http://localhost:4444/wd/hub
[15:22:25] E/launcher - Unable to create new service: ChromeDriverService
Build info: version: '3.141.59', revision: 'e82be7d358', time: '2018-11-14T08:25:53'
System info: host: 'INCHCMLP12143', ip: '192.168.1.100', os.name: 'Windows 10', os.arch: 'amd64', os.version: '10.0', java.version: '9.0.4'
Driver info: driver.version: unknown
[15:22:25] E/launcher - SessionNotCreatedError: Unable to create new service: ChromeDriverService
Build info: version: '3.141.59', revision: 'e82be7d358', time: '2018-11-14T08:25:53'
System info: host: 'INCHCMLP12143', ip: '192.168.1.100', os.name: 'Windows 10', os.arch: 'amd64', os.version: '10.0', java.version: '9.0.4'
Driver info: driver.version: unknown
    at Object.checkLegacyResponse (C:\Users\sv00810785\AppData\Roaming\npm\node_modules\protractor\node_modules\selenium-webdriver\lib\error.js:546:15)
    at parseHttpResponse (C:\Users\sv00810785\AppData\Roaming\npm\node_modules\protractor\node_modules\selenium-webdriver\lib\http.js:509:13)
    at C:\Users\sv00810785\AppData\Roaming\npm\node_modules\protractor\node_modules\selenium-webdriver\lib\http.js:441:30
    at processTicksAndRejections (node:internal/process/task_queues:96:5)
From: Task: WebDriver.createSession()
    at Function.createSession (C:\Users\sv00810785\AppData\Roaming\npm\node_modules\protractor\node_modules\selenium-webdriver\lib\webdriver.js:769:24)
    at Function.createSession (C:\Users\sv00810785\AppData\Roaming\npm\node_modules\protractor\node_modules\selenium-webdriver\chrome.js:761:15)
    at createDriver (C:\Users\sv00810785\AppData\Roaming\npm\node_modules\protractor\node_modules\selenium-webdriver\index.js:170:33)
    at Builder.build (C:\Users\sv00810785\AppData\Roaming\npm\node_modules\protractor\node_modules\selenium-webdriver\index.js:626:16)
    at Hosted.getNewDriver (C:\Users\sv00810785\AppData\Roaming\npm\node_modules\protractor\built\driverProviders\driverProvider.js:53:33)
    at Runner.createBrowser (C:\Users\sv00810785\AppData\Roaming\npm\node_modules\protractor\built\runner.js:195:43)
    at C:\Users\sv00810785\AppData\Roaming\npm\node_modules\protractor\built\runner.js:339:29
    at _fulfilled (C:\Users\sv00810785\AppData\Roaming\npm\node_modules\protractor\node_modules\q\q.js:834:54)
    at C:\Users\sv00810785\AppData\Roaming\npm\node_modules\protractor\node_modules\q\q.js:863:30
    at Promise.promise.promiseDispatch (C:\Users\sv00810785\AppData\Roaming\npm\node_modules\protractor\node_modules\q\q.js:796:13)
[15:22:25] E/launcher - Process exited with error code 199
