[15:58:43] I/launcher - Running 1 instances of WebDriver
[15:58:43] I/hosted - Using the selenium server at http://localhost:4444/wd/hub
Started
null
test_step_inputdemouser
test_step_inputdemouser1
test_step_click Login
test_step_click   Flow Diagrams
test_step_click Call Chain
test_step_click All
test_step_click FUNCTION
[31mF[0m

Failures:
1) plsql forwardcall
  Message:
[31m    Failed: Element taking too long to appear in the DOM
    Wait timed out after 60004ms[0m
  Stack:
    TimeoutError: Element taking too long to appear in the DOM
    Wait timed out after 60004ms
        at C:\Users\sv00810785\AppData\Roaming\npm\node_modules\protractor\node_modules\selenium-webdriver\lib\promise.js:2201:17
        at ManagedPromise.invokeCallback_ (C:\Users\sv00810785\AppData\Roaming\npm\node_modules\protractor\node_modules\selenium-webdriver\lib\promise.js:1376:14)
        at TaskQueue.execute_ (C:\Users\sv00810785\AppData\Roaming\npm\node_modules\protractor\node_modules\selenium-webdriver\lib\promise.js:3084:14)
        at TaskQueue.executeNext_ (C:\Users\sv00810785\AppData\Roaming\npm\node_modules\protractor\node_modules\selenium-webdriver\lib\promise.js:3067:27)
        at C:\Users\sv00810785\AppData\Roaming\npm\node_modules\protractor\node_modules\selenium-webdriver\lib\promise.js:2927:27
        at C:\Users\sv00810785\AppData\Roaming\npm\node_modules\protractor\node_modules\selenium-webdriver\lib\promise.js:668:7
        at runMicrotasks (<anonymous>)
        at processTicksAndRejections (node:internal/process/task_queues:96:5)
    From: Task: Element taking too long to appear in the DOM
        at scheduleWait (C:\Users\sv00810785\AppData\Roaming\npm\node_modules\protractor\node_modules\selenium-webdriver\lib\promise.js:2188:20)
        at ControlFlow.wait (C:\Users\sv00810785\AppData\Roaming\npm\node_modules\protractor\node_modules\selenium-webdriver\lib\promise.js:2517:12)
        at thenableWebDriverProxy.wait (C:\Users\sv00810785\AppData\Roaming\npm\node_modules\protractor\node_modules\selenium-webdriver\lib\webdriver.js:934:29)
        at run (C:\Users\sv00810785\AppData\Roaming\npm\node_modules\protractor\built\browser.js:58:33)
        at ProtractorBrowser.to.<computed> [as wait] (C:\Users\sv00810785\AppData\Roaming\npm\node_modules\protractor\built\browser.js:66:16)
        at UserContext.<anonymous> (D:\iTAP\Recorded_Scenarios\plsql\forwardcall\spec.js:264:9)
        at C:\Users\sv00810785\AppData\Roaming\npm\node_modules\protractor\node_modules\jasminewd2\index.js:112:25
        at new ManagedPromise (C:\Users\sv00810785\AppData\Roaming\npm\node_modules\protractor\node_modules\selenium-webdriver\lib\promise.js:1077:7)
        at ControlFlow.promise (C:\Users\sv00810785\AppData\Roaming\npm\node_modules\protractor\node_modules\selenium-webdriver\lib\promise.js:2505:12)
        at schedulerExecute (C:\Users\sv00810785\AppData\Roaming\npm\node_modules\protractor\node_modules\jasminewd2\index.js:95:18)
    From: Task: Run it("forwardcall") in control flow
        at UserContext.<anonymous> (C:\Users\sv00810785\AppData\Roaming\npm\node_modules\protractor\node_modules\jasminewd2\index.js:94:19)
    From asynchronous test: 
    Error
        at Suite.<anonymous> (D:\iTAP\Recorded_Scenarios\plsql\forwardcall\spec.js:8:21)
        at Object.<anonymous> (D:\iTAP\Recorded_Scenarios\plsql\forwardcall\spec.js:7:15)
        at Module._compile (node:internal/modules/cjs/loader:1103:14)
        at Object.Module._extensions..js (node:internal/modules/cjs/loader:1155:10)
        at Module.load (node:internal/modules/cjs/loader:981:32)
        at Function.Module._load (node:internal/modules/cjs/loader:822:12)

1 spec, 1 failure
Finished in 85.158 seconds

[16:00:15] I/launcher - 0 instance(s) of WebDriver still running
[16:00:15] I/launcher - chrome #01 failed 1 test(s)
[16:00:15] I/launcher - overall: 1 failed spec(s)
[16:00:15] E/launcher - Process exited with error code 1
