[14:19:01] I/launcher - Running 1 instances of WebDriver
[14:19:01] I/hosted - Using the selenium server at http://localhost:4444/wd/hub
Started
null
test_step_inputdemouser
test_step_click Login


Number of Attempts Left: 5
Login
test_step_inputdemouser1
test_step_click Login
test_step_click   Glossary
presence
Assertion Passed: Expected element xpath /html/body/app-root/app-layout/section/app-bre/div[1]/app-page-header/div/div/ol/li[2] is present in current page. :Assertion Passed
presence
Assertion Passed: Expected element xpath /html/body/app-root/app-layout/section/app-bre/div[3]/div[1]/label is present in current page. :Assertion Passed
presence
Assertion Passed: Expected element xpath /html/body/app-root/app-layout/section/app-bre/div[3]/div[3]/button is present in current page. :Assertion Passed
test_step_click Log Out
[32m.[0m


1 spec, 0 failures
Finished in 25.573 seconds

[14:19:29] I/launcher - 0 instance(s) of WebDriver still running
[14:19:29] I/launcher - chrome #01 passed
