[12:43:23] I/launcher - Running 1 instances of WebDriver
[12:43:23] I/hosted - Using the selenium server at http://localhost:4444/wd/hub
Started
null
test_step_inputdemouser
test_step_inputdemouser1
test_step_click Login
test_step_click Master Inventory
presence
xpath in same page
assert Master Inventory
Master Inventory
Assertion Passed: Expected Master Inventory Report for the Xpath/html/body/app-root/app-layout/section/app-masterinvapp/div[1]/app-page-header/div/div/ol/li[2] contain  Master Inventory . :Assertion Passed
test_step_click X-Ref Report
presence
xpath in same page
assert X-Ref Report
X-Ref Report
Assertion Passed: Expected X-Ref Report for the Xpath/html/body/app-root/app-layout/section/app-x-ref-application/div[1]/app-page-header/div/div/ol/li[2] contain  X-Ref Report . :Assertion Passed
test_step_click   CRUD
presence
xpath in same page
assert   CRUD
  CRUD
Assertion Failed: Expected CRUD Reports for the Xpath/html/body/app-root/app-layout/section/app-formapp/div[1]/app-page-header/div/div/ol/li[2] But has   CRUD . :Assertion Failed
[31mF[0m

Failures:
1) plsql mitospiderNameCheck
  Message:
[31m    Failed: This driver instance does not have a valid session ID (did you call WebDriver.quit()?) and may no longer be used.[0m
  Stack:
    NoSuchSessionError: This driver instance does not have a valid session ID (did you call WebDriver.quit()?) and may no longer be used.
        at C:\Users\sv00810785\AppData\Roaming\npm\node_modules\protractor\node_modules\selenium-webdriver\lib\webdriver.js:847:16
        at new ManagedPromise (C:\Users\sv00810785\AppData\Roaming\npm\node_modules\protractor\node_modules\selenium-webdriver\lib\promise.js:1077:7)
        at ControlFlow.promise (C:\Users\sv00810785\AppData\Roaming\npm\node_modules\protractor\node_modules\selenium-webdriver\lib\promise.js:2505:12)
        at C:\Users\sv00810785\AppData\Roaming\npm\node_modules\protractor\node_modules\selenium-webdriver\lib\webdriver.js:846:34
        at C:\Users\sv00810785\AppData\Roaming\npm\node_modules\protractor\node_modules\selenium-webdriver\lib\promise.js:1684:12
        at ManagedPromise.invokeCallback_ (C:\Users\sv00810785\AppData\Roaming\npm\node_modules\protractor\node_modules\selenium-webdriver\lib\promise.js:1376:14)
        at TaskQueue.execute_ (C:\Users\sv00810785\AppData\Roaming\npm\node_modules\protractor\node_modules\selenium-webdriver\lib\promise.js:3084:14)
        at TaskQueue.executeNext_ (C:\Users\sv00810785\AppData\Roaming\npm\node_modules\protractor\node_modules\selenium-webdriver\lib\promise.js:3067:27)
        at C:\Users\sv00810785\AppData\Roaming\npm\node_modules\protractor\node_modules\selenium-webdriver\lib\promise.js:2927:27
        at C:\Users\sv00810785\AppData\Roaming\npm\node_modules\protractor\node_modules\selenium-webdriver\lib\promise.js:668:7
    From: Task: WebDriver.findElements(By(xpath,  //a[@href="/plsql/glossary-application"]))
        at thenableWebDriverProxy.schedule (C:\Users\sv00810785\AppData\Roaming\npm\node_modules\protractor\node_modules\selenium-webdriver\lib\webdriver.js:807:17)
        at thenableWebDriverProxy.findElements (C:\Users\sv00810785\AppData\Roaming\npm\node_modules\protractor\node_modules\selenium-webdriver\lib\webdriver.js:1048:19)
        at C:\Users\sv00810785\AppData\Roaming\npm\node_modules\protractor\built\element.js:159:44
        at ManagedPromise.invokeCallback_ (C:\Users\sv00810785\AppData\Roaming\npm\node_modules\protractor\node_modules\selenium-webdriver\lib\promise.js:1376:14)
        at TaskQueue.execute_ (C:\Users\sv00810785\AppData\Roaming\npm\node_modules\protractor\node_modules\selenium-webdriver\lib\promise.js:3084:14)
        at TaskQueue.executeNext_ (C:\Users\sv00810785\AppData\Roaming\npm\node_modules\protractor\node_modules\selenium-webdriver\lib\promise.js:3067:27)
        at C:\Users\sv00810785\AppData\Roaming\npm\node_modules\protractor\node_modules\selenium-webdriver\lib\promise.js:2927:27
        at C:\Users\sv00810785\AppData\Roaming\npm\node_modules\protractor\node_modules\selenium-webdriver\lib\promise.js:668:7
        at processTicksAndRejections (node:internal/process/task_queues:96:5)
    From: Task: <anonymous>
        at pollCondition (C:\Users\sv00810785\AppData\Roaming\npm\node_modules\protractor\node_modules\selenium-webdriver\lib\promise.js:2195:19)
        at C:\Users\sv00810785\AppData\Roaming\npm\node_modules\protractor\node_modules\selenium-webdriver\lib\promise.js:2191:7
        at new ManagedPromise (C:\Users\sv00810785\AppData\Roaming\npm\node_modules\protractor\node_modules\selenium-webdriver\lib\promise.js:1077:7)
        at ControlFlow.promise (C:\Users\sv00810785\AppData\Roaming\npm\node_modules\protractor\node_modules\selenium-webdriver\lib\promise.js:2505:12)
        at C:\Users\sv00810785\AppData\Roaming\npm\node_modules\protractor\node_modules\selenium-webdriver\lib\promise.js:2190:22
        at TaskQueue.execute_ (C:\Users\sv00810785\AppData\Roaming\npm\node_modules\protractor\node_modules\selenium-webdriver\lib\promise.js:3084:14)
        at TaskQueue.executeNext_ (C:\Users\sv00810785\AppData\Roaming\npm\node_modules\protractor\node_modules\selenium-webdriver\lib\promise.js:3067:27)
        at C:\Users\sv00810785\AppData\Roaming\npm\node_modules\protractor\node_modules\selenium-webdriver\lib\promise.js:2927:27
        at C:\Users\sv00810785\AppData\Roaming\npm\node_modules\protractor\node_modules\selenium-webdriver\lib\promise.js:668:7
        at processTicksAndRejections (node:internal/process/task_queues:96:5)
    From: Task: Element taking too long to appear in the DOM
        at scheduleWait (C:\Users\sv00810785\AppData\Roaming\npm\node_modules\protractor\node_modules\selenium-webdriver\lib\promise.js:2188:20)
        at ControlFlow.wait (C:\Users\sv00810785\AppData\Roaming\npm\node_modules\protractor\node_modules\selenium-webdriver\lib\promise.js:2517:12)
        at thenableWebDriverProxy.wait (C:\Users\sv00810785\AppData\Roaming\npm\node_modules\protractor\node_modules\selenium-webdriver\lib\webdriver.js:934:29)
        at run (C:\Users\sv00810785\AppData\Roaming\npm\node_modules\protractor\built\browser.js:58:33)
        at ProtractorBrowser.to.<computed> [as wait] (C:\Users\sv00810785\AppData\Roaming\npm\node_modules\protractor\built\browser.js:66:16)
        at UserContext.<anonymous> (D:\iTAP\Recorded_Scenarios\plsql\mitospiderNameCheck\spec.js:379:9)
        at C:\Users\sv00810785\AppData\Roaming\npm\node_modules\protractor\node_modules\jasminewd2\index.js:112:25
        at new ManagedPromise (C:\Users\sv00810785\AppData\Roaming\npm\node_modules\protractor\node_modules\selenium-webdriver\lib\promise.js:1077:7)
        at ControlFlow.promise (C:\Users\sv00810785\AppData\Roaming\npm\node_modules\protractor\node_modules\selenium-webdriver\lib\promise.js:2505:12)
        at schedulerExecute (C:\Users\sv00810785\AppData\Roaming\npm\node_modules\protractor\node_modules\jasminewd2\index.js:95:18)
    From: Task: Run it("mitospiderNameCheck") in control flow
        at UserContext.<anonymous> (C:\Users\sv00810785\AppData\Roaming\npm\node_modules\protractor\node_modules\jasminewd2\index.js:94:19)
    From asynchronous test: 
    Error
        at Suite.<anonymous> (D:\iTAP\Recorded_Scenarios\plsql\mitospiderNameCheck\spec.js:8:21)
        at Object.<anonymous> (D:\iTAP\Recorded_Scenarios\plsql\mitospiderNameCheck\spec.js:7:15)
        at Module._compile (node:internal/modules/cjs/loader:1103:14)
        at Object.Module._extensions..js (node:internal/modules/cjs/loader:1155:10)
        at Module.load (node:internal/modules/cjs/loader:981:32)
        at Function.Module._load (node:internal/modules/cjs/loader:822:12)
  Message:
[31m    NoSuchSessionError: This driver instance does not have a valid session ID (did you call WebDriver.quit()?) and may no longer be used.[0m
  Stack:
    NoSuchSessionError: This driver instance does not have a valid session ID (did you call WebDriver.quit()?) and may no longer be used.
        at C:\Users\sv00810785\AppData\Roaming\npm\node_modules\protractor\node_modules\selenium-webdriver\lib\webdriver.js:847:16
        at new ManagedPromise (C:\Users\sv00810785\AppData\Roaming\npm\node_modules\protractor\node_modules\selenium-webdriver\lib\promise.js:1077:7)
        at ControlFlow.promise (C:\Users\sv00810785\AppData\Roaming\npm\node_modules\protractor\node_modules\selenium-webdriver\lib\promise.js:2505:12)
        at C:\Users\sv00810785\AppData\Roaming\npm\node_modules\protractor\node_modules\selenium-webdriver\lib\webdriver.js:846:34
        at C:\Users\sv00810785\AppData\Roaming\npm\node_modules\protractor\node_modules\selenium-webdriver\lib\promise.js:1684:12
        at ManagedPromise.invokeCallback_ (C:\Users\sv00810785\AppData\Roaming\npm\node_modules\protractor\node_modules\selenium-webdriver\lib\promise.js:1376:14)
        at TaskQueue.execute_ (C:\Users\sv00810785\AppData\Roaming\npm\node_modules\protractor\node_modules\selenium-webdriver\lib\promise.js:3084:14)
        at TaskQueue.executeNext_ (C:\Users\sv00810785\AppData\Roaming\npm\node_modules\protractor\node_modules\selenium-webdriver\lib\promise.js:3067:27)
        at C:\Users\sv00810785\AppData\Roaming\npm\node_modules\protractor\node_modules\selenium-webdriver\lib\promise.js:2927:27
        at C:\Users\sv00810785\AppData\Roaming\npm\node_modules\protractor\node_modules\selenium-webdriver\lib\promise.js:668:7
    From: Task: WebDriver.findElements(By(xpath,  //a[@href="/plsql/glossary-application"]))
        at thenableWebDriverProxy.schedule (C:\Users\sv00810785\AppData\Roaming\npm\node_modules\protractor\node_modules\selenium-webdriver\lib\webdriver.js:807:17)
        at thenableWebDriverProxy.findElements (C:\Users\sv00810785\AppData\Roaming\npm\node_modules\protractor\node_modules\selenium-webdriver\lib\webdriver.js:1048:19)
        at C:\Users\sv00810785\AppData\Roaming\npm\node_modules\protractor\built\element.js:159:44
        at ManagedPromise.invokeCallback_ (C:\Users\sv00810785\AppData\Roaming\npm\node_modules\protractor\node_modules\selenium-webdriver\lib\promise.js:1376:14)
        at TaskQueue.execute_ (C:\Users\sv00810785\AppData\Roaming\npm\node_modules\protractor\node_modules\selenium-webdriver\lib\promise.js:3084:14)
        at TaskQueue.executeNext_ (C:\Users\sv00810785\AppData\Roaming\npm\node_modules\protractor\node_modules\selenium-webdriver\lib\promise.js:3067:27)
        at C:\Users\sv00810785\AppData\Roaming\npm\node_modules\protractor\node_modules\selenium-webdriver\lib\promise.js:2927:27
        at C:\Users\sv00810785\AppData\Roaming\npm\node_modules\protractor\node_modules\selenium-webdriver\lib\promise.js:668:7
        at processTicksAndRejections (node:internal/process/task_queues:96:5)
    From: Task: <anonymous>
        at pollCondition (C:\Users\sv00810785\AppData\Roaming\npm\node_modules\protractor\node_modules\selenium-webdriver\lib\promise.js:2195:19)
        at C:\Users\sv00810785\AppData\Roaming\npm\node_modules\protractor\node_modules\selenium-webdriver\lib\promise.js:2191:7
        at new ManagedPromise (C:\Users\sv00810785\AppData\Roaming\npm\node_modules\protractor\node_modules\selenium-webdriver\lib\promise.js:1077:7)
        at ControlFlow.promise (C:\Users\sv00810785\AppData\Roaming\npm\node_modules\protractor\node_modules\selenium-webdriver\lib\promise.js:2505:12)
        at C:\Users\sv00810785\AppData\Roaming\npm\node_modules\protractor\node_modules\selenium-webdriver\lib\promise.js:2190:22
        at TaskQueue.execute_ (C:\Users\sv00810785\AppData\Roaming\npm\node_modules\protractor\node_modules\selenium-webdriver\lib\promise.js:3084:14)
        at TaskQueue.executeNext_ (C:\Users\sv00810785\AppData\Roaming\npm\node_modules\protractor\node_modules\selenium-webdriver\lib\promise.js:3067:27)
        at C:\Users\sv00810785\AppData\Roaming\npm\node_modules\protractor\node_modules\selenium-webdriver\lib\promise.js:2927:27
        at C:\Users\sv00810785\AppData\Roaming\npm\node_modules\protractor\node_modules\selenium-webdriver\lib\promise.js:668:7
        at processTicksAndRejections (node:internal/process/task_queues:96:5)
    From: Task: Element taking too long to appear in the DOM
        at scheduleWait (C:\Users\sv00810785\AppData\Roaming\npm\node_modules\protractor\node_modules\selenium-webdriver\lib\promise.js:2188:20)
        at ControlFlow.wait (C:\Users\sv00810785\AppData\Roaming\npm\node_modules\protractor\node_modules\selenium-webdriver\lib\promise.js:2517:12)
        at thenableWebDriverProxy.wait (C:\Users\sv00810785\AppData\Roaming\npm\node_modules\protractor\node_modules\selenium-webdriver\lib\webdriver.js:934:29)
        at run (C:\Users\sv00810785\AppData\Roaming\npm\node_modules\protractor\built\browser.js:58:33)
        at ProtractorBrowser.to.<computed> [as wait] (C:\Users\sv00810785\AppData\Roaming\npm\node_modules\protractor\built\browser.js:66:16)
        at UserContext.<anonymous> (D:\iTAP\Recorded_Scenarios\plsql\mitospiderNameCheck\spec.js:379:9)
        at C:\Users\sv00810785\AppData\Roaming\npm\node_modules\protractor\node_modules\jasminewd2\index.js:112:25
        at new ManagedPromise (C:\Users\sv00810785\AppData\Roaming\npm\node_modules\protractor\node_modules\selenium-webdriver\lib\promise.js:1077:7)
        at ControlFlow.promise (C:\Users\sv00810785\AppData\Roaming\npm\node_modules\protractor\node_modules\selenium-webdriver\lib\promise.js:2505:12)
        at schedulerExecute (C:\Users\sv00810785\AppData\Roaming\npm\node_modules\protractor\node_modules\jasminewd2\index.js:95:18)
    From: Task: Run it("mitospiderNameCheck") in control flow
        at UserContext.<anonymous> (C:\Users\sv00810785\AppData\Roaming\npm\node_modules\protractor\node_modules\jasminewd2\index.js:94:19)
    From asynchronous test: 
    Error
        at Suite.<anonymous> (D:\iTAP\Recorded_Scenarios\plsql\mitospiderNameCheck\spec.js:8:21)
        at Object.<anonymous> (D:\iTAP\Recorded_Scenarios\plsql\mitospiderNameCheck\spec.js:7:15)
        at Module._compile (node:internal/modules/cjs/loader:1103:14)
        at Object.Module._extensions..js (node:internal/modules/cjs/loader:1155:10)
        at Module.load (node:internal/modules/cjs/loader:981:32)
        at Function.Module._load (node:internal/modules/cjs/loader:822:12)
    From: Task: WebDriver.takeScreenshot()
        at thenableWebDriverProxy.schedule (C:\Users\sv00810785\AppData\Roaming\npm\node_modules\protractor\node_modules\selenium-webdriver\lib\webdriver.js:807:17)
        at thenableWebDriverProxy.takeScreenshot (C:\Users\sv00810785\AppData\Roaming\npm\node_modules\protractor\node_modules\selenium-webdriver\lib\webdriver.js:1085:17)
        at run (C:\Users\sv00810785\AppData\Roaming\npm\node_modules\protractor\built\browser.js:58:33)
        at ProtractorBrowser.to.<computed> [as takeScreenshot] (C:\Users\sv00810785\AppData\Roaming\npm\node_modules\protractor\built\browser.js:66:16)
        at UserContext.<anonymous> (D:\iTAP\Recorded_Scenarios\plsql\mitospiderNameCheck\conf.js:30:14)

1 spec, 1 failure
Finished in 31.646 seconds

[31mAn error was thrown in an afterAll[0m
[31mAfterAll NoSuchSessionError: This driver instance does not have a valid session ID (did you call WebDriver.quit()?) and may no longer be used.[0m
[12:44:01] I/launcher - 0 instance(s) of WebDriver still running
[12:44:01] I/launcher - chrome #01 failed 1 test(s)
[12:44:01] I/launcher - overall: 1 failed spec(s)
[12:44:01] E/launcher - Process exited with error code 1
