[18:34:24] I/launcher - Running 1 instances of WebDriver
[18:34:24] I/hosted - Using the selenium server at http://localhost:4444/wd/hub
Started
null
test_step_inputadmin
test_step_inputadmin1
test_step_click Login
test_step_click 88
test_step_click All
test_step_click Submit
[18:34:54] W/element - more than one element found for locator By(xpath,  //td) - the first result will be used
[18:34:54] W/element - more than one element found for locator By(xpath,  //td) - the first result will be used
[18:34:54] W/element - more than one element found for locator By(xpath,  //td) - the first result will be used
test_step_click ACRV880.bms
[18:34:54] W/element - more than one element found for locator By(xpath,  //td) - the first result will be used
[18:34:58] W/element - more than one element found for locator By(xpath,  //td) - the first result will be used
presence
xpath in same page
assert ACRV880.bms
ACRV880.bms
Assertion Passed: Expected ACRV880.bms for the Xpath/html/body/ngb-modal-window/div/div/div[1]/label[1] contain  ACRV880.bms . :Assertion Passed
test_step_click ×
[32m.[0m


1 spec, 0 failures
Finished in 33.136 seconds

[18:35:04] I/launcher - 0 instance(s) of WebDriver still running
[18:35:04] I/launcher - chrome #01 passed
