[11:34:35] I/launcher - Running 1 instances of WebDriver
[11:34:35] I/hosted - Using the selenium server at http://localhost:4444/wd/hub
Started
null
test_step_inputdemouser
test_step_inputdemouser1
test_step_click Login
test_step_click Flow Diagrams
test_step_click Call Chain
test_step_click All
test_step_click MODULE
test_step_click Module1
test_step_click Backward Call Chain
test_step_click Submit
presence
Assertion Passed: Expected element xpath /html/body/app-root/app-layout/section/app-callchainapp/div[1]/app-page-header/div/div/ol/li[1]/a is present in current page. :Assertion Passed
presence
Assertion Passed: Expected element xpath /html/body/app-root/app-layout/section/app-callchainapp/div[2]/div/div[1]/label is present in current page. :Assertion Passed
presence
Assertion Passed: Expected element xpath /html/body/app-root/app-layout/section/app-callchainapp/div[2]/div/div[3]/label is present in current page. :Assertion Passed
presence
Assertion Passed: Expected element xpath /html/body/app-root/app-layout/section/app-callchainapp/div[3]/div/div[3]/label is present in current page. :Assertion Passed
presence
Assertion Passed: Expected element xpath /html/body/app-root/app-layout/section/app-callchainapp/div[3]/div/div[5]/button is present in current page. :Assertion Passed
presence
Assertion Passed: Expected element xpath /html/body/app-root/app-layout/section/app-callchainapp/div[3]/div/div[6]/button is present in current page. :Assertion Passed
test_step_click Log Out
[32m.[0m


1 spec, 0 failures
Finished in 40.356 seconds

[11:35:21] I/launcher - 0 instance(s) of WebDriver still running
[11:35:21] I/launcher - chrome #01 passed
