[12:30:54] I/launcher - Running 1 instances of WebDriver
[12:30:54] I/hosted - Using the selenium server at http://localhost:4444/wd/hub
Started
null
test_step_inputadmin
test_step_inputadmin1
test_step_click Login
test_step_click CRUD
test_step_click All
test_step_click Submit
Assertion Passed: Expected CRUD Reports for the Xpath/html/body/app-root/app-layout/section/app-formapp/div[1]/app-page-header/div/div/ol/li[2] contain CRUD. :Assertion Passed
Assertion Passed: Expected Showing 1 to 10 of 88 entries for the Xpath/html/body/app-root/app-layout/section/app-formapp/div[4]/div/div/div/div[4] is equal toShowing 1 to 10 of 88 entries. :Assertion Passed
test_step_click Miscellaneous
test_step_click Submit
Assertion Passed: Expected Showing 1 to 10 of 88 entries for the Xpath/html/body/app-root/app-layout/section/app-formapp/div[4]/div/div/div/div[4] is equal toShowing 1 to 10 of 88 entries. :Assertion Passed
test_step_click Log Out
[32m.[0m


1 spec, 0 failures
Finished in 41.646 seconds

[12:31:42] I/launcher - 0 instance(s) of WebDriver still running
[12:31:42] I/launcher - chrome #01 passed
