[11:59:11] I/launcher - Running 1 instances of WebDriver
[11:59:11] I/hosted - Using the selenium server at http://localhost:4444/wd/hub
Started
null
[31mF[0m

Failures:
1) vbnet processflowdwnld
  Message:
[31m    Failed: Cannot find module 'glob'
    Require stack:
    - D:\iTAP\recorded_scenarios\vbnet\processflowdwnld\spec.js
    - C:\Users\SR00780448\AppData\Roaming\npm\node_modules\protractor\node_modules\jasmine\lib\jasmine.js
    - C:\Users\SR00780448\AppData\Roaming\npm\node_modules\protractor\built\frameworks\jasmine.js
    - C:\Users\SR00780448\AppData\Roaming\npm\node_modules\protractor\built\runner.js
    - C:\Users\SR00780448\AppData\Roaming\npm\node_modules\protractor\built\launcher.js
    - C:\Users\SR00780448\AppData\Roaming\npm\node_modules\protractor\built\cli.js
    - C:\Users\SR00780448\AppData\Roaming\npm\node_modules\protractor\bin\protractor[0m
  Stack:
    Error: Cannot find module 'glob'
    Require stack:
    - D:\iTAP\recorded_scenarios\vbnet\processflowdwnld\spec.js
    - C:\Users\SR00780448\AppData\Roaming\npm\node_modules\protractor\node_modules\jasmine\lib\jasmine.js
    - C:\Users\SR00780448\AppData\Roaming\npm\node_modules\protractor\built\frameworks\jasmine.js
    - C:\Users\SR00780448\AppData\Roaming\npm\node_modules\protractor\built\runner.js
    - C:\Users\SR00780448\AppData\Roaming\npm\node_modules\protractor\built\launcher.js
    - C:\Users\SR00780448\AppData\Roaming\npm\node_modules\protractor\built\cli.js
    - C:\Users\SR00780448\AppData\Roaming\npm\node_modules\protractor\bin\protractor
        at Function.Module._resolveFilename (internal/modules/cjs/loader.js:902:15)
        at Function.Module._load (internal/modules/cjs/loader.js:746:27)
        at Module.require (internal/modules/cjs/loader.js:974:19)
        at require (internal/modules/cjs/helpers.js:92:18)
        at UserContext.<anonymous> (D:\iTAP\recorded_scenarios\vbnet\processflowdwnld\spec.js:344:12)
        at C:\Users\SR00780448\AppData\Roaming\npm\node_modules\protractor\node_modules\jasminewd2\index.js:112:25
        at new ManagedPromise (C:\Users\SR00780448\AppData\Roaming\npm\node_modules\protractor\node_modules\selenium-webdriver\lib\promise.js:1077:7)
        at ControlFlow.promise (C:\Users\SR00780448\AppData\Roaming\npm\node_modules\protractor\node_modules\selenium-webdriver\lib\promise.js:2505:12)
        at schedulerExecute (C:\Users\SR00780448\AppData\Roaming\npm\node_modules\protractor\node_modules\jasminewd2\index.js:95:18)
        at TaskQueue.execute_ (C:\Users\SR00780448\AppData\Roaming\npm\node_modules\protractor\node_modules\selenium-webdriver\lib\promise.js:3084:14)
    From: Task: Run it("processflowdwnld") in control flow
        at UserContext.<anonymous> (C:\Users\SR00780448\AppData\Roaming\npm\node_modules\protractor\node_modules\jasminewd2\index.js:94:19)
    From asynchronous test: 
    Error
        at Suite.<anonymous> (D:\iTAP\recorded_scenarios\vbnet\processflowdwnld\spec.js:8:21)
        at Object.<anonymous> (D:\iTAP\recorded_scenarios\vbnet\processflowdwnld\spec.js:7:15)
        at Module._compile (internal/modules/cjs/loader.js:1085:14)
        at Object.Module._extensions..js (internal/modules/cjs/loader.js:1114:10)
        at Module.load (internal/modules/cjs/loader.js:950:32)
        at Function.Module._load (internal/modules/cjs/loader.js:790:14)

1 spec, 1 failure
Finished in 0.168 seconds

[11:59:16] I/launcher - 0 instance(s) of WebDriver still running
[11:59:16] I/launcher - chrome #01 failed 1 test(s)
[11:59:16] I/launcher - overall: 1 failed spec(s)
[11:59:16] E/launcher - Process exited with error code 1
