[14:16:02] I/launcher - Running 1 instances of WebDriver
[14:16:02] I/hosted - Using the selenium server at http://localhost:4444/wd/hub
Started
null
test_step_inputadmin
test_step_inputadmin1
test_step_click Login
test_step_click Business Rule Extraction
test_step_click Rules report
test_step_click Fleet Management
test_step_click IAC608.RPG
test_step_click Submit
presence
xpath in same page
assert Rules report
Rules report
Assertion Passed: Expected Rules report for the Xpath/html/body/app-root/app-layout/section/app-bre/div[1]/app-page-header/div/div/ol/li[2] contain  Rules report . :Assertion Passed
Assertion Passed: Expected Showing 1 to 10 of 897 entries for the Xpath/html/body/app-root/app-layout/section/app-bre/div[7]/div/div/div/div[4] is equal toShowing 1 to 10 of 897 entries. :Assertion Passed
test_step_click Order Management
test_step_click IAC001.RPG
test_step_click Submit
Assertion Passed: Expected Showing 1 to 10 of 438 entries for the Xpath/html/body/app-root/app-layout/section/app-bre/div[7]/div/div/div/div[4] is equal toShowing 1 to 10 of 438 entries. :Assertion Passed
test_step_click Log Out
[32m.[0m


1 spec, 0 failures
Finished in 34.831 seconds

[14:16:43] I/launcher - 0 instance(s) of WebDriver still running
[14:16:43] I/launcher - chrome #01 passed
