[16:55:06] I/launcher - Running 1 instances of WebDriver
[16:55:06] I/hosted - Using the selenium server at http://localhost:4444/wd/hub
Started
null
test_step_inputdemouser
test_step_inputdemouser1
test_step_click Login
test_step_click   Technical Debt Report
[16:55:39] W/element - more than one element found for locator By(xpath,  //a[@href="/vb6/orphanApplication"]) - the first result will be used
[16:55:39] W/element - more than one element found for locator By(xpath,  //a[@href="/vb6/orphanApplication"]) - the first result will be used
[16:55:39] W/element - more than one element found for locator By(xpath,  //a[@href="/vb6/orphanApplication"]) - the first result will be used
test_step_click Orphan Report
[16:55:39] W/element - more than one element found for locator By(xpath,  //a[@href="/vb6/orphanApplication"]) - the first result will be used
[16:55:39] W/element - more than one element found for locator By(xpath,  //a[@href="/vb6/orphanApplication"]) - the first result will be used
test_step_click All
test_step_click Submit
presence
Assertion Passed: Expected element xpath /html/body/app-root/app-layout/section/app-orphanapp/div[3]/div[3]/select/option[2] is present in current page. :Assertion Passed
Assertion Passed: Expected Showing 1 to 8 of 8 entries for the Xpath/html/body/app-root/app-layout/section/app-orphanapp/div[4]/div/div/div/div[4] is equal toShowing 1 to 8 of 8 entries. :Assertion Passed
test_step_click PURCHASE
test_step_click Submit
presence
Assertion Passed: Expected element xpath /html/body/app-root/app-layout/section/app-orphanapp/div[3]/div[3]/select/option[7] is present in current page. :Assertion Passed
Assertion Passed: Expected Showing 1 to 6 of 6 entries for the Xpath/html/body/app-root/app-layout/section/app-orphanapp/div[4]/div/div/div/div[4] is equal toShowing 1 to 6 of 6 entries. :Assertion Passed
test_step_click Log Out
[32m.[0m


1 spec, 0 failures
Finished in 33.102 seconds

[16:55:47] I/launcher - 0 instance(s) of WebDriver still running
[16:55:47] I/launcher - chrome #01 passed
