[13:58:55] I/launcher - Running 1 instances of WebDriver
[13:58:55] I/hosted - Using the selenium server at http://localhost:4444/wd/hub
Started
null
test_step_inputdemouser
test_step_inputdemouser1
test_step_click Login
test_step_click Master Inventory
presence
Assertion Passed: Expected element xpath /html/body/app-root/app-layout/section/app-masterinvapp/div[4]/div/div/div/div[3]/div[1]/div/table/thead/tr/th[1] is present in current page. :Assertion Passed
presence
Assertion Passed: Expected element xpath /html/body/app-root/app-layout/section/app-masterinvapp/div[4]/div/div/div/div[3]/div[1]/div/table/thead/tr/th[2] is present in current page. :Assertion Passed
test_step_click All
presence
Assertion Passed: Expected element xpath /html/body/app-root/app-layout/section/app-masterinvapp/div[4]/div/div/div/div[5]/a[1] is present in current page. :Assertion Passed
test_step_click Submit
test_step_click Log Out
[32m.[0m


1 spec, 0 failures
Finished in 36.145 seconds

[13:59:34] I/launcher - 0 instance(s) of WebDriver still running
[13:59:34] I/launcher - chrome #01 passed
