[15:08:11] I/launcher - Running 1 instances of WebDriver
[15:08:11] I/hosted - Using the selenium server at http://localhost:4444/wd/hub
Started
null
test_step_inputadmin
test_step_inputadmin1
test_step_click Login
test_step_click Master Inventory
test_step_click All
test_step_click Submit
[15:08:40] W/element - more than one element found for locator By(xpath,  //td) - the first result will be used
[15:08:40] W/element - more than one element found for locator By(xpath,  //td) - the first result will be used
[15:08:40] W/element - more than one element found for locator By(xpath,  //td) - the first result will be used
test_step_click AEIN1595.NAT
[15:08:40] W/element - more than one element found for locator By(xpath,  //td) - the first result will be used
[15:08:43] W/element - more than one element found for locator By(xpath,  //td) - the first result will be used
presence
xpath in same page
assert AEIN1595.NAT
AEIN1595.NAT
Assertion Passed: Expected AEIN1595.NAT for the Xpath/html/body/ngb-modal-window/div/div/div[1]/label[1] contain  AEIN1595.NAT . :Assertion Passed
[32m.[0m


1 spec, 0 failures
Finished in 30.486 seconds

[15:08:48] I/launcher - 0 instance(s) of WebDriver still running
[15:08:48] I/launcher - chrome #01 passed
