[14:05:57] I/launcher - Running 1 instances of WebDriver
[14:05:57] I/hosted - Using the selenium server at http://localhost:4444/wd/hub
Started
null
test_step_inputadmin
test_step_inputadmin1
test_step_click Login
test_step_click Flow Diagrams
test_step_click Call Chain
presence
xpath in same page
assert Call Chain
Call Chain
Assertion Passed: Expected Call Chain Diagram for the Xpath/html/body/app-root/app-layout/section/app-callchainapp/div[1]/app-page-header/div/div/ol/li[2] contain  Call Chain . :Assertion Passed
test_step_click Control Flow
presence
xpath in same page
assert Control Flow
Control Flow
Assertion Passed: Expected Control Flow Diagram for the Xpath/html/body/app-root/app-layout/section/app-controlflowapp/div[1]/app-page-header/div/div/ol/li[2] contain  Control Flow . :Assertion Passed
test_step_click Program Process Flow
presence
xpath in same page
assert Program Process Flow
Program Process Flow
Assertion Passed: Expected Program Process Flow Diagram for the Xpath/html/body/app-root/app-layout/section/app-programprocessflowext/div[1]/app-page-header/div/div/ol/li[2] contain  Program Process Flow . :Assertion Passed
[32m.[0m


1 spec, 0 failures
Finished in 34.925 seconds

[14:06:38] I/launcher - 0 instance(s) of WebDriver still running
[14:06:38] I/launcher - chrome #01 passed
