[13:39:33] I/launcher - Running 1 instances of WebDriver
[13:39:33] I/hosted - Using the selenium server at http://localhost:4444/wd/hub
Started
null
test_step_inputdemouser
test_step_inputdemouser1
test_step_click Login
Assertion Passed: Expected Dashboard - LCaaS for the Xpath/html/body/app-root/app-layout/section/app-dashboard/div[1]/h2 contain Dashboard - LCaaS. :Assertion Passed
presence
Assertion Passed: Expected element xpath /html/body/app-root/app-layout/app-header/nav/img is present in current page. :Assertion Passed
presence
Assertion Passed: Expected element xpath /html/body/app-root/app-layout/section/app-dashboard/div[3]/div/div is present in current page. :Assertion Passed
presence
Assertion Passed: Expected element xpath /html/body/app-root/app-layout/section/app-dashboard/div[4]/div[1]/div is present in current page. :Assertion Passed
presence
Assertion Passed: Expected element xpath /html/body/app-root/app-layout/section/app-dashboard/div[4]/div[2]/div is present in current page. :Assertion Passed
presence
Assertion Passed: Expected element xpath /html/body/app-root/app-layout/section/app-dashboard/div[5]/div[1]/div is present in current page. :Assertion Passed
presence
Assertion Passed: Expected element xpath /html/body/app-root/app-layout/section/app-dashboard/div[5]/div[2]/div is present in current page. :Assertion Passed
presence
Assertion Passed: Expected element xpath /html/body/app-root/app-layout/section/app-dashboard/div[6]/div[1]/div is present in current page. :Assertion Passed
presence
Assertion Passed: Expected element xpath /html/body/app-root/app-layout/section/app-dashboard/div[6]/div[2]/div is present in current page. :Assertion Passed
presence
Assertion Passed: Expected element xpath /html/body/app-root/app-layout/section/app-dashboard/div[7]/div[1]/div is present in current page. :Assertion Passed
presence
Assertion Passed: Expected element xpath /html/body/app-root/app-layout/section/app-dashboard/div[7]/div[2]/div is present in current page. :Assertion Passed
presence
Assertion Passed: Expected element xpath /html/body/app-root/app-layout/section/app-dashboard/div[8]/div/div is present in current page. :Assertion Passed
test_step_click Log Out
[32m.[0m


1 spec, 0 failures
Finished in 65.081 seconds

[13:40:43] I/launcher - 0 instance(s) of WebDriver still running
[13:40:43] I/launcher - chrome #01 passed
