[12:23:47] I/launcher - Running 1 instances of WebDriver
[12:23:47] I/hosted - Using the selenium server at http://localhost:4444/wd/hub
Started
null
test_step_inputadmin
test_step_inputadmin1
test_step_click Login
test_step_click Screen Definition Report
test_step_click All
test_step_click Submit
presence
xpath in same page
assert Screen Definition Report
Screen Definition Report
Assertion Passed: Expected CICS Screen Definition Report for the Xpath/html/body/app-root/app-layout/section/app-cicsscreen-nat/div[1]/app-page-header/div/div/ol/li[2] contain  Screen Definition Report . :Assertion Passed
Assertion Passed: Expected Showing 1 to 10 of 2,268 entries for the Xpath/html/body/app-root/app-layout/section/app-cicsscreen-nat/div[5]/div[1]/div/div/div[4] contain Showing 1 to 10 of 2. :Assertion Passed
test_step_click Miscellaneous
test_step_click Submit
Assertion Passed: Expected Showing 1 to 10 of 2,268 entries for the Xpath/html/body/app-root/app-layout/section/app-cicsscreen-nat/div[5]/div[1]/div/div/div[4] contain Showing 1 to 10 of 2. :Assertion Passed
test_step_click Log Out
[32m.[0m


1 spec, 0 failures
Finished in 40.476 seconds

[12:24:34] I/launcher - 0 instance(s) of WebDriver still running
[12:24:34] I/launcher - chrome #01 passed
