[12:14:41] I/launcher - Running 1 instances of WebDriver
[12:14:41] I/hosted - Using the selenium server at http://localhost:4444/wd/hub
Started
null
test_step_inputdemouser
test_step_inputdemouser1
test_step_click Login
test_step_click Master Inventory
test_step_click All
test_step_click Submit
presence
Assertion Passed: Expected element xpath /html/body/app-root/app-layout/section/app-masterinvapp/div[3]/div[3]/select/option[2] is present in current page. :Assertion Passed
Assertion Passed: Expected Showing 1 to 10 of 77 entries for the Xpath/html/body/app-root/app-layout/section/app-masterinvapp/div[4]/div/div/div/div[4] contain Showing 1 to 10 of 77 entries. :Assertion Passed
test_step_click APARTMENT
test_step_click Submit
presence
Assertion Passed: Expected element xpath /html/body/app-root/app-layout/section/app-masterinvapp/div[3]/div[3]/select/option[3] is present in current page. :Assertion Passed
Assertion Passed: Expected Showing 1 to 8 of 8 entries for the Xpath/html/body/app-root/app-layout/section/app-masterinvapp/div[4]/div/div/div/div[4] contain Showing 1 to 8 of 8 entries. :Assertion Passed
test_step_click Log Out
[32m.[0m


1 spec, 0 failures
Finished in 34.861 seconds

[12:15:21] I/launcher - 0 instance(s) of WebDriver still running
[12:15:21] I/launcher - chrome #01 passed
