[13:49:34] I/launcher - Running 1 instances of WebDriver
[13:49:34] I/hosted - Using the selenium server at http://localhost:4444/wd/hub
Started
null
test_step_inputadmin
test_step_inputadmin1
test_step_click Login
test_step_click Master Inventory
test_step_click All
test_step_click Submit
test_step_inputCL
presence
xpath in same page
assert CL
CL
Assertion Passed: Expected CL for the Xpath/html/body/app-root/app-layout/section/app-masterinvapp/div[4]/div/div/div/div[3]/div[2]/table/tbody/tr[1]/td[2] is equal to CL . :Assertion Passed
[32m.[0m


1 spec, 0 failures
Finished in 21.199 seconds

[13:50:01] I/launcher - 0 instance(s) of WebDriver still running
[13:50:01] I/launcher - chrome #01 passed
