[15:07:19] I/launcher - Running 1 instances of WebDriver
[15:07:19] I/hosted - Using the selenium server at http://localhost:4444/wd/hub
Started
null
test_step_inputadmin
test_step_inputadmin1
test_step_click Login
test_step_click Technical Debt Report
test_step_click Dead Para Report
presence
Assertion Passed: Expected element xpath /html/body/app-root/app-layout/section/app-deadparaapp/div[3]/div[3]/select is present in current page. :Assertion Passed
presence
Assertion Passed: Expected element xpath /html/body/app-root/app-layout/section/app-deadparaapp/div[3]/div[4]/button is present in current page. :Assertion Passed
presence
Assertion Passed: Expected element xpath /html/body/app-root/app-layout/section/app-deadparaapp/div[4]/div/div/div/div[1]/label is present in current page. :Assertion Passed
presence
Assertion Passed: Expected element xpath /html/body/app-root/app-layout/section/app-deadparaapp/div[4]/div/div/div/div[2]/label/input is present in current page. :Assertion Passed
presence
Assertion Passed: Expected element xpath /html/body/app-root/app-layout/section/app-deadparaapp/div[4]/div/div/a/img is present in current page. :Assertion Passed
presence
Assertion Passed: Expected element xpath /html/body/app-root/app-layout/section/app-deadparaapp/div[4]/div/div/div/div[3]/div[1]/div/table is present in current page. :Assertion Passed
test_step_click Dashboard
test_step_click Log Out
[32m.[0m


1 spec, 0 failures
Finished in 31.806 seconds

[15:07:57] I/launcher - 0 instance(s) of WebDriver still running
[15:07:57] I/launcher - chrome #01 passed
