[14:18:04] I/launcher - Running 1 instances of WebDriver
[14:18:04] I/hosted - Using the selenium server at http://localhost:4444/wd/hub
Started
null
test_step_click 
test_step_inputdemouser
test_step_inputdemouser1
test_step_click Login
Assertion Passed: Expected 45 for the Xpath/html/body/app-root/app-layout/section/app-dashboard/div[1]/div[2]/div[1]/a/app-stat/div/div/div/div[2]/div[1]/h2 is equal to45. :Assertion Passed
Assertion Passed: Expected 2104
Lines of Code for the Xpath/html/body/app-root/app-layout/section/app-dashboard/div[1]/div[2]/div[2]/a/app-stat/div/div/div/div[2] contain 2104. :Assertion Passed
presence
Assertion Passed: Expected element xpath /html/body/app-root/app-layout/section/app-dashboard/div[1]/div[2]/div[3]/a/app-stat/div/div/div/div[2]/div[2] is present in current page. :Assertion Passed
Assertion Passed: Expected 5
No of Tables for the Xpath/html/body/app-root/app-layout/section/app-dashboard/div[1]/div[2]/div[3]/a/app-stat/div/div/div/div[2] contain No of Tables. :Assertion Passed
Assertion Passed: Expected 15 for the Xpath/html/body/app-root/app-layout/section/app-dashboard/div[1]/div[4]/div[1]/a/app-stat/div/div/div/div[2]/div[1]/h2 is equal to15. :Assertion Passed
Assertion Passed: Expected Missing Components for the Xpath/html/body/app-root/app-layout/section/app-dashboard/div[1]/div[4]/div[2]/a/app-stat/div/div/div/div[2]/div[2] is equal toMissing Components. :Assertion Passed
Assertion Passed: Expected 7 for the Xpath/html/body/app-root/app-layout/section/app-dashboard/div[1]/div[4]/div[3]/a/app-stat/div/div/div/div[2]/div[1]/h2 is equal to7. :Assertion Passed
test_step_click Log Out
[32m.[0m


1 spec, 0 failures
Finished in 13.349 seconds

[14:18:20] I/launcher - 0 instance(s) of WebDriver still running
[14:18:20] I/launcher - chrome #01 passed
