[15:25:01] I/launcher - Running 1 instances of WebDriver
[15:25:01] I/hosted - Using the selenium server at http://localhost:4444/wd/hub
Started
null
test_step_inputdemouser
test_step_inputdemouser1
test_step_click Login
test_step_click Screen Report
test_step_click Screen Definition
presence
Assertion Passed: Expected element xpath /html/body/app-root/app-layout/section/app-cicsscreen-app/div[1]/app-page-header/div/div/ol/li[1]/a is present in current page. :Assertion Passed
presence
Assertion Passed: Expected element xpath /html/body/app-root/app-layout/section/app-cicsscreen-app/div[1]/app-page-header/div/div/ol/li[2] is present in current page. :Assertion Passed
presence
Assertion Passed: Expected element xpath /html/body/app-root/app-layout/section/app-cicsscreen-app/div[4]/div[1]/label is present in current page. :Assertion Passed
presence
Assertion Passed: Expected element xpath /html/body/app-root/app-layout/section/app-cicsscreen-app/div[4]/div[2]/select is present in current page. :Assertion Passed
presence
Assertion Passed: Expected element xpath /html/body/app-root/app-layout/section/app-cicsscreen-app/div[4]/div[3]/label is present in current page. :Assertion Passed
presence
Assertion Passed: Expected element xpath /html/body/app-root/app-layout/section/app-cicsscreen-app/div[4]/div[4]/select is present in current page. :Assertion Passed
presence
Assertion Passed: Expected element xpath /html/body/app-root/app-layout/section/app-cicsscreen-app/div[4]/div[5]/button is present in current page. :Assertion Passed
presence
Assertion Passed: Expected element xpath /html/body/app-root/app-layout/section/app-cicsscreen-app/div[5]/div[1]/div/div/div[1]/label is present in current page. :Assertion Passed
presence
Assertion Passed: Expected element xpath /html/body/app-root/app-layout/section/app-cicsscreen-app/div[5]/div[1]/div/div/div[2]/label is present in current page. :Assertion Passed
presence
Assertion Passed: Expected element xpath /html/body/app-root/app-layout/section/app-cicsscreen-app/div[5]/div[1]/div/a/img is present in current page. :Assertion Passed
presence
Assertion Passed: Expected element xpath /html/body/app-root/app-layout/section/app-cicsscreen-app/div[5]/div[1]/div/div/div[3]/div[1]/div/table/thead/tr/th[1] is present in current page. :Assertion Passed
presence
Assertion Passed: Expected element xpath /html/body/app-root/app-layout/section/app-cicsscreen-app/div[5]/div[1]/div/div/div[3]/div[1]/div/table/thead/tr/th[2] is present in current page. :Assertion Passed
presence
Assertion Passed: Expected element xpath /html/body/app-root/app-layout/section/app-cicsscreen-app/div[5]/div[1]/div/div/div[3]/div[1]/div/table/thead/tr/th[3] is present in current page. :Assertion Passed
presence
Assertion Passed: Expected element xpath /html/body/app-root/app-layout/section/app-cicsscreen-app/div[5]/div[1]/div/div/div[3]/div[1]/div/table/thead/tr/th[4] is present in current page. :Assertion Passed
presence
Assertion Passed: Expected element xpath /html/body/app-root/app-layout/section/app-cicsscreen-app/div[5]/div[1]/div/div/div[3]/div[1]/div/table/thead/tr/th[5] is present in current page. :Assertion Passed
presence
Assertion Passed: Expected element xpath /html/body/app-root/app-layout/section/app-cicsscreen-app/div[5]/div[1]/div/div/div[3]/div[1]/div/table/thead/tr/th[6] is present in current page. :Assertion Passed
presence
Assertion Passed: Expected element xpath /html/body/app-root/app-layout/section/app-cicsscreen-app/div[5]/div[1]/div/div/div[3]/div[1]/div/table/thead/tr/th[7] is present in current page. :Assertion Passed
presence
Assertion Passed: Expected element xpath /html/body/app-root/app-layout/section/app-cicsscreen-app/div[5]/div[1]/div/div/div[3]/div[1]/div/table/thead/tr/th[8] is present in current page. :Assertion Passed
presence
Assertion Passed: Expected element xpath /html/body/app-root/app-layout/section/app-cicsscreen-app/div[5]/div[1]/div/div/div[3]/div[1]/div/table/thead/tr/th[9] is present in current page. :Assertion Passed
presence
Assertion Passed: Expected element xpath /html/body/app-root/app-layout/section/app-cicsscreen-app/div[5]/div[1]/div/div/div[3]/div[1]/div/table/thead/tr/th[10] is present in current page. :Assertion Passed
presence
Assertion Passed: Expected element xpath /html/body/app-root/app-layout/section/app-cicsscreen-app/div[5]/div[1]/div/div/div[3]/div[1]/div/table/thead/tr/th[11] is present in current page. :Assertion Passed
presence
Assertion Passed: Expected element xpath /html/body/app-root/app-layout/section/app-cicsscreen-app/div[5]/div[1]/div/div/div[3]/div[1]/div/table/thead/tr/th[12] is present in current page. :Assertion Passed
presence
Assertion Passed: Expected element xpath /html/body/app-root/app-layout/section/app-cicsscreen-app/div[5]/div[1]/div/div/div[3]/div[1]/div/table/thead/tr/th[13] is present in current page. :Assertion Passed
presence
Assertion Passed: Expected element xpath /html/body/app-root/app-layout/section/app-cicsscreen-app/div[5]/div[1]/div/div/div[3]/div[1]/div/table/thead/tr/th[14] is present in current page. :Assertion Passed
presence
Assertion Passed: Expected element xpath /html/body/app-root/app-layout/section/app-cicsscreen-app/div[5]/div[1]/div/div/div[3]/div[1]/div/table/thead/tr/th[15] is present in current page. :Assertion Passed
presence
Assertion Passed: Expected element xpath /html/body/app-root/app-layout/section/app-cicsscreen-app/div[5]/div[1]/div/div/div[3]/div[1]/div/table/thead/tr/th[16] is present in current page. :Assertion Passed
presence
Assertion Passed: Expected element xpath /html/body/app-root/app-layout/section/app-cicsscreen-app/div[5]/div[1]/div/div/div[3]/div[1]/div/table/thead/tr/th[17] is present in current page. :Assertion Passed
presence
Assertion Passed: Expected element xpath /html/body/app-root/app-layout/section/app-cicsscreen-app/div[5]/div[1]/div/div/div[3]/div[1]/div/table/thead/tr/th[18] is present in current page. :Assertion Passed
presence
Assertion Passed: Expected element xpath /html/body/app-root/app-layout/section/app-cicsscreen-app/div[5]/div[1]/div/div/div[3]/div[1]/div/table/thead/tr/th[19] is present in current page. :Assertion Passed
presence
Assertion Passed: Expected element xpath /html/body/app-root/app-layout/section/app-cicsscreen-app/div[5]/div[1]/div/div/div[3]/div[1]/div/table/thead/tr/th[20] is present in current page. :Assertion Passed
presence
Assertion Passed: Expected element xpath /html/body/app-root/app-layout/section/app-cicsscreen-app/div[5]/div[1]/div/div/div[3]/div[1]/div/table/thead/tr/th[21] is present in current page. :Assertion Passed
presence
Assertion Passed: Expected element xpath /html/body/app-root/app-layout/section/app-cicsscreen-app/div[5]/div[1]/div/div/div[4] is present in current page. :Assertion Passed
presence
Assertion Passed: Expected element xpath /html/body/app-root/app-layout/section/app-cicsscreen-app/div[5]/div[1]/div/div/div[5]/a[1] is present in current page. :Assertion Passed
presence
Assertion Passed: Expected element xpath /html/body/app-root/app-layout/section/app-cicsscreen-app/div[5]/div[1]/div/div/div[5]/a[2] is present in current page. :Assertion Passed
presence
Assertion Passed: Expected element xpath /html/body/app-root/app-layout/section/app-cicsscreen-app/div[5]/div[1]/div/div/div[5]/a[3] is present in current page. :Assertion Passed
presence
Assertion Passed: Expected element xpath /html/body/app-root/app-layout/section/app-cicsscreen-app/div[5]/div[1]/div/div/div[5]/a[4] is present in current page. :Assertion Passed
test_step_click Log Out
[32m.[0m


1 spec, 0 failures
Finished in 36.923 seconds

[15:25:44] I/launcher - 0 instance(s) of WebDriver still running
[15:25:44] I/launcher - chrome #01 passed
