[17:49:01] I/launcher - Running 1 instances of WebDriver
[17:49:01] I/hosted - Using the selenium server at http://localhost:4444/wd/hub
Started
null
test_step_inputdemouser
test_step_inputdemouser1
test_step_click Login
Assertion Passed: Expected 12 for the Xpath/html/body/app-root/app-layout/section/app-dashboard/div[1]/div[2]/div[1]/a/app-stat/div/div/div/div[2]/div[1]/h2 is equal to12. :Assertion Passed
test_step_click 12
test_step_click All
test_step_click Submit
presence
Assertion Passed: Expected element xpath /html/body/app-root/app-layout/section/app-masterinvapp/div[3]/div[3]/select/option[2] is present in current page. :Assertion Passed
Assertion Passed: Expected Showing 1 to 10 of 12 entries for the Xpath/html/body/app-root/app-layout/section/app-masterinvapp/div[4]/div/div/div/div[4] contain Showing 1 to 10 of 12 entries. :Assertion Passed
test_step_click Log Out
[32m.[0m


1 spec, 0 failures
Finished in 28.489 seconds

[17:49:34] I/launcher - 0 instance(s) of WebDriver still running
[17:49:34] I/launcher - chrome #01 passed
