[14:53:54] I/launcher - Running 1 instances of WebDriver
[14:53:54] I/hosted - Using the selenium server at http://localhost:4444/wd/hub
Started
null
test_step_inputadmin
test_step_inputadmin1
test_step_click Login
test_step_click   Variable Impact Report
test_step_inputAP540-CARRY-OVR-REC
test_step_click Search
Assertion Passed: Expected Total results found: 4 for the Xpath/html/body/app-root/app-layout/section/app-impact/div[3]/div[4]/label is equal toTotal results found: 4. :Assertion Passed
test_step_inputSORT-RECORD
test_step_click Search
Assertion Passed: Expected Total results found: 16 for the Xpath/html/body/app-root/app-layout/section/app-impact/div[3]/div[4]/label is equal toTotal results found: 16. :Assertion Passed
test_step_click Log Out
[32m.[0m


1 spec, 0 failures
Finished in 36.267 seconds

[14:54:37] I/launcher - 0 instance(s) of WebDriver still running
[14:54:37] I/launcher - chrome #01 passed
