[15:43:12] I/launcher - Running 1 instances of WebDriver
[15:43:12] I/hosted - Using the selenium server at http://localhost:4444/wd/hub
Started
null
test_step_inputadmin
test_step_inputadmin1
test_step_click Login
test_step_click Commented Lines Report
test_step_click All
test_step_click Submit
presence
xpath in same page
assert Commented Lines Report
Commented Lines Report
Assertion Passed: Expected Commented Lines Report for the Xpath/html/body/app-root/app-layout/section/app-commentedlinesapp/div[1]/app-page-header/div/div/ol/li[2] contain  Commented Lines Report . :Assertion Passed
Assertion Passed: Expected Showing 1 to 6 of 6 entries for the Xpath/html/body/app-root/app-layout/section/app-commentedlinesapp/div[4]/div/div/div/div[4] is equal toShowing 1 to 6 of 6 entries. :Assertion Passed
test_step_click Fleet Management
test_step_click Submit
Assertion Passed: Expected Showing 1 to 4 of 4 entries for the Xpath/html/body/app-root/app-layout/section/app-commentedlinesapp/div[4]/div/div/div/div[4] is equal toShowing 1 to 4 of 4 entries. :Assertion Passed
test_step_click Log Out
[32m.[0m


1 spec, 0 failures
Finished in 33.423 seconds

[15:43:51] I/launcher - 0 instance(s) of WebDriver still running
[15:43:51] I/launcher - chrome #01 passed
