[10:48:41] I/launcher - Running 1 instances of WebDriver
[10:48:41] I/hosted - Using the selenium server at http://localhost:4444/wd/hub
Started
null
test_step_inputdemouser
test_step_inputdemouser1
test_step_click Login
[10:48:55] W/element - more than one element found for locator By(xpath,  //a[@href="/vbnet/CRUD"]) - the first result will be used
[10:48:56] W/element - more than one element found for locator By(xpath,  //a[@href="/vbnet/CRUD"]) - the first result will be used
[10:48:56] W/element - more than one element found for locator By(xpath,  //a[@href="/vbnet/CRUD"]) - the first result will be used
test_step_click   CRUD
[10:48:56] W/element - more than one element found for locator By(xpath,  //a[@href="/vbnet/CRUD"]) - the first result will be used
[10:48:59] W/element - more than one element found for locator By(xpath,  //a[@href="/vbnet/CRUD"]) - the first result will be used
test_step_click All
test_step_click Submit
test_step_click Log Out
[32m.[0m


1 spec, 0 failures
Finished in 20.05 seconds

[10:49:05] I/launcher - 0 instance(s) of WebDriver still running
[10:49:05] I/launcher - chrome #01 passed
