[18:53:00] I/launcher - Running 1 instances of WebDriver
[18:53:00] I/hosted - Using the selenium server at http://localhost:4444/wd/hub
Started
null
test_step_inputdemouser
test_step_click Login


Number of Attempts Left: 5
Login
test_step_inputdemouser1
test_step_click Login
test_step_click Commented Lines Report
presence
Assertion Passed: Expected element xpath /html/body/app-root/app-layout/section/app-commentedlinesapp/div[1]/app-page-header/div/div/ol/li[2] is present in current page. :Assertion Passed
presence
Assertion Passed: Expected element xpath /html/body/app-root/app-layout/section/app-commentedlinesapp/div[1]/app-page-header/div/div/ol/li[1]/a is present in current page. :Assertion Passed
presence
Assertion Passed: Expected element xpath /html/body/app-root/app-layout/section/app-commentedlinesapp/div[3]/div[2]/label is present in current page. :Assertion Passed
presence
Assertion Passed: Expected element xpath /html/body/app-root/app-layout/section/app-commentedlinesapp/div[4]/div/div/a/img is present in current page. :Assertion Passed
test_step_click All
Assertion Passed:  /html/body/app-root/app-layout/section/app-commentedlinesapp/div[3]/div[4]/button is enabled. :Assertion Passed
test_step_click Submit
presence
Assertion Passed: Expected element xpath /html/body/app-root/app-layout/section/app-commentedlinesapp/div[4]/div/div/div/div[3]/div[1]/div/table/thead/tr/th[1] is present in current page. :Assertion Passed
presence
Assertion Passed: Expected element xpath /html/body/app-root/app-layout/section/app-commentedlinesapp/div[4]/div/div/div/div[2]/label/input is present in current page. :Assertion Passed
presence
Assertion Passed: Expected element xpath /html/body/app-root/app-layout/section/app-commentedlinesapp/div[4]/div/div/div/div[3]/div[1]/div/table/thead/tr/th[2] is present in current page. :Assertion Passed
Assertion Passed: Expected Showing 1 to 10 of 45 entries for the Xpath/html/body/app-root/app-layout/section/app-commentedlinesapp/div[4]/div/div/div/div[4] contain Showing 1 to 10 of 45 entries. :Assertion Passed
presence
Assertion Passed: Expected element xpath /html/body/app-root/app-layout/section/app-commentedlinesapp/div[4]/div/div/div/div[5]/a[4] is present in current page. :Assertion Passed
test_step_click Log Out
[32m.[0m


1 spec, 0 failures
Finished in 23.202 seconds

[18:53:26] I/launcher - 0 instance(s) of WebDriver still running
[18:53:26] I/launcher - chrome #01 passed
