[14:36:04] I/launcher - Running 1 instances of WebDriver
[14:36:04] I/hosted - Using the selenium server at http://localhost:4444/wd/hub
Started
null
test_step_inputadmin
test_step_inputadmin1
test_step_click Login
test_step_click Screen Report
test_step_click Screen Definition
presence
xpath in same page
assert Screen Definition
Screen Definition
Assertion Passed: Expected Screen Definition Report for the Xpath/html/body/app-root/app-layout/section/app-cicsscreen-app/div[1]/app-page-header/div/div/ol/li[2] contain  Screen Definition . :Assertion Passed
test_step_click Screen Validation
presence
xpath in same page
assert Screen Validation
Screen Validation
Assertion Passed: Expected Screen Validation Report for the Xpath/html/body/app-root/app-layout/section/app-cicsvalidation-app/div[1]/app-page-header/div/div/ol/li[2] contain  Screen Validation . :Assertion Passed
test_step_click   CRUD
presence
xpath in same page
assert   CRUD
  CRUD
Assertion Failed: Expected CRUD Reports for the Xpath/html/body/app-root/app-layout/section/app-formapp/div[1]/app-page-header/div/div/ol/li[2] But has   CRUD . :Assertion Failed
[31mF[0m

Failures:
1) java navigation3
  Message:
[31m    NoSuchSessionError: This driver instance does not have a valid session ID (did you call WebDriver.quit()?) and may no longer be used.[0m
  Stack:
    NoSuchSessionError: This driver instance does not have a valid session ID (did you call WebDriver.quit()?) and may no longer be used.
        at C:\Users\sv00810785\AppData\Roaming\npm\node_modules\protractor\node_modules\selenium-webdriver\lib\webdriver.js:847:16
        at new ManagedPromise (C:\Users\sv00810785\AppData\Roaming\npm\node_modules\protractor\node_modules\selenium-webdriver\lib\promise.js:1077:7)
        at ControlFlow.promise (C:\Users\sv00810785\AppData\Roaming\npm\node_modules\protractor\node_modules\selenium-webdriver\lib\promise.js:2505:12)
        at C:\Users\sv00810785\AppData\Roaming\npm\node_modules\protractor\node_modules\selenium-webdriver\lib\webdriver.js:846:34
        at C:\Users\sv00810785\AppData\Roaming\npm\node_modules\protractor\node_modules\selenium-webdriver\lib\promise.js:1684:12
        at ManagedPromise.invokeCallback_ (C:\Users\sv00810785\AppData\Roaming\npm\node_modules\protractor\node_modules\selenium-webdriver\lib\promise.js:1376:14)
        at TaskQueue.execute_ (C:\Users\sv00810785\AppData\Roaming\npm\node_modules\protractor\node_modules\selenium-webdriver\lib\promise.js:3084:14)
        at TaskQueue.executeNext_ (C:\Users\sv00810785\AppData\Roaming\npm\node_modules\protractor\node_modules\selenium-webdriver\lib\promise.js:3067:27)
        at C:\Users\sv00810785\AppData\Roaming\npm\node_modules\protractor\node_modules\selenium-webdriver\lib\promise.js:2927:27
        at C:\Users\sv00810785\AppData\Roaming\npm\node_modules\protractor\node_modules\selenium-webdriver\lib\promise.js:668:7
    From: Task: WebDriver.takeScreenshot()
        at thenableWebDriverProxy.schedule (C:\Users\sv00810785\AppData\Roaming\npm\node_modules\protractor\node_modules\selenium-webdriver\lib\webdriver.js:807:17)
        at thenableWebDriverProxy.takeScreenshot (C:\Users\sv00810785\AppData\Roaming\npm\node_modules\protractor\node_modules\selenium-webdriver\lib\webdriver.js:1085:17)
        at run (C:\Users\sv00810785\AppData\Roaming\npm\node_modules\protractor\built\browser.js:58:33)
        at ProtractorBrowser.to.<computed> [as takeScreenshot] (C:\Users\sv00810785\AppData\Roaming\npm\node_modules\protractor\built\browser.js:66:16)
        at UserContext.<anonymous> (D:\iTAP\Recorded_Scenarios\java\navigation3\conf.js:30:14)

1 spec, 1 failure
Finished in 35.7 seconds

[31mAn error was thrown in an afterAll[0m
[31mAfterAll NoSuchSessionError: This driver instance does not have a valid session ID (did you call WebDriver.quit()?) and may no longer be used.[0m
[14:36:45] I/launcher - 0 instance(s) of WebDriver still running
[14:36:45] I/launcher - chrome #01 failed 1 test(s)
[14:36:45] I/launcher - overall: 1 failed spec(s)
[14:36:45] E/launcher - Process exited with error code 1
