[15:23:31] I/launcher - Running 1 instances of WebDriver
[15:23:31] I/hosted - Using the selenium server at http://localhost:4444/wd/hub
Started
null
test_step_inputdemouser
test_step_inputdemouser1
test_step_click Login
test_step_click Missing Component
test_step_click All
test_step_click Submit
Assertion Passed: Expected Missing Component Report for the Xpath/html/body/app-root/app-layout/section/app-missingcompapp/div[1]/app-page-header/div/div/ol/li[2] contain Missing Component Report. :Assertion Passed
presence
Assertion Passed: Expected element xpath /html/body/app-root/app-layout/section/app-missingcompapp/div[2]/div[2]/label is present in current page. :Assertion Passed
Assertion Passed: Expected All for the Xpath/html/body/app-root/app-layout/section/app-missingcompapp/div[2]/div[3]/select/option[2] contain All. :Assertion Passed
Assertion Passed:  /html/body/app-root/app-layout/section/app-missingcompapp/div[2]/div[4]/button is enabled. :Assertion Passed
presence
Assertion Passed: Expected element xpath /html/body/app-root/app-layout/section/app-missingcompapp/div[3]/div/div/div/div[1]/label is present in current page. :Assertion Passed
Assertion Passed: Expected COMPONENT_NAME for the Xpath/html/body/app-root/app-layout/section/app-missingcompapp/div[3]/div/div/div/div[3]/div[1]/div/table/thead/tr/th[1] is equal toCOMPONENT_NAME. :Assertion Passed
Assertion Passed: Expected COMPONENT_TYPE for the Xpath/html/body/app-root/app-layout/section/app-missingcompapp/div[3]/div/div/div/div[3]/div[1]/div/table/thead/tr/th[2] is equal toCOMPONENT_TYPE. :Assertion Passed
Assertion Passed: Expected SalesBillReport for the Xpath/html/body/app-root/app-layout/section/app-missingcompapp/div[3]/div/div/div/div[3]/div[2]/table/tbody/tr/td[1] is equal toSalesBillReport. :Assertion Passed
Assertion Passed: Expected UNKNOWN for the Xpath/html/body/app-root/app-layout/section/app-missingcompapp/div[3]/div/div/div/div[3]/div[2]/table/tbody/tr/td[2] is equal toUNKNOWN. :Assertion Passed
Assertion Passed: Expected Showing 1 to 1 of 1 entries for the Xpath/html/body/app-root/app-layout/section/app-missingcompapp/div[3]/div/div/div/div[4] is equal toShowing 1 to 1 of 1 entries. :Assertion Passed
Assertion Passed: Expected First for the Xpath/html/body/app-root/app-layout/section/app-missingcompapp/div[3]/div/div/div/div[5]/a[1] is equal toFirst. :Assertion Passed
Assertion Passed: Expected Previous for the Xpath/html/body/app-root/app-layout/section/app-missingcompapp/div[3]/div/div/div/div[5]/a[2] is equal toPrevious. :Assertion Passed
Assertion Passed: Expected 1 for the Xpath/html/body/app-root/app-layout/section/app-missingcompapp/div[3]/div/div/div/div[5]/span/a is equal to1. :Assertion Passed
Assertion Passed: Expected Next for the Xpath/html/body/app-root/app-layout/section/app-missingcompapp/div[3]/div/div/div/div[5]/a[3] is equal toNext. :Assertion Passed
Assertion Passed: Expected Last for the Xpath/html/body/app-root/app-layout/section/app-missingcompapp/div[3]/div/div/div/div[5]/a[4] is equal toLast. :Assertion Passed
test_step_click Log Out
[32m.[0m


1 spec, 0 failures
Finished in 58.005 seconds

[15:24:34] I/launcher - 0 instance(s) of WebDriver still running
[15:24:34] I/launcher - chrome #01 passed
