[11:13:52] I/launcher - Running 1 instances of WebDriver
[11:13:52] I/hosted - Using the selenium server at http://localhost:4444/wd/hub
Started
null
test_step_inputdemouser
test_step_inputdemouser1
test_step_click Login
[11:14:25] W/element - more than one element found for locator By(xpath,  //a[@href="/vb6/CRUD"]) - the first result will be used
[11:14:25] W/element - more than one element found for locator By(xpath,  //a[@href="/vb6/CRUD"]) - the first result will be used
[11:14:25] W/element - more than one element found for locator By(xpath,  //a[@href="/vb6/CRUD"]) - the first result will be used
test_step_click   CRUD
[11:14:25] W/element - more than one element found for locator By(xpath,  //a[@href="/vb6/CRUD"]) - the first result will be used
[11:14:25] W/element - more than one element found for locator By(xpath,  //a[@href="/vb6/CRUD"]) - the first result will be used
test_step_click All
test_step_click Submit
Assertion Passed: Expected [READ] got [ dashboard
crud reports
application:
--select application--
all
booking
customer
employee
main
purchase
sales
submit
show
10
25
50
100
entries
search:
component_name component_type table crud sql calling_app_name
bookingreportform.frm vb_form tranmaintab read select * from tranmaintab where trantype='d' and (trandate >=# & dateformat(fdate) & # and trandate <=# & dateformat(tdate) & #) order by tranno booking
bookingreportform.frm vb_form tranmaintab read select * from tranmaintab where trantype='d' and (trandate >=# & dateformat(fdate) & # and trandate <=# & dateformat(tdate) & #) order by tranno booking
categoryform.frm vb_form categorytab delete delete from categorytab where categoryname=' & catvar & ' sales
categoryform.frm vb_form categorytab read select categoryname,details from categorytab order by categoryname sales
categoryform.frm vb_form categorytab delete delete from categorytab where categoryname=' & catvar & ' sales
categoryform.frm vb_form categorytab create insert into categorytab values(' & ucase(text1) & ',' & text2 & ') sales
categoryform.frm vb_form categorytab create insert into categorytab values(' & ucase(text1) & ',' & text2 & ') sales
categoryform.frm vb_form categorytab read select * from categorytab where categoryname=' & catvar & ' sales
customerform.frm vb_form customertab delete delete from customertab where custname=' & custvar & ' customer
customerform.frm vb_form customertab read select custname,add3 from customertab order by custname customer
showing 1 to 10 of 111 entries
firstprevious12345…12nextlast ]. :Assertion Passed
Assertion Failed: Expected [READ] got [ all ]. :Assertion Failed
Assertion Failed: Expected [READ] got [ booking ]. :Assertion Failed
Assertion Failed: Expected [READ] got [ customer ]. :Assertion Failed
Assertion Failed: Expected [READ] got [ employee ]. :Assertion Failed
Assertion Failed: Expected [READ] got [ main ]. :Assertion Failed
Assertion Failed: Expected [READ] got [ purchase ]. :Assertion Failed
Assertion Failed: Expected [READ] got [ sales ]. :Assertion Failed
Assertion Failed: Expected [READ] got [ component_name ]. :Assertion Failed
Assertion Failed: Expected [READ] got [ component_type ]. :Assertion Failed
Assertion Failed: Expected [READ] got [ table ]. :Assertion Failed
Assertion Failed: Expected [READ] got [ crud ]. :Assertion Failed
Assertion Failed: Expected [READ] got [ sql ]. :Assertion Failed
Assertion Failed: Expected [READ] got [ calling_app_name ]. :Assertion Failed
Assertion Failed: Expected [READ] got [  ]. :Assertion Failed
Assertion Failed: Expected [READ] got [  ]. :Assertion Failed
Assertion Failed: Expected [READ] got [  ]. :Assertion Failed
Assertion Failed: Expected [READ] got [  ]. :Assertion Failed
Assertion Failed: Expected [READ] got [  ]. :Assertion Failed
Assertion Failed: Expected [READ] got [  ]. :Assertion Failed
Assertion Passed: Expected [READ] got [ bookingreportform.frm vb_form tranmaintab read select * from tranmaintab where trantype='d' and (trandate >=# & dateformat(fdate) & # and trandate <=# & dateformat(tdate) & #) order by tranno booking ]. :Assertion Passed
Assertion Failed: Expected [READ] got [ bookingreportform.frm ]. :Assertion Failed
Assertion Failed: Expected [READ] got [ vb_form ]. :Assertion Failed
Assertion Failed: Expected [READ] got [ tranmaintab ]. :Assertion Failed
Assertion Passed: Expected [READ] got [ read ]. :Assertion Passed
Assertion Failed: Expected [READ] got [ select * from tranmaintab where trantype='d' and (trandate >=# & dateformat(fdate) & # and trandate <=# & dateformat(tdate) & #) order by tranno ]. :Assertion Failed
Assertion Failed: Expected [READ] got [ booking ]. :Assertion Failed
Assertion Passed: Expected [READ] got [ bookingreportform.frm vb_form tranmaintab read select * from tranmaintab where trantype='d' and (trandate >=# & dateformat(fdate) & # and trandate <=# & dateformat(tdate) & #) order by tranno booking ]. :Assertion Passed
Assertion Failed: Expected [READ] got [ bookingreportform.frm ]. :Assertion Failed
Assertion Failed: Expected [READ] got [ vb_form ]. :Assertion Failed
Assertion Failed: Expected [READ] got [ tranmaintab ]. :Assertion Failed
Assertion Passed: Expected [READ] got [ read ]. :Assertion Passed
Assertion Failed: Expected [READ] got [ select * from tranmaintab where trantype='d' and (trandate >=# & dateformat(fdate) & # and trandate <=# & dateformat(tdate) & #) order by tranno ]. :Assertion Failed
Assertion Failed: Expected [READ] got [ booking ]. :Assertion Failed
Assertion Failed: Expected [READ] got [ categoryform.frm vb_form categorytab delete delete from categorytab where categoryname=' & catvar & ' sales ]. :Assertion Failed
Assertion Failed: Expected [READ] got [ categoryform.frm ]. :Assertion Failed
Assertion Failed: Expected [READ] got [ vb_form ]. :Assertion Failed
Assertion Failed: Expected [READ] got [ categorytab ]. :Assertion Failed
Assertion Failed: Expected [READ] got [ delete ]. :Assertion Failed
Assertion Failed: Expected [READ] got [ delete from categorytab where categoryname=' & catvar & ' ]. :Assertion Failed
Assertion Failed: Expected [READ] got [ sales ]. :Assertion Failed
Assertion Passed: Expected [READ] got [ categoryform.frm vb_form categorytab read select categoryname,details from categorytab order by categoryname sales ]. :Assertion Passed
Assertion Failed: Expected [READ] got [ categoryform.frm ]. :Assertion Failed
Assertion Failed: Expected [READ] got [ vb_form ]. :Assertion Failed
Assertion Failed: Expected [READ] got [ categorytab ]. :Assertion Failed
Assertion Passed: Expected [READ] got [ read ]. :Assertion Passed
Assertion Failed: Expected [READ] got [ select categoryname,details from categorytab order by categoryname ]. :Assertion Failed
Assertion Failed: Expected [READ] got [ sales ]. :Assertion Failed
Assertion Failed: Expected [READ] got [ categoryform.frm vb_form categorytab delete delete from categorytab where categoryname=' & catvar & ' sales ]. :Assertion Failed
Assertion Failed: Expected [READ] got [ categoryform.frm ]. :Assertion Failed
Assertion Failed: Expected [READ] got [ vb_form ]. :Assertion Failed
Assertion Failed: Expected [READ] got [ categorytab ]. :Assertion Failed
Assertion Failed: Expected [READ] got [ delete ]. :Assertion Failed
Assertion Failed: Expected [READ] got [ delete from categorytab where categoryname=' & catvar & ' ]. :Assertion Failed
Assertion Failed: Expected [READ] got [ sales ]. :Assertion Failed
Assertion Failed: Expected [READ] got [ categoryform.frm vb_form categorytab create insert into categorytab values(' & ucase(text1) & ',' & text2 & ') sales ]. :Assertion Failed
Assertion Failed: Expected [READ] got [ categoryform.frm ]. :Assertion Failed
Assertion Failed: Expected [READ] got [ vb_form ]. :Assertion Failed
Assertion Failed: Expected [READ] got [ categorytab ]. :Assertion Failed
Assertion Failed: Expected [READ] got [ create ]. :Assertion Failed
Assertion Failed: Expected [READ] got [ insert into categorytab values(' & ucase(text1) & ',' & text2 & ') ]. :Assertion Failed
Assertion Failed: Expected [READ] got [ sales ]. :Assertion Failed
Assertion Failed: Expected [READ] got [ categoryform.frm vb_form categorytab create insert into categorytab values(' & ucase(text1) & ',' & text2 & ') sales ]. :Assertion Failed
Assertion Failed: Expected [READ] got [ categoryform.frm ]. :Assertion Failed
Assertion Failed: Expected [READ] got [ vb_form ]. :Assertion Failed
Assertion Failed: Expected [READ] got [ categorytab ]. :Assertion Failed
Assertion Failed: Expected [READ] got [ create ]. :Assertion Failed
Assertion Failed: Expected [READ] got [ insert into categorytab values(' & ucase(text1) & ',' & text2 & ') ]. :Assertion Failed
Assertion Failed: Expected [READ] got [ sales ]. :Assertion Failed
Assertion Passed: Expected [READ] got [ categoryform.frm vb_form categorytab read select * from categorytab where categoryname=' & catvar & ' sales ]. :Assertion Passed
Assertion Failed: Expected [READ] got [ categoryform.frm ]. :Assertion Failed
Assertion Failed: Expected [READ] got [ vb_form ]. :Assertion Failed
Assertion Failed: Expected [READ] got [ categorytab ]. :Assertion Failed
Assertion Passed: Expected [READ] got [ read ]. :Assertion Passed
Assertion Failed: Expected [READ] got [ select * from categorytab where categoryname=' & catvar & ' ]. :Assertion Failed
Assertion Failed: Expected [READ] got [ sales ]. :Assertion Failed
Assertion Failed: Expected [READ] got [ customerform.frm vb_form customertab delete delete from customertab where custname=' & custvar & ' customer ]. :Assertion Failed
Assertion Failed: Expected [READ] got [ customerform.frm ]. :Assertion Failed
Assertion Failed: Expected [READ] got [ vb_form ]. :Assertion Failed
Assertion Failed: Expected [READ] got [ customertab ]. :Assertion Failed
Assertion Failed: Expected [READ] got [ delete ]. :Assertion Failed
Assertion Failed: Expected [READ] got [ delete from customertab where custname=' & custvar & ' ]. :Assertion Failed
Assertion Failed: Expected [READ] got [ customer ]. :Assertion Failed
Assertion Passed: Expected [READ] got [ customerform.frm vb_form customertab read select custname,add3 from customertab order by custname customer ]. :Assertion Passed
Assertion Failed: Expected [READ] got [ customerform.frm ]. :Assertion Failed
Assertion Failed: Expected [READ] got [ vb_form ]. :Assertion Failed
Assertion Failed: Expected [READ] got [ customertab ]. :Assertion Failed
Assertion Passed: Expected [READ] got [ read ]. :Assertion Passed
Assertion Failed: Expected [READ] got [ select custname,add3 from customertab order by custname ]. :Assertion Failed
Assertion Failed: Expected [READ] got [ customer ]. :Assertion Failed
test_step_click Log Out
[32m.[0m


1 spec, 0 failures
Finished in 40.297 seconds

[11:14:37] I/launcher - 0 instance(s) of WebDriver still running
[11:14:37] I/launcher - chrome #01 passed
