[14:46:46] I/launcher - Running 1 instances of WebDriver
[14:46:46] I/hosted - Using the selenium server at http://localhost:4444/wd/hub
Started
null
test_step_inputadmin
test_step_inputadmin1
test_step_click Login
test_step_click Missing Component
presence
Assertion Passed: Expected element xpath /html/body/app-root/app-layout/section/app-missingcompapp/div[2]/div[3]/select is present in current page. :Assertion Passed
presence
Assertion Passed: Expected element xpath /html/body/app-root/app-layout/section/app-missingcompapp/div[2]/div[4]/button is present in current page. :Assertion Passed
presence
Assertion Passed: Expected element xpath /html/body/app-root/app-layout/section/app-missingcompapp/div[3]/div/div/div/div[1]/label is present in current page. :Assertion Passed
presence
Assertion Passed: Expected element xpath /html/body/app-root/app-layout/section/app-missingcompapp/div[3]/div/div/div/div[2]/label is present in current page. :Assertion Passed
presence
Assertion Passed: Expected element xpath /html/body/app-root/app-layout/section/app-missingcompapp/div[3]/div/div/div/div[3]/div[1]/div/table is present in current page. :Assertion Passed
test_step_click Dashboard
test_step_click Log Out
[32m.[0m


1 spec, 0 failures
Finished in 29.597 seconds

[14:47:22] I/launcher - 0 instance(s) of WebDriver still running
[14:47:22] I/launcher - chrome #01 passed
