[13:00:44] I/launcher - Running 1 instances of WebDriver
[13:00:44] I/hosted - Using the selenium server at http://localhost:4444/wd/hub
Started
null
test_step_inputdemouser
test_step_inputdemouser1
test_step_click Login
test_step_click Variable Impact Report
presence
Assertion Passed: Expected element xpath /html/body/app-root/app-layout/section/app-impact/div[1]/app-page-header/div/div/ol/li[2] is present in current page. :Assertion Passed
presence
Assertion Passed: Expected element xpath /html/body/app-root/app-layout/section/app-impact/div[3]/div[3]/button is present in current page. :Assertion Passed
presence
Assertion Passed: Expected element xpath /html/body/app-root/app-layout/section/app-impact/div[1]/app-page-header/div/div/ol/li[1]/a is present in current page. :Assertion Passed
test_step_inputuser
test_step_click Search
presence
Assertion Passed: Expected element xpath /html/body/app-root/app-layout/section/app-impact/div[3]/div[8]/div/table/thead/tr/th[1] is present in current page. :Assertion Passed
test_step_click Log Out
[32m.[0m


1 spec, 0 failures
Finished in 20.863 seconds

[13:01:08] I/launcher - 0 instance(s) of WebDriver still running
[13:01:08] I/launcher - chrome #01 passed
