[13:06:49] I/launcher - Running 1 instances of WebDriver
[13:06:49] I/hosted - Using the selenium server at http://localhost:4444/wd/hub
Started
null
test_step_inputdemouser
test_step_inputdemouser1
test_step_click Login
test_step_click   Flow Diagrams
test_step_click Control Flow
test_step_click Call Chain
test_step_click All
test_step_click DATA_ACCESS_OBJECT
test_step_click HouseDAO.java
test_step_click Backward Call Chain
test_step_click Submit
test_step_click Control Flow
test_step_click Submit
presence
Assertion Passed: Expected element xpath /html/body/app-root/app-layout/section/app-controlflowapp/div[2]/div/div[2]/select/option[3] is present in current page. :Assertion Passed
presence
Assertion Passed: Expected element xpath /html/body/app-root/app-layout/section/app-controlflowapp/div[2]/div/div[4]/select/option[3] is present in current page. :Assertion Passed
presence
Assertion Passed: Expected element xpath /html/body/app-root/app-layout/section/app-controlflowapp/div[3]/div/div[2]/select/option[2] is present in current page. :Assertion Passed
[32m.[0m


1 spec, 0 failures
Finished in 30.584 seconds

[13:07:23] I/launcher - 0 instance(s) of WebDriver still running
[13:07:23] I/launcher - chrome #01 passed
