[09:38:08] I/launcher - Running 1 instances of WebDriver
[09:38:08] I/hosted - Using the selenium server at http://localhost:4444/wd/hub
Started
null
test_step_inputdemouser
test_step_inputdemouser1
test_step_click Login
test_step_click   X-Ref Report
Assertion Passed: Expected X-Ref Report for the Xpath/html/body/app-root/app-layout/section/app-x-ref-application/div[1]/app-page-header/div/div/ol/li[2] contain X-Ref Report. :Assertion Passed
presence
Assertion Passed: Expected element xpath /html/body/app-root/app-layout/section/app-x-ref-application/div[3]/div[2]/label is present in current page. :Assertion Passed
presence
Assertion Passed: Expected element xpath /html/body/app-root/app-layout/section/app-x-ref-application/div[3]/div[4]/button is present in current page. :Assertion Passed
presence
Assertion Passed: Expected element xpath /html/body/app-root/app-layout/section/app-x-ref-application/div[4]/div[1]/label is present in current page. :Assertion Passed
presence
Assertion Passed: Expected element xpath /html/body/app-root/app-layout/section/app-x-ref-application/div[4]/div[2]/input is present in current page. :Assertion Passed
presence
Assertion Passed: Expected element xpath /html/body/app-root/app-layout/section/app-x-ref-application/div[4]/div[3]/button is present in current page. :Assertion Passed
presence
Assertion Passed: Expected element xpath /html/body/app-root/app-layout/section/app-x-ref-application/div[4]/div[4]/button is present in current page. :Assertion Passed
presence
Assertion Passed: Expected element xpath /html/body/app-root/app-layout/section/app-x-ref-application/div[4]/div[7]/a/img is present in current page. :Assertion Passed
test_step_click Log Out
[32m.[0m


1 spec, 0 failures
Finished in 32.646 seconds

[09:38:44] I/launcher - 0 instance(s) of WebDriver still running
[09:38:44] I/launcher - chrome #01 passed
