[13:14:30] I/launcher - Running 1 instances of WebDriver
[13:14:30] I/hosted - Using the selenium server at http://localhost:4444/wd/hub
Started
null
test_step_inputdemouser
test_step_inputdemouser1
test_step_click Login
test_step_click Harvesting Reports
test_step_click Rule Harvesting report
test_step_click ANONYMOUS
test_step_click BookDetails.aspx.vb
test_step_click Label1
test_step_click Submit
test_step_click  btnAddToCart_Click 
Assertion Passed:  /html/body/ngb-modal-window/div/div/div[1]/div/button[1] is enabled. :Assertion Passed
test_step_click Show Code
presence
Assertion Failed: Expected element xpath/html/body/ngb-modal-window/div/div/div[1]/div/button[1] is present in current page. :Assertion Failed
[31mF[0m

Failures:
1) vbnet ruleharvest1
  Message:
[31m    Failed: This driver instance does not have a valid session ID (did you call WebDriver.quit()?) and may no longer be used.[0m
  Stack:
    NoSuchSessionError: This driver instance does not have a valid session ID (did you call WebDriver.quit()?) and may no longer be used.
        at C:\Users\SR00780448\AppData\Roaming\npm\node_modules\protractor\node_modules\selenium-webdriver\lib\webdriver.js:847:16
        at new ManagedPromise (C:\Users\SR00780448\AppData\Roaming\npm\node_modules\protractor\node_modules\selenium-webdriver\lib\promise.js:1077:7)
        at ControlFlow.promise (C:\Users\SR00780448\AppData\Roaming\npm\node_modules\protractor\node_modules\selenium-webdriver\lib\promise.js:2505:12)
        at C:\Users\SR00780448\AppData\Roaming\npm\node_modules\protractor\node_modules\selenium-webdriver\lib\webdriver.js:846:34
        at C:\Users\SR00780448\AppData\Roaming\npm\node_modules\protractor\node_modules\selenium-webdriver\lib\promise.js:1684:12
        at ManagedPromise.invokeCallback_ (C:\Users\SR00780448\AppData\Roaming\npm\node_modules\protractor\node_modules\selenium-webdriver\lib\promise.js:1376:14)
        at TaskQueue.execute_ (C:\Users\SR00780448\AppData\Roaming\npm\node_modules\protractor\node_modules\selenium-webdriver\lib\promise.js:3084:14)
        at TaskQueue.executeNext_ (C:\Users\SR00780448\AppData\Roaming\npm\node_modules\protractor\node_modules\selenium-webdriver\lib\promise.js:3067:27)
        at C:\Users\SR00780448\AppData\Roaming\npm\node_modules\protractor\node_modules\selenium-webdriver\lib\promise.js:2927:27
        at C:\Users\SR00780448\AppData\Roaming\npm\node_modules\protractor\node_modules\selenium-webdriver\lib\promise.js:668:7
    From: Task: WebDriver.findElements(By(xpath, /html/body/ngb-modal-window/div/div/div[1]/div/button[1]))
        at thenableWebDriverProxy.schedule (C:\Users\SR00780448\AppData\Roaming\npm\node_modules\protractor\node_modules\selenium-webdriver\lib\webdriver.js:807:17)
        at thenableWebDriverProxy.findElements (C:\Users\SR00780448\AppData\Roaming\npm\node_modules\protractor\node_modules\selenium-webdriver\lib\webdriver.js:1048:19)
        at C:\Users\SR00780448\AppData\Roaming\npm\node_modules\protractor\built\element.js:159:44
        at ManagedPromise.invokeCallback_ (C:\Users\SR00780448\AppData\Roaming\npm\node_modules\protractor\node_modules\selenium-webdriver\lib\promise.js:1376:14)
        at TaskQueue.execute_ (C:\Users\SR00780448\AppData\Roaming\npm\node_modules\protractor\node_modules\selenium-webdriver\lib\promise.js:3084:14)
        at TaskQueue.executeNext_ (C:\Users\SR00780448\AppData\Roaming\npm\node_modules\protractor\node_modules\selenium-webdriver\lib\promise.js:3067:27)
        at C:\Users\SR00780448\AppData\Roaming\npm\node_modules\protractor\node_modules\selenium-webdriver\lib\promise.js:2927:27
        at C:\Users\SR00780448\AppData\Roaming\npm\node_modules\protractor\node_modules\selenium-webdriver\lib\promise.js:668:7
        at runMicrotasks (<anonymous>)
        at processTicksAndRejections (internal/process/task_queues.js:95:5)
    From: Task: Run it("ruleharvest1") in control flow
        at UserContext.<anonymous> (C:\Users\SR00780448\AppData\Roaming\npm\node_modules\protractor\node_modules\jasminewd2\index.js:94:19)
    From asynchronous test: 
    Error
        at Suite.<anonymous> (D:\iTAP\recorded_scenarios\vbnet\ruleharvest1\spec.js:8:21)
        at Object.<anonymous> (D:\iTAP\recorded_scenarios\vbnet\ruleharvest1\spec.js:7:15)
        at Module._compile (internal/modules/cjs/loader.js:1085:14)
        at Object.Module._extensions..js (internal/modules/cjs/loader.js:1114:10)
        at Module.load (internal/modules/cjs/loader.js:950:32)
        at Function.Module._load (internal/modules/cjs/loader.js:790:14)
  Message:
[31m    NoSuchSessionError: This driver instance does not have a valid session ID (did you call WebDriver.quit()?) and may no longer be used.[0m
  Stack:
    NoSuchSessionError: This driver instance does not have a valid session ID (did you call WebDriver.quit()?) and may no longer be used.
        at C:\Users\SR00780448\AppData\Roaming\npm\node_modules\protractor\node_modules\selenium-webdriver\lib\webdriver.js:847:16
        at new ManagedPromise (C:\Users\SR00780448\AppData\Roaming\npm\node_modules\protractor\node_modules\selenium-webdriver\lib\promise.js:1077:7)
        at ControlFlow.promise (C:\Users\SR00780448\AppData\Roaming\npm\node_modules\protractor\node_modules\selenium-webdriver\lib\promise.js:2505:12)
        at C:\Users\SR00780448\AppData\Roaming\npm\node_modules\protractor\node_modules\selenium-webdriver\lib\webdriver.js:846:34
        at C:\Users\SR00780448\AppData\Roaming\npm\node_modules\protractor\node_modules\selenium-webdriver\lib\promise.js:1684:12
        at ManagedPromise.invokeCallback_ (C:\Users\SR00780448\AppData\Roaming\npm\node_modules\protractor\node_modules\selenium-webdriver\lib\promise.js:1376:14)
        at TaskQueue.execute_ (C:\Users\SR00780448\AppData\Roaming\npm\node_modules\protractor\node_modules\selenium-webdriver\lib\promise.js:3084:14)
        at TaskQueue.executeNext_ (C:\Users\SR00780448\AppData\Roaming\npm\node_modules\protractor\node_modules\selenium-webdriver\lib\promise.js:3067:27)
        at C:\Users\SR00780448\AppData\Roaming\npm\node_modules\protractor\node_modules\selenium-webdriver\lib\promise.js:2927:27
        at C:\Users\SR00780448\AppData\Roaming\npm\node_modules\protractor\node_modules\selenium-webdriver\lib\promise.js:668:7
    From: Task: WebDriver.findElements(By(xpath, /html/body/ngb-modal-window/div/div/div[1]/div/button[1]))
        at thenableWebDriverProxy.schedule (C:\Users\SR00780448\AppData\Roaming\npm\node_modules\protractor\node_modules\selenium-webdriver\lib\webdriver.js:807:17)
        at thenableWebDriverProxy.findElements (C:\Users\SR00780448\AppData\Roaming\npm\node_modules\protractor\node_modules\selenium-webdriver\lib\webdriver.js:1048:19)
        at C:\Users\SR00780448\AppData\Roaming\npm\node_modules\protractor\built\element.js:159:44
        at ManagedPromise.invokeCallback_ (C:\Users\SR00780448\AppData\Roaming\npm\node_modules\protractor\node_modules\selenium-webdriver\lib\promise.js:1376:14)
        at TaskQueue.execute_ (C:\Users\SR00780448\AppData\Roaming\npm\node_modules\protractor\node_modules\selenium-webdriver\lib\promise.js:3084:14)
        at TaskQueue.executeNext_ (C:\Users\SR00780448\AppData\Roaming\npm\node_modules\protractor\node_modules\selenium-webdriver\lib\promise.js:3067:27)
        at C:\Users\SR00780448\AppData\Roaming\npm\node_modules\protractor\node_modules\selenium-webdriver\lib\promise.js:2927:27
        at C:\Users\SR00780448\AppData\Roaming\npm\node_modules\protractor\node_modules\selenium-webdriver\lib\promise.js:668:7
        at runMicrotasks (<anonymous>)
        at processTicksAndRejections (internal/process/task_queues.js:95:5)
    From: Task: Run it("ruleharvest1") in control flow
        at UserContext.<anonymous> (C:\Users\SR00780448\AppData\Roaming\npm\node_modules\protractor\node_modules\jasminewd2\index.js:94:19)
    From asynchronous test: 
    Error
        at Suite.<anonymous> (D:\iTAP\recorded_scenarios\vbnet\ruleharvest1\spec.js:8:21)
        at Object.<anonymous> (D:\iTAP\recorded_scenarios\vbnet\ruleharvest1\spec.js:7:15)
        at Module._compile (internal/modules/cjs/loader.js:1085:14)
        at Object.Module._extensions..js (internal/modules/cjs/loader.js:1114:10)
        at Module.load (internal/modules/cjs/loader.js:950:32)
        at Function.Module._load (internal/modules/cjs/loader.js:790:14)
    From: Task: WebDriver.takeScreenshot()
        at thenableWebDriverProxy.schedule (C:\Users\SR00780448\AppData\Roaming\npm\node_modules\protractor\node_modules\selenium-webdriver\lib\webdriver.js:807:17)
        at thenableWebDriverProxy.takeScreenshot (C:\Users\SR00780448\AppData\Roaming\npm\node_modules\protractor\node_modules\selenium-webdriver\lib\webdriver.js:1085:17)
        at run (C:\Users\SR00780448\AppData\Roaming\npm\node_modules\protractor\built\browser.js:58:33)
        at ProtractorBrowser.to.<computed> [as takeScreenshot] (C:\Users\SR00780448\AppData\Roaming\npm\node_modules\protractor\built\browser.js:66:16)
        at UserContext.<anonymous> (D:\iTAP\recorded_scenarios\vbnet\ruleharvest1\conf.js:30:14)

1 spec, 1 failure
Finished in 20.621 seconds

[31mAn error was thrown in an afterAll[0m
[31mAfterAll NoSuchSessionError: This driver instance does not have a valid session ID (did you call WebDriver.quit()?) and may no longer be used.[0m
[13:14:54] I/launcher - 0 instance(s) of WebDriver still running
[13:14:54] I/launcher - chrome #01 failed 1 test(s)
[13:14:54] I/launcher - overall: 1 failed spec(s)
[13:14:54] E/launcher - Process exited with error code 1
