[14:04:16] I/launcher - Running 1 instances of WebDriver
[14:04:16] I/hosted - Using the selenium server at http://localhost:4444/wd/hub
Started
null
test_step_inputdemouser
test_step_inputdemouser1
test_step_click Login
test_step_click Master Inventory
test_step_click All
test_step_click Submit
presence
Assertion Passed: Expected element xpath /html/body/app-root/app-layout/section/app-masterinvapp/div[3]/div[3]/select/option[2] is present in current page. :Assertion Passed
Assertion Passed: Expected Showing 1 to 10 of 30 entries for the Xpath/html/body/app-root/app-layout/section/app-masterinvapp/div[4]/div/div/div/div[4] contain 30. :Assertion Passed
test_step_click BOOKING
test_step_click Submit
presence
Assertion Passed: Expected element xpath /html/body/app-root/app-layout/section/app-masterinvapp/div[3]/div[3]/select/option[3] is present in current page. :Assertion Passed
Assertion Passed: Expected Showing 1 to 2 of 2 entries for the Xpath/html/body/app-root/app-layout/section/app-masterinvapp/div[4]/div/div/div/div[4] contain 2. :Assertion Passed
test_step_click Log Out
[32m.[0m


1 spec, 0 failures
Finished in 22.431 seconds

[14:04:41] I/launcher - 0 instance(s) of WebDriver still running
[14:04:41] I/launcher - chrome #01 passed
