[10:20:32] I/launcher - Running 1 instances of WebDriver
[10:20:32] I/hosted - Using the selenium server at http://localhost:4444/wd/hub
Started
null
test_step_inputadmin
test_step_inputadmin1
test_step_click Login
test_step_click Business Rule Extraction
test_step_click Rules report
test_step_click ACCOUNTS PAYABLE
test_step_click AP540P00.cbl
test_step_click Submit
presence
Assertion Passed: Expected element xpath /html/body/app-root/app-layout/section/app-bre/div[5]/div[6]/button is present in current page. :Assertion Passed
test_step_click Log Out
[32m.[0m


1 spec, 0 failures
Finished in 25.616 seconds

[10:21:04] I/launcher - 0 instance(s) of WebDriver still running
[10:21:04] I/launcher - chrome #01 passed
