[13:12:16] I/launcher - Running 1 instances of WebDriver
[13:12:16] I/hosted - Using the selenium server at http://localhost:4444/wd/hub
Started
null
test_step_inputadmin
test_step_inputadmin1
test_step_click Login
test_step_click Master Inventory
test_step_click All
test_step_click   Spider
Assertion Passed: Expected --Select Application--
All
Miscellaneous
Model Management
Record Management for the Xpath/html/body/app-root/app-layout/section/app-spiderfilterapp/div[2]/div/div[2]/select contain All. :Assertion Passed
[32m.[0m


1 spec, 0 failures
Finished in 26.76 seconds

[13:12:49] I/launcher - 0 instance(s) of WebDriver still running
[13:12:49] I/launcher - chrome #01 passed
