[15:38:12] I/launcher - Running 1 instances of WebDriver
[15:38:12] I/hosted - Using the selenium server at http://localhost:4444/wd/hub
Started
null
test_step_inputdemouser
test_step_inputdemouser1
test_step_click Login
test_step_click   Spider
presence
Assertion Passed: Expected element xpath /html/body/app-root/app-layout/section/app-spiderfilterapp/div[1]/app-page-header/div/div/ol/li[2] is present in current page. :Assertion Passed
presence
Assertion Passed: Expected element xpath /html/body/app-root/app-layout/section/app-spiderfilterapp/div[1]/app-page-header/div/div/ol/li[1]/a is present in current page. :Assertion Passed
presence
Assertion Passed: Expected element xpath /html/body/app-root/app-layout/section/app-spiderfilterapp/div[3]/div/div[1]/label is present in current page. :Assertion Passed
presence
Assertion Passed: Expected element xpath /html/body/app-root/app-layout/section/app-spiderfilterapp/div[3]/div/div[3]/label is present in current page. :Assertion Passed
presence
Assertion Passed: Expected element xpath /html/body/app-root/app-layout/section/app-spiderfilterapp/div[2]/div/div[3]/label is present in current page. :Assertion Passed
test_step_click All
test_step_click CODEBEHIND
test_step_click About.aspx.vb
test_step_click All
Assertion Passed:  /html/body/app-root/app-layout/section/app-spiderfilterapp/div[3]/div/div[5]/button is enabled. :Assertion Passed
test_step_click Submit
test_step_click Log Out
[32m.[0m


1 spec, 0 failures
Finished in 30.427 seconds

[15:38:47] I/launcher - 0 instance(s) of WebDriver still running
[15:38:47] I/launcher - chrome #01 passed
