[15:30:56] I/launcher - Running 1 instances of WebDriver
[15:30:56] I/hosted - Using the selenium server at http://localhost:4444/wd/hub
Started
null
test_step_inputadmin
test_step_inputadmin1
test_step_click Login
test_step_click Harvesting Reports
test_step_click Screenfield Harvesting report
test_step_click No data available in table
presence
Assertion Passed: Expected element xpath /html/body/app-root/app-layout/section/app-cicsscreen-app/div[4]/div[2]/select/option[1] is present in current page. :Assertion Passed
presence
Assertion Passed: Expected element xpath /html/body/app-root/app-layout/section/app-cicsscreen-app/div[4]/div[4]/select/option is present in current page. :Assertion Passed
presence
Assertion Passed: Expected element xpath /html/body/app-root/app-layout/section/app-cicsscreen-app/div[5]/div[1]/div/div/div[3]/div[2]/table/tbody/tr/td is present in current page. :Assertion Passed
[32m.[0m


1 spec, 0 failures
Finished in 27.207 seconds

[15:31:30] I/launcher - 0 instance(s) of WebDriver still running
[15:31:30] I/launcher - chrome #01 passed
