[11:50:49] I/launcher - Running 1 instances of WebDriver
[11:50:49] I/hosted - Using the selenium server at http://localhost:4444/wd/hub
Started
null
test_step_inputadmin
test_step_inputadmin1
test_step_click Login
test_step_click Master Inventory
test_step_click All
test_step_click Submit
presence
xpath in same page
assert Master Inventory
Master Inventory
Assertion Passed: Expected Master Inventory Report for the Xpath/html/body/app-root/app-layout/section/app-masterinvapp/div[1]/app-page-header/div/div/ol/li[2] contain  Master Inventory . :Assertion Passed
Assertion Passed: Expected Showing 1 to 10 of 49 entries for the Xpath/html/body/app-root/app-layout/section/app-masterinvapp/div[4]/div/div/div/div[4] contain Showing 1 to 10 of 49 entries. :Assertion Passed
test_step_click Miscellaneous
test_step_click Submit
Assertion Passed: Expected Showing 1 to 6 of 6 entries for the Xpath/html/body/app-root/app-layout/section/app-masterinvapp/div[4]/div/div/div/div[4] is equal toShowing 1 to 6 of 6 entries. :Assertion Passed
test_step_click Log Out
[32m.[0m


1 spec, 0 failures
Finished in 35.186 seconds

[11:51:31] I/launcher - 0 instance(s) of WebDriver still running
[11:51:31] I/launcher - chrome #01 passed
