[15:29:30] I/launcher - Running 1 instances of WebDriver
[15:29:30] I/hosted - Using the selenium server at http://localhost:4444/wd/hub
Started
null
test_step_inputadmin
test_step_inputadmin1
test_step_click Login
test_step_click 49
[31mF[0m

Failures:
1) Natural DashboardComponentValueCheck
  Message:
[31m    Failed: Cannot read properties of undefined (reading 'indexOf')[0m
  Stack:
    TypeError: Cannot read properties of undefined (reading 'indexOf')
        at D:\iTAP\Recorded_Scenarios\Natural\DashboardComponentValueCheck\spec.js:169:12
        at ManagedPromise.invokeCallback_ (C:\Users\es00780451\AppData\Roaming\npm\node_modules\protractor\node_modules\selenium-webdriver\lib\promise.js:1376:14)
        at TaskQueue.execute_ (C:\Users\es00780451\AppData\Roaming\npm\node_modules\protractor\node_modules\selenium-webdriver\lib\promise.js:3084:14)
        at TaskQueue.executeNext_ (C:\Users\es00780451\AppData\Roaming\npm\node_modules\protractor\node_modules\selenium-webdriver\lib\promise.js:3067:27)
        at C:\Users\es00780451\AppData\Roaming\npm\node_modules\protractor\node_modules\selenium-webdriver\lib\promise.js:2927:27
        at C:\Users\es00780451\AppData\Roaming\npm\node_modules\protractor\node_modules\selenium-webdriver\lib\promise.js:668:7
        at processTicksAndRejections (node:internal/process/task_queues:96:5)
    From: Task: Run it("DashboardComponentValueCheck") in control flow
        at UserContext.<anonymous> (C:\Users\es00780451\AppData\Roaming\npm\node_modules\protractor\node_modules\jasminewd2\index.js:94:19)
    From asynchronous test: 
    Error
        at Suite.<anonymous> (D:\iTAP\Recorded_Scenarios\Natural\DashboardComponentValueCheck\spec.js:8:21)
        at Object.<anonymous> (D:\iTAP\Recorded_Scenarios\Natural\DashboardComponentValueCheck\spec.js:7:15)
        at Module._compile (node:internal/modules/cjs/loader:1103:14)
        at Object.Module._extensions..js (node:internal/modules/cjs/loader:1155:10)
        at Module.load (node:internal/modules/cjs/loader:981:32)
        at Function.Module._load (node:internal/modules/cjs/loader:822:12)

1 spec, 1 failure
Finished in 20.169 seconds

[15:29:56] I/launcher - 0 instance(s) of WebDriver still running
[15:29:56] I/launcher - chrome #01 failed 1 test(s)
[15:29:56] I/launcher - overall: 1 failed spec(s)
[15:29:56] E/launcher - Process exited with error code 1
