[14:05:24] I/launcher - Running 1 instances of WebDriver
[14:05:24] I/hosted - Using the selenium server at http://localhost:4444/wd/hub
Started
null
test_step_inputdemouser
test_step_inputdemouser1
test_step_click Login
[14:05:38] W/element - more than one element found for locator By(xpath,  //a[@href="/vb6/CRUD"]) - the first result will be used
[14:05:38] W/element - more than one element found for locator By(xpath,  //a[@href="/vb6/CRUD"]) - the first result will be used
[14:05:38] W/element - more than one element found for locator By(xpath,  //a[@href="/vb6/CRUD"]) - the first result will be used
test_step_click   CRUD
[14:05:38] W/element - more than one element found for locator By(xpath,  //a[@href="/vb6/CRUD"]) - the first result will be used
[14:05:38] W/element - more than one element found for locator By(xpath,  //a[@href="/vb6/CRUD"]) - the first result will be used
test_step_click All
test_step_click Submit
Assertion Passed: Expected CRUD Reports for the Xpath/html/body/app-root/app-layout/section/app-formapp/div[1]/app-page-header/div/div/ol/li[2] contain CRUD Reports. :Assertion Passed
presence
Assertion Passed: Expected element xpath /html/body/app-root/app-layout/section/app-formapp/div[4]/div/div/div/div[1]/label is present in current page. :Assertion Passed
presence
Assertion Passed: Expected element xpath /html/body/app-root/app-layout/section/app-formapp/div[4]/div/div/div/div[2]/label is present in current page. :Assertion Passed
presence
Assertion Passed: Expected element xpath /html/body/app-root/app-layout/section/app-formapp/div[4]/div/div/a/img is present in current page. :Assertion Passed
Assertion Passed: Expected COMPONENT_NAME for the Xpath/html/body/app-root/app-layout/section/app-formapp/div[4]/div/div/div/div[3]/div[1]/div/table/thead/tr/th[1] is equal toCOMPONENT_NAME. :Assertion Passed
Assertion Passed: Expected COMPONENT_TYPE for the Xpath/html/body/app-root/app-layout/section/app-formapp/div[4]/div/div/div/div[3]/div[1]/div/table/thead/tr/th[2] is equal toCOMPONENT_TYPE. :Assertion Passed
Assertion Passed: Expected TABLE for the Xpath/html/body/app-root/app-layout/section/app-formapp/div[4]/div/div/div/div[3]/div[1]/div/table/thead/tr/th[3] is equal toTABLE. :Assertion Passed
Assertion Passed: Expected CRUD for the Xpath/html/body/app-root/app-layout/section/app-formapp/div[4]/div/div/div/div[3]/div[1]/div/table/thead/tr/th[4] is equal toCRUD. :Assertion Passed
Assertion Passed: Expected SQL for the Xpath/html/body/app-root/app-layout/section/app-formapp/div[4]/div/div/div/div[3]/div[1]/div/table/thead/tr/th[5] is equal toSQL. :Assertion Passed
Assertion Passed: Expected CALLING_APP_NAME for the Xpath/html/body/app-root/app-layout/section/app-formapp/div[4]/div/div/div/div[3]/div[1]/div/table/thead/tr/th[6] is equal toCALLING_APP_NAME. :Assertion Passed
Assertion Passed: Expected Showing 1 to 10 of 111 entries for the Xpath/html/body/app-root/app-layout/section/app-formapp/div[4]/div/div/div/div[4] contain Showing 1 to 10 of 111 entries. :Assertion Passed
test_step_click Log Out
[32m.[0m


1 spec, 0 failures
Finished in 15.942 seconds

[14:05:43] I/launcher - 0 instance(s) of WebDriver still running
[14:05:43] I/launcher - chrome #01 passed
