[15:50:47] I/launcher - Running 1 instances of WebDriver
[15:50:47] I/hosted - Using the selenium server at http://localhost:4444/wd/hub
Started
null
test_step_inputdemouser
test_step_inputdemouser1
test_step_click Login
test_step_click 
test_step_click Call Chain
presence
Assertion Passed: Expected element xpath /html/body/app-root/app-layout/section/app-callchainapp/div[1]/app-page-header/div/div/ol/li[2] is present in current page. :Assertion Passed
presence
Assertion Passed: Expected element xpath /html/body/app-root/app-layout/section/app-callchainapp/div[1]/app-page-header/div/div/ol/li[1]/a is present in current page. :Assertion Passed
presence
Assertion Passed: Expected element xpath /html/body/app-root/app-layout/section/app-callchainapp/div[2]/div/div[1]/label is present in current page. :Assertion Passed
presence
Assertion Passed: Expected element xpath /html/body/app-root/app-layout/section/app-callchainapp/div[3]/div/div[1]/label is present in current page. :Assertion Passed
presence
Assertion Passed: Expected element xpath /html/body/app-root/app-layout/section/app-callchainapp/div[3]/div/div[3]/label is present in current page. :Assertion Passed
presence
Assertion Passed: Expected element xpath /html/body/app-root/app-layout/section/app-callchainapp/div[2]/div/div[3]/label is present in current page. :Assertion Passed
test_step_click All
test_step_click CODEBEHIND
test_step_click About.aspx.vb
test_step_click Backward Call Chain
Assertion Passed:  /html/body/app-root/app-layout/section/app-callchainapp/div[3]/div/div[5]/button is enabled. :Assertion Passed
test_step_click Submit
presence
Assertion Passed: Expected element xpath /html/body/app-root/app-layout/section/app-callchainapp/div[3]/div/div[6]/button is present in current page. :Assertion Passed
test_step_click Log Out
[32m.[0m


1 spec, 0 failures
Finished in 39.076 seconds

[15:51:31] I/launcher - 0 instance(s) of WebDriver still running
[15:51:31] I/launcher - chrome #01 passed
