[12:27:44] I/launcher - Running 1 instances of WebDriver
[12:27:44] I/hosted - Using the selenium server at http://localhost:4444/wd/hub
Started
null
test_step_inputadmin
test_step_inputadmin1
test_step_click Login
test_step_click X-Ref Report
test_step_click All
test_step_click Submit
Assertion Passed: Expected Total no of records: 280 for the Xpath/html/body/app-root/app-layout/section/app-x-ref-application/div[4]/div[5]/label is equal toTotal no of records: 280. :Assertion Passed
test_step_click ACCOUNTS PAYABLE
test_step_click Submit
Assertion Passed: Expected Total no of records: 155 for the Xpath/html/body/app-root/app-layout/section/app-x-ref-application/div[4]/div[5]/label is equal toTotal no of records: 155. :Assertion Passed
test_step_click ACCOUNTS RECEIVABLE
test_step_click Submit
Assertion Passed: Expected Total no of records: 9 for the Xpath/html/body/app-root/app-layout/section/app-x-ref-application/div[4]/div[5]/label is equal toTotal no of records: 9. :Assertion Passed
test_step_click Log Out
[32m.[0m


1 spec, 0 failures
Finished in 31.366 seconds

[12:28:22] I/launcher - 0 instance(s) of WebDriver still running
[12:28:22] I/launcher - chrome #01 passed
